Command line parameters: 
ports /home/berit//git/LINERLIB/data/ports.csv demands /home/berit//git/LINERLIB/data/Demand_Pacific.csv distances /home/berit//git/LINERLIB/data/dist_dense.csv vessels /home/berit//git/LINERLIB/data/fleet_Pacific.csv quantities /home/berit//git/LINERLIB/data/fleet_data.csv
Seed = 1442247295
*********************Best found solution********************************
service 0 service id 0
capacity 450
 # vessels 6
19	JPUKB	Kobe
2	KRPUS	Busan
17	TWKHH	Kaohsiung
14	HKHKG	Hong Kong
25	PHMNL	Manila
40	MYTPP	Tanjung Pelepas
16	IDJKT	Jakarta
9	PHGES	General Santos City
45	JPYOK	Yokohama

 speed 10.3965
 voyage distance nautical miles 8234
 voyage duration in weeks 6
 Port call cost 71325
 Bunker idle burn in Ton 21.6
 Bunker fuel burn in Ton 403.446
 Total bunker cost at 600 USD for one round trip 255027
 Total TC cost 210000
service 1 service id 1
capacity 450
 # vessels 4
20	THLCH	Laem Chabang
40	MYTPP	Tanjung Pelepas
31	MYPKG	Port Klang
13	VNSGN	Saigon
11	VNHPH	Haiphong
16	IDJKT	Jakarta

 speed 10.9621
 voyage distance nautical miles 5788
 voyage duration in weeks 4
 Port call cost 30918
 Bunker idle burn in Ton 14.4
 Bunker fuel burn in Ton 315.298
 Total bunker cost at 600 USD for one round trip 197819
 Total TC cost 140000
service 2 service id 2
capacity 800
 # vessels 5
 Butterfly rotation 
39	IDSUB	Surabaya
4	VNDAD	Da Nang
14	HKHKG	Hong Kong
18	TWKEL	Keelung
17	TWKHH	Kaohsiung
25	PHMNL	Manila
20	THLCH	Laem Chabang
40	MYTPP	Tanjung Pelepas
30	MYPEN	Penang
37	SGSIN	Singapore
40	MYTPP	Tanjung Pelepas
34	IDSRG	Semarang

 speed 13.7772
 voyage distance nautical miles 7605
 voyage duration in weeks 5
 Port call cost 85554
 Bunker idle burn in Ton 30
 Bunker fuel burn in Ton 519.484
 Total bunker cost at 600 USD for one round trip 329691
 Total TC cost 280000
service 3 service id 3
capacity 800
 # vessels 10
28	USOAK	Oakland
42	CAVAN	Vancouver
33	USSEA	Seattle
6	USDUT	Dutch Harbor
2	KRPUS	Busan
19	JPUKB	Kobe
15	USHNL	Honolulu
21	MXLZC	Lazaro Cardenas
3	NICIO	Corinto
26	PAMIT	Manzanillo
1	PABLB	Balboa
0	SVAQJ	Acajutla

 speed 13.6516
 voyage distance nautical miles 19003
 voyage duration in weeks 10
Panama canal traversed 2
 Port call cost 128472
 Bunker idle burn in Ton 30
 Bunker fuel burn in Ton 1274.5
 Total bunker cost at 600 USD for one round trip 782702
 Total TC cost 560000
 Canal Cost 230400
service 4 service id 4
capacity 800
 # vessels 2
44	CNYTN	Shenzhen
14	HKHKG	Hong Kong
25	PHMNL	Manila
17	TWKHH	Kaohsiung
11	VNHPH	Haiphong

 speed 12.3796
 voyage distance nautical miles 2674
 voyage duration in weeks 2
 Port call cost 41697
 Bunker idle burn in Ton 12.5
 Bunker fuel burn in Ton 147.479
 Total bunker cost at 600 USD for one round trip 95987.3
 Total TC cost 112000
service 5 service id 5
capacity 1200
 # vessels 10
 Butterfly rotation 
22	CNLYG	Lianyungang
5	CNDLC	Dalian
33	USSEA	Seattle
24	USLAX	Los Angeles
32	CNTAO	Qingdao
24	USLAX	Los Angeles
27	JPNGO	Nagoya
17	TWKHH	Kaohsiung
35	CNSHA	Shanghai

 speed 17.3169
 voyage distance nautical miles 25352
 voyage duration in weeks 10
 Port call cost 124651
 Bunker idle burn in Ton 36
 Bunker fuel burn in Ton 2851.58
 Total bunker cost at 600 USD for one round trip 1.73255e+06
 Total TC cost 770000
service 6 service id 6
capacity 1200
 # vessels 6
24	USLAX	Los Angeles
5	CNDLC	Dalian
17	TWKHH	Kaohsiung
45	JPYOK	Yokohama
42	CAVAN	Vancouver
28	USOAK	Oakland

 speed 15.7326
 voyage distance nautical miles 13593
 voyage duration in weeks 6
 Port call cost 72981
 Bunker idle burn in Ton 24
 Bunker fuel burn in Ton 1261.97
 Total bunker cost at 600 USD for one round trip 771582
 Total TC cost 462000
service 7 service id 7
capacity 1200
 # vessels 4
 Butterfly rotation 
17	TWKHH	Kaohsiung
14	HKHKG	Hong Kong
37	SGSIN	Singapore
31	MYPKG	Port Klang
40	MYTPP	Tanjung Pelepas
14	HKHKG	Hong Kong
43	CNXMN	Xiamen
2	KRPUS	Busan
12	JPHKT	Hakata

 speed 13.5241
 voyage distance nautical miles 6167
 voyage duration in weeks 4
 Port call cost 72517
 Bunker idle burn in Ton 36
 Bunker fuel burn in Ton 423.08
 Total bunker cost at 600 USD for one round trip 275448
 Total TC cost 308000
service 8 service id 8
capacity 1200
 # vessels 2
44	CNYTN	Shenzhen
17	TWKHH	Kaohsiung
40	MYTPP	Tanjung Pelepas

 speed 13.3598
 voyage distance nautical miles 3527
 voyage duration in weeks 2
 Port call cost 23443
 Bunker idle burn in Ton 12
 Bunker fuel burn in Ton 236.123
 Total bunker cost at 600 USD for one round trip 148874
 Total TC cost 154000
service 9 service id 9
capacity 2400
 # vessels 8
2	KRPUS	Busan
42	CAVAN	Vancouver
33	USSEA	Seattle
24	USLAX	Los Angeles
45	JPYOK	Yokohama
17	TWKHH	Kaohsiung
40	MYTPP	Tanjung Pelepas
44	CNYTN	Shenzhen

 speed 14.2622
 voyage distance nautical miles 16430
 voyage duration in weeks 8
 Port call cost 135111
 Bunker idle burn in Ton 42.4
 Bunker fuel burn in Ton 1951.41
 Total bunker cost at 600 USD for one round trip 1.19629e+06
 Total TC cost 1.176e+06
service 10 service id 10
capacity 2400
 # vessels 9
14	HKHKG	Hong Kong
40	MYTPP	Tanjung Pelepas
45	JPYOK	Yokohama
1	PABLB	Balboa
17	TWKHH	Kaohsiung

 speed 15.3951
 voyage distance nautical miles 21430
 voyage duration in weeks 9
 Port call cost 71665
 Bunker idle burn in Ton 26.5
 Bunker fuel burn in Ton 2965.71
 Total bunker cost at 600 USD for one round trip 1.79533e+06
 Total TC cost 1.323e+06
service 11 service id 11
capacity 2400
 # vessels 10
43	CNXMN	Xiamen
44	CNYTN	Shenzhen
40	MYTPP	Tanjung Pelepas
32	CNTAO	Qingdao
5	CNDLC	Dalian
2	KRPUS	Busan
23	USLGB	Long Beach
24	USLAX	Los Angeles
1	PABLB	Balboa
35	CNSHA	Shanghai

 speed 15.6347
 voyage distance nautical miles 22514
 voyage duration in weeks 10
 Port call cost 170949
 Bunker idle burn in Ton 53
 Bunker fuel burn in Ton 3213.47
 Total bunker cost at 600 USD for one round trip 1.95988e+06
 Total TC cost 1.47e+06
service 12 service id 12
capacity 2400
 # vessels 10
32	CNTAO	Qingdao
35	CNSHA	Shanghai
14	HKHKG	Hong Kong
44	CNYTN	Shenzhen
37	SGSIN	Singapore
40	MYTPP	Tanjung Pelepas
43	CNXMN	Xiamen
1	PABLB	Balboa
21	MXLZC	Lazaro Cardenas
2	KRPUS	Busan

 speed 15.309
 voyage distance nautical miles 22045
 voyage duration in weeks 10
 Port call cost 155691
 Bunker idle burn in Ton 53
 Bunker fuel burn in Ton 3016.8
 Total bunker cost at 600 USD for one round trip 1.84188e+06
 Total TC cost 1.47e+06
service 13 service id 13
capacity 800
 # vessels 1
20	THLCH	Laem Chabang
40	MYTPP	Tanjung Pelepas

 speed 13.1833
 voyage distance nautical miles 1582
 voyage duration in weeks 1
 Port call cost 10091
 Bunker idle burn in Ton 5
 Bunker fuel burn in Ton 98.9487
 Total bunker cost at 600 USD for one round trip 62369.2
 Total TC cost 56000
service 14 service id 14
capacity 2400
 # vessels 5
2	KRPUS	Busan
41	JPTYO	Tokyo
45	JPYOK	Yokohama
24	USLAX	Los Angeles
17	TWKHH	Kaohsiung
14	HKHKG	Hong Kong
8	CNFOC	Fuzhou

 speed 19.7485
 voyage distance nautical miles 13271
 voyage duration in weeks 5
 Port call cost 106653
 Bunker idle burn in Ton 37.1
 Bunker fuel burn in Ton 3022.13
 Total bunker cost at 600 USD for one round trip 1.83554e+06
 Total TC cost 735000
service 15 service id 15
capacity 450
 # vessels 1
13	VNSGN	Saigon
40	MYTPP	Tanjung Pelepas

 speed 11.35
 voyage distance nautical miles 1362
 voyage duration in weeks 1
 Port call cost 10559
 Bunker idle burn in Ton 4.8
 Bunker fuel burn in Ton 79.5375
 Total bunker cost at 600 USD for one round trip 50602.5
 Total TC cost 35000
service 16 service id 16
capacity 800
 # vessels 1
45	JPYOK	Yokohama
36	JPSMZ	Shimizu
2	KRPUS	Busan

 speed 14.4688
 voyage distance nautical miles 1389
 voyage duration in weeks 1
 Port call cost 51502
 Bunker idle burn in Ton 7.5
 Bunker fuel burn in Ton 104.645
 Total bunker cost at 600 USD for one round trip 67286.8
 Total TC cost 56000
service 17 service id 17
capacity 800
 # vessels 5
14	HKHKG	Hong Kong
2	KRPUS	Busan
32	CNTAO	Qingdao
35	CNSHA	Shanghai
43	CNXMN	Xiamen
40	MYTPP	Tanjung Pelepas
37	SGSIN	Singapore
20	THLCH	Laem Chabang

 speed 10.2824
 voyage distance nautical miles 6663
 voyage duration in weeks 5
 Port call cost 59987
 Bunker idle burn in Ton 20
 Bunker fuel burn in Ton 253.52
 Total bunker cost at 600 USD for one round trip 164112
 Total TC cost 280000
 ------------------Flow Solution ---------------------- 
ID:1 SVAQJ->KRPUS Transported 5, trans in %: 100
 Path SVAQJ_3->KRPUS_3
ID:2 SVAQJ->HKHKG Transported 4, trans in %: 100
 Path SVAQJ_3->KRPUS_3
KRPUS_12->HKHKG_12
ID:3 SVAQJ->TWKHH Transported 15, trans in %: 100
 Path SVAQJ_3->KRPUS_3
KRPUS_0->TWKHH_0
ID:7 SVAQJ->JPYOK Transported 1, trans in %: 100
 Path SVAQJ_3->KRPUS_3
KRPUS_16->JPYOK_16
ID:8 PABLB->SVAQJ Transported 20, trans in %: 100
 Path PABLB_3->SVAQJ_3
ID:9 PABLB->KRPUS Transported 100, trans in %: 100
 Path PABLB_12->KRPUS_12
ID:13 PABLB->VNHPH Transported 20, trans in %: 100
 Path PABLB_10->TWKHH_10
TWKHH_4->VNHPH_4
ID:16 PABLB->HKHKG Transported 189.333, trans in %: 69.6078
 Path PABLB_10->HKHKG_10
ID:18 PABLB->TWKHH Transported 188, trans in %: 100
 Path PABLB_10->TWKHH_10
ID:19 PABLB->JPUKB Transported 10, trans in %: 100
 Path PABLB_3->JPUKB_3
ID:20 PABLB->THLCH Transported 53, trans in %: 100
 Path PABLB_10->TWKHH_10
TWKHH_2->THLCH_2
ID:21 PABLB->MXLZC Transported 23, trans in %: 100
 Path PABLB_12->MXLZC_12
ID:24 PABLB->PHMNL Transported 30, trans in %: 100
 Path PABLB_10->TWKHH_10
TWKHH_2->PHMNL_2
ID:26 PABLB->MYPKG Transported 5, trans in %: 100
 Path PABLB_10->TWKHH_10
TWKHH_7->MYPKG_7
ID:27 PABLB->CNTAO Transported 30, trans in %: 100
 Path PABLB_12->CNTAO_12
ID:28 PABLB->CNSHA Transported 388, trans in %: 100
 Path PABLB_11->CNSHA_11
ID:29 PABLB->JPSMZ Transported 1, trans in %: 100
 Path PABLB_12->KRPUS_12
KRPUS_16->JPSMZ_16
ID:30 PABLB->SGSIN Transported 24, trans in %: 100
 Path PABLB_12->SGSIN_12
ID:31 PABLB->MYTPP Transported 1438.33, trans in %: 48.9562
 Path PABLB_10->MYTPP_10
ID:32 PABLB->CNXMN Transported 41, trans in %: 100
 Path PABLB_11->CNXMN_11
ID:33 PABLB->CNYTN Transported 52.3333, trans in %: 76.9608
 Path PABLB_11->CNYTN_11
ID:35 KRPUS->SVAQJ Transported 9, trans in %: 100
 Path KRPUS_3->SVAQJ_3
ID:36 KRPUS->PABLB Transported 64, trans in %: 100
 Path KRPUS_11->PABLB_11
ID:37 KRPUS->NICIO Transported 9, trans in %: 100
 Path KRPUS_3->NICIO_3
ID:40 KRPUS->PHGES Transported 4, trans in %: 100
 Path KRPUS_0->PHGES_0
ID:42 KRPUS->USHNL Transported 1, trans in %: 100
 Path KRPUS_3->USHNL_3
ID:46 KRPUS->MXLZC Transported 103, trans in %: 100
 Path KRPUS_3->MXLZC_3
ID:51 KRPUS->MYPKG Transported 7, trans in %: 100
 Path KRPUS_7->MYPKG_7
ID:52 KRPUS->USSEA Transported 2, trans in %: 100
 Path KRPUS_9->USSEA_9
ID:53 KRPUS->CNSHA Transported 2, trans in %: 100
 Path KRPUS_12->CNSHA_12
ID:54 KRPUS->JPSMZ Transported 12, trans in %: 100
 Path KRPUS_16->JPSMZ_16
ID:55 KRPUS->SGSIN Transported 39, trans in %: 100
 Path KRPUS_7->SGSIN_7
ID:58 KRPUS->JPTYO Transported 2, trans in %: 100
 Path KRPUS_14->JPTYO_14
ID:59 KRPUS->JPYOK Transported 4, trans in %: 100
 Path KRPUS_16->JPYOK_16
ID:60 NICIO->PABLB Transported 2, trans in %: 100
 Path NICIO_3->PABLB_3
ID:61 NICIO->HKHKG Transported 1, trans in %: 100
 Path NICIO_3->KRPUS_3
KRPUS_7->HKHKG_7
ID:62 NICIO->TWKHH Transported 4, trans in %: 100
 Path NICIO_3->KRPUS_3
KRPUS_7->TWKHH_7
ID:64 NICIO->USOAK Transported 2, trans in %: 100
 Path NICIO_3->USOAK_3
ID:67 VNDAD->TWKHH Transported 9, trans in %: 100
 Path VNDAD_2->TWKHH_2
ID:68 VNDAD->TWKEL Transported 9, trans in %: 100
 Path VNDAD_2->TWKEL_2
ID:74 CNDLC->SVAQJ Transported 10, trans in %: 100
 Path CNDLC_11->KRPUS_11
KRPUS_3->SVAQJ_3
ID:75 CNDLC->PABLB Transported 223, trans in %: 100
 Path CNDLC_11->PABLB_11
ID:76 CNDLC->KRPUS Transported 9, trans in %: 100
 Path CNDLC_11->KRPUS_11
ID:77 CNDLC->NICIO Transported 4, trans in %: 100
 Path CNDLC_11->KRPUS_11
KRPUS_3->NICIO_3
ID:80 CNDLC->USHNL Transported 4, trans in %: 100
 Path CNDLC_11->KRPUS_11
KRPUS_3->USHNL_3
ID:84 CNDLC->USLGB Transported 320, trans in %: 100
 Path CNDLC_11->USLGB_11
ID:85 CNDLC->USLAX Transported 12, trans in %: 100
 Path CNDLC_5->USLAX_5
ID:87 CNDLC->USOAK Transported 49, trans in %: 100
 Path CNDLC_6->USOAK_6
ID:89 CNDLC->MYPKG Transported 4, trans in %: 100
 Path CNDLC_6->TWKHH_6
TWKHH_7->MYPKG_7
ID:90 CNDLC->USSEA Transported 63, trans in %: 100
 Path CNDLC_5->USSEA_5
ID:92 CNDLC->SGSIN Transported 33, trans in %: 100
 Path CNDLC_6->TWKHH_6
TWKHH_7->SGSIN_7
ID:96 CNDLC->CAVAN Transported 10.6667, trans in %: 32.3232
 Path CNDLC_6->CAVAN_6
ID:97 USDUT->KRPUS Transported 5, trans in %: 100
 Path USDUT_3->KRPUS_3
ID:100 USDUT->JPHKT Transported 5, trans in %: 100
 Path USDUT_3->KRPUS_3
KRPUS_7->JPHKT_7
ID:101 USDUT->HKHKG Transported 3, trans in %: 100
 Path USDUT_3->KRPUS_3
KRPUS_12->HKHKG_12
ID:103 USDUT->JPUKB Transported 5, trans in %: 100
 Path USDUT_3->JPUKB_3
ID:104 USDUT->CNTAO Transported 3, trans in %: 100
 Path USDUT_3->KRPUS_3
KRPUS_12->CNTAO_12
ID:115 CNFOC->SVAQJ Transported 1, trans in %: 100
 Path CNFOC_14->KRPUS_14
KRPUS_3->SVAQJ_3
ID:119 CNFOC->USLAX Transported 111, trans in %: 100
 Path CNFOC_14->USLAX_14
ID:120 CNFOC->PAMIT Transported 6, trans in %: 100
 Path CNFOC_14->KRPUS_14
KRPUS_3->PAMIT_3
ID:128 PHGES->JPUKB Transported 1, trans in %: 100
 Path PHGES_0->JPUKB_0
ID:137 PHGES->JPYOK Transported 5, trans in %: 100
 Path PHGES_0->JPYOK_0
ID:140 VNHPH->HKHKG Transported 2, trans in %: 100
 Path VNHPH_4->HKHKG_4
ID:141 VNHPH->IDJKT Transported 14, trans in %: 100
 Path VNHPH_1->IDJKT_1
ID:142 VNHPH->TWKHH Transported 33, trans in %: 100
 Path VNHPH_4->TWKHH_4
ID:147 VNHPH->PHMNL Transported 7, trans in %: 100
 Path VNHPH_4->PHMNL_4
ID:148 VNHPH->USOAK Transported 3, trans in %: 100
 Path VNHPH_4->TWKHH_4
TWKHH_6->USOAK_6
ID:158 JPHKT->VNHPH Transported 6, trans in %: 100
 Path JPHKT_7->TWKHH_7
TWKHH_4->VNHPH_4
ID:160 JPHKT->HKHKG Transported 19, trans in %: 100
 Path JPHKT_7->HKHKG_7
ID:162 JPHKT->USLAX Transported 45, trans in %: 100
 Path JPHKT_7->TWKHH_7
TWKHH_14->USLAX_14
ID:163 JPHKT->PHMNL Transported 1, trans in %: 100
 Path JPHKT_7->TWKHH_7
TWKHH_2->PHMNL_2
ID:164 JPHKT->USOAK Transported 2, trans in %: 100
 Path JPHKT_7->TWKHH_7
TWKHH_6->USOAK_6
ID:166 JPHKT->MYPKG Transported 27, trans in %: 100
 Path JPHKT_7->MYPKG_7
ID:167 JPHKT->SGSIN Transported 6, trans in %: 100
 Path JPHKT_7->SGSIN_7
ID:173 VNSGN->IDJKT Transported 13, trans in %: 100
 Path VNSGN_1->IDJKT_1
ID:189 VNSGN->MYTPP Transported 66, trans in %: 100
 Path VNSGN_15->MYTPP_15
ID:196 HKHKG->PHGES Transported 4, trans in %: 100
 Path HKHKG_0->PHGES_0
ID:200 HKHKG->TWKHH Transported 27, trans in %: 100
 Path HKHKG_2->TWKHH_2
ID:204 HKHKG->USLAX Transported 673, trans in %: 100
 Path HKHKG_14->USLAX_14
ID:205 HKHKG->PHMNL Transported 61.6667, trans in %: 45.3431
 Path HKHKG_0->PHMNL_0
ID:207 HKHKG->JPNGO Transported 20, trans in %: 100
 Path HKHKG_17->CNTAO_17
CNTAO_5->JPNGO_5
ID:208 HKHKG->USOAK Transported 53, trans in %: 100
 Path HKHKG_2->TWKHH_2
TWKHH_6->USOAK_6
ID:210 HKHKG->MYPKG Transported 5, trans in %: 100
 Path HKHKG_7->MYPKG_7
ID:213 HKHKG->CNSHA Transported 50, trans in %: 100
 Path HKHKG_17->CNSHA_17
ID:214 HKHKG->SGSIN Transported 28, trans in %: 100
 Path HKHKG_7->SGSIN_7
ID:216 HKHKG->MYTPP Transported 104.333, trans in %: 9.78737
 Path HKHKG_0->MYTPP_0
ID:217 HKHKG->JPTYO Transported 16, trans in %: 100
 Path HKHKG_14->JPTYO_14
ID:223 USHNL->PHMNL Transported 8, trans in %: 100
 Path USHNL_3->KRPUS_3
KRPUS_0->PHMNL_0
ID:224 USHNL->CNTAO Transported 7, trans in %: 100
 Path USHNL_3->KRPUS_3
KRPUS_12->CNTAO_12
ID:225 USHNL->JPYOK Transported 1, trans in %: 100
 Path USHNL_3->KRPUS_3
KRPUS_16->JPYOK_16
ID:228 IDJKT->VNSGN Transported 7, trans in %: 100
 Path IDJKT_1->VNSGN_1
ID:231 IDJKT->JPUKB Transported 12, trans in %: 100
 Path IDJKT_0->JPUKB_0
ID:232 IDJKT->THLCH Transported 13, trans in %: 100
 Path IDJKT_1->THLCH_1
ID:237 IDJKT->MYPEN Transported 4, trans in %: 100
 Path IDJKT_1->THLCH_1
THLCH_2->MYPEN_2
ID:238 IDJKT->MYPKG Transported 6, trans in %: 100
 Path IDJKT_1->MYPKG_1
ID:241 IDJKT->SGSIN Transported 2, trans in %: 100
 Path IDJKT_1->THLCH_1
THLCH_2->SGSIN_2
ID:242 IDJKT->MYTPP Transported 125, trans in %: 63.4518
 Path IDJKT_1->MYTPP_1
ID:244 IDJKT->JPYOK Transported 6, trans in %: 100
 Path IDJKT_0->JPYOK_0
ID:250 TWKHH->VNHPH Transported 20, trans in %: 100
 Path TWKHH_4->VNHPH_4
ID:255 TWKHH->THLCH Transported 90, trans in %: 100
 Path TWKHH_2->THLCH_2
ID:257 TWKHH->USLAX Transported 161, trans in %: 100
 Path TWKHH_14->USLAX_14
ID:261 TWKHH->USOAK Transported 14, trans in %: 100
 Path TWKHH_6->USOAK_6
ID:263 TWKHH->MYPKG Transported 38, trans in %: 100
 Path TWKHH_7->MYPKG_7
ID:266 TWKHH->SGSIN Transported 34, trans in %: 100
 Path TWKHH_7->SGSIN_7
ID:268 TWKHH->MYTPP Transported 189, trans in %: 100
 Path TWKHH_9->MYTPP_9
ID:269 TWKHH->JPTYO Transported 1, trans in %: 100
 Path TWKHH_14->JPTYO_14
ID:270 TWKHH->CAVAN Transported 3, trans in %: 100
 Path TWKHH_6->CAVAN_6
ID:275 TWKEL->THLCH Transported 21, trans in %: 100
 Path TWKEL_2->THLCH_2
ID:278 JPUKB->PABLB Transported 5, trans in %: 100
 Path JPUKB_3->PABLB_3
ID:279 JPUKB->KRPUS Transported 34, trans in %: 100
 Path JPUKB_0->KRPUS_0
ID:280 JPUKB->PHGES Transported 6, trans in %: 100
 Path JPUKB_0->PHGES_0
ID:283 JPUKB->HKHKG Transported 3, trans in %: 100
 Path JPUKB_0->HKHKG_0
ID:285 JPUKB->TWKHH Transported 16, trans in %: 100
 Path JPUKB_0->TWKHH_0
ID:286 JPUKB->THLCH Transported 34, trans in %: 100
 Path JPUKB_0->PHMNL_0
PHMNL_2->THLCH_2
ID:288 JPUKB->PHMNL Transported 1, trans in %: 100
 Path JPUKB_0->PHMNL_0
ID:289 JPUKB->USOAK Transported 36, trans in %: 100
 Path JPUKB_3->USOAK_3
ID:291 JPUKB->USSEA Transported 1, trans in %: 100
 Path JPUKB_3->USSEA_3
ID:293 JPUKB->IDSUB Transported 1, trans in %: 100
 Path JPUKB_0->PHMNL_0
PHMNL_2->IDSUB_2
ID:294 JPUKB->MYTPP Transported 160, trans in %: 100
 Path JPUKB_0->MYTPP_0
ID:295 THLCH->SVAQJ Transported 11, trans in %: 100
 Path THLCH_17->KRPUS_17
KRPUS_3->SVAQJ_3
ID:297 THLCH->KRPUS Transported 22, trans in %: 100
 Path THLCH_17->KRPUS_17
ID:298 THLCH->VNDAD Transported 3, trans in %: 100
 Path THLCH_2->VNDAD_2
ID:299 THLCH->CNDLC Transported 6, trans in %: 100
 Path THLCH_17->CNTAO_17
CNTAO_11->CNDLC_11
ID:301 THLCH->VNHPH Transported 14, trans in %: 34.1463
 Path THLCH_1->VNHPH_1
ID:303 THLCH->VNSGN Transported 218, trans in %: 100
 Path THLCH_1->VNSGN_1
ID:304 THLCH->HKHKG Transported 123, trans in %: 100
 Path THLCH_17->HKHKG_17
ID:306 THLCH->TWKHH Transported 49, trans in %: 100
 Path THLCH_2->TWKHH_2
ID:311 THLCH->JPNGO Transported 69, trans in %: 100
 Path THLCH_17->CNTAO_17
CNTAO_5->JPNGO_5
ID:312 THLCH->USOAK Transported 21, trans in %: 100
 Path THLCH_2->TWKHH_2
TWKHH_6->USOAK_6
ID:313 THLCH->MYPKG Transported 80, trans in %: 100
 Path THLCH_1->MYPKG_1
ID:314 THLCH->CNTAO Transported 1, trans in %: 100
 Path THLCH_17->CNTAO_17
ID:316 THLCH->IDSRG Transported 1, trans in %: 100
 Path THLCH_2->IDSRG_2
ID:317 THLCH->CNSHA Transported 15, trans in %: 100
 Path THLCH_17->CNSHA_17
ID:318 THLCH->JPSMZ Transported 5, trans in %: 100
 Path THLCH_17->KRPUS_17
KRPUS_16->JPSMZ_16
ID:319 THLCH->SGSIN Transported 24, trans in %: 100
 Path THLCH_2->SGSIN_2
ID:320 THLCH->IDSUB Transported 24, trans in %: 100
 Path THLCH_2->IDSUB_2
ID:327 MXLZC->SVAQJ Transported 3, trans in %: 100
 Path MXLZC_3->SVAQJ_3
ID:328 MXLZC->PABLB Transported 52, trans in %: 100
 Path MXLZC_3->PABLB_3
ID:329 MXLZC->KRPUS Transported 47, trans in %: 100
 Path MXLZC_12->KRPUS_12
ID:330 MXLZC->CNDLC Transported 19, trans in %: 100
 Path MXLZC_12->CNTAO_12
CNTAO_11->CNDLC_11
ID:331 MXLZC->HKHKG Transported 39, trans in %: 100
 Path MXLZC_12->HKHKG_12
ID:336 MXLZC->PAMIT Transported 2, trans in %: 100
 Path MXLZC_3->PAMIT_3
ID:338 MXLZC->CNTAO Transported 26, trans in %: 100
 Path MXLZC_12->CNTAO_12
ID:339 MXLZC->CNSHA Transported 17, trans in %: 100
 Path MXLZC_12->CNSHA_12
ID:340 MXLZC->SGSIN Transported 1, trans in %: 100
 Path MXLZC_12->SGSIN_12
ID:341 MXLZC->MYTPP Transported 35, trans in %: 100
 Path MXLZC_12->MYTPP_12
ID:344 CNLYG->USLAX Transported 67, trans in %: 100
 Path CNLYG_5->USLAX_5
ID:347 CNLYG->USSEA Transported 4, trans in %: 100
 Path CNLYG_5->USSEA_5
ID:353 USLGB->CNSHA Transported 98, trans in %: 100
 Path USLGB_11->CNSHA_11
ID:356 USLAX->PABLB Transported 49, trans in %: 100
 Path USLAX_11->PABLB_11
ID:357 USLAX->KRPUS Transported 13.6667, trans in %: 3.59649
 Path USLAX_14->KRPUS_14
ID:360 USLAX->CNDLC Transported 69, trans in %: 100
 Path USLAX_6->CNDLC_6
ID:362 USLAX->VNHPH Transported 36, trans in %: 100
 Path USLAX_14->TWKHH_14
TWKHH_4->VNHPH_4
ID:365 USLAX->HKHKG Transported 319, trans in %: 100
 Path USLAX_14->HKHKG_14
ID:367 USLAX->TWKHH Transported 231, trans in %: 100
 Path USLAX_14->TWKHH_14
ID:371 USLAX->CNLYG Transported 18, trans in %: 100
 Path USLAX_5->CNLYG_5
ID:374 USLAX->JPNGO Transported 102, trans in %: 100
 Path USLAX_5->JPNGO_5
ID:376 USLAX->MYPKG Transported 25, trans in %: 100
 Path USLAX_14->TWKHH_14
TWKHH_7->MYPKG_7
ID:377 USLAX->CNTAO Transported 232, trans in %: 100
 Path USLAX_5->CNTAO_5
ID:379 USLAX->CNSHA Transported 210, trans in %: 100
 Path USLAX_11->CNSHA_11
ID:380 USLAX->SGSIN Transported 28, trans in %: 100
 Path USLAX_14->TWKHH_14
TWKHH_7->SGSIN_7
ID:382 USLAX->MYTPP Transported 95, trans in %: 100
 Path USLAX_9->MYTPP_9
ID:383 USLAX->CNXMN Transported 21, trans in %: 100
 Path USLAX_11->CNXMN_11
ID:385 USLAX->JPYOK Transported 228, trans in %: 100
 Path USLAX_9->JPYOK_9
ID:387 PHMNL->PHGES Transported 27, trans in %: 100
 Path PHMNL_0->PHGES_0
ID:388 PHMNL->VNHPH Transported 12, trans in %: 100
 Path PHMNL_4->VNHPH_4
ID:390 PHMNL->HKHKG Transported 96, trans in %: 100
 Path PHMNL_4->HKHKG_4
ID:391 PHMNL->TWKHH Transported 102, trans in %: 100
 Path PHMNL_4->TWKHH_4
ID:393 PHMNL->USLAX Transported 37, trans in %: 100
 Path PHMNL_4->TWKHH_4
TWKHH_14->USLAX_14
ID:394 PHMNL->USOAK Transported 6, trans in %: 100
 Path PHMNL_4->TWKHH_4
TWKHH_6->USOAK_6
ID:396 PHMNL->MYTPP Transported 32, trans in %: 100
 Path PHMNL_0->MYTPP_0
ID:397 PAMIT->PABLB Transported 270, trans in %: 100
 Path PAMIT_3->PABLB_3
ID:398 PAMIT->KRPUS Transported 6, trans in %: 100
 Path PAMIT_3->KRPUS_3
ID:400 PAMIT->TWKHH Transported 8, trans in %: 100
 Path PAMIT_3->KRPUS_3
KRPUS_7->TWKHH_7
ID:404 PAMIT->USOAK Transported 2, trans in %: 100
 Path PAMIT_3->USOAK_3
ID:405 PAMIT->CNTAO Transported 3, trans in %: 100
 Path PAMIT_3->KRPUS_3
KRPUS_12->CNTAO_12
ID:409 PAMIT->JPYOK Transported 6, trans in %: 100
 Path PAMIT_3->KRPUS_3
KRPUS_16->JPYOK_16
ID:412 JPNGO->VNHPH Transported 4, trans in %: 100
 Path JPNGO_5->TWKHH_5
TWKHH_4->VNHPH_4
ID:413 JPNGO->HKHKG Transported 16, trans in %: 100
 Path JPNGO_5->TWKHH_5
TWKHH_14->HKHKG_14
ID:415 JPNGO->USOAK Transported 29, trans in %: 100
 Path JPNGO_5->TWKHH_5
TWKHH_6->USOAK_6
ID:416 JPNGO->MYPKG Transported 1, trans in %: 100
 Path JPNGO_5->TWKHH_5
TWKHH_7->MYPKG_7
ID:418 JPNGO->CNSHA Transported 2, trans in %: 100
 Path JPNGO_5->CNSHA_5
ID:421 USOAK->KRPUS Transported 96, trans in %: 100
 Path USOAK_3->KRPUS_3
ID:422 USOAK->CNDLC Transported 52, trans in %: 100
 Path USOAK_6->CNDLC_6
ID:423 USOAK->CNFOC Transported 5, trans in %: 100
 Path USOAK_6->TWKHH_6
TWKHH_14->CNFOC_14
ID:425 USOAK->VNHPH Transported 2, trans in %: 100
 Path USOAK_6->TWKHH_6
TWKHH_4->VNHPH_4
ID:430 USOAK->TWKHH Transported 7, trans in %: 100
 Path USOAK_6->TWKHH_6
ID:431 USOAK->JPUKB Transported 32, trans in %: 100
 Path USOAK_3->JPUKB_3
ID:432 USOAK->THLCH Transported 14, trans in %: 100
 Path USOAK_6->TWKHH_6
TWKHH_2->THLCH_2
ID:433 USOAK->PHMNL Transported 6, trans in %: 100
 Path USOAK_6->TWKHH_6
TWKHH_2->PHMNL_2
ID:436 USOAK->MYPKG Transported 2, trans in %: 100
 Path USOAK_6->TWKHH_6
TWKHH_7->MYPKG_7
ID:439 USOAK->SGSIN Transported 5, trans in %: 100
 Path USOAK_6->TWKHH_6
TWKHH_7->SGSIN_7
ID:441 USOAK->MYTPP Transported 110, trans in %: 100
 Path USOAK_6->TWKHH_6
TWKHH_9->MYTPP_9
ID:442 USOAK->CNYTN Transported 26, trans in %: 100
 Path USOAK_6->TWKHH_6
TWKHH_4->CNYTN_4
ID:451 MYPEN->HKHKG Transported 1, trans in %: 100
 Path MYPEN_2->HKHKG_2
ID:454 MYPEN->THLCH Transported 1, trans in %: 100
 Path MYPEN_2->THLCH_2
ID:459 MYPEN->IDSRG Transported 2, trans in %: 100
 Path MYPEN_2->IDSRG_2
ID:460 MYPEN->IDSUB Transported 1, trans in %: 100
 Path MYPEN_2->IDSUB_2
ID:461 MYPEN->MYTPP Transported 24, trans in %: 100
 Path MYPEN_2->MYTPP_2
ID:467 MYPKG->VNHPH Transported 6, trans in %: 100
 Path MYPKG_1->VNHPH_1
ID:468 MYPKG->VNSGN Transported 13, trans in %: 100
 Path MYPKG_1->VNSGN_1
ID:478 MYPKG->MYTPP Transported 118, trans in %: 100
 Path MYPKG_7->MYTPP_7
ID:489 CNTAO->USLAX Transported 267, trans in %: 100
 Path CNTAO_5->USLAX_5
ID:495 CNTAO->SGSIN Transported 17, trans in %: 100
 Path CNTAO_12->SGSIN_12
ID:500 USSEA->KRPUS Transported 197, trans in %: 100
 Path USSEA_3->KRPUS_3
ID:502 USSEA->CNFOC Transported 4, trans in %: 100
 Path USSEA_9->TWKHH_9
TWKHH_14->CNFOC_14
ID:503 USSEA->VNHPH Transported 3, trans in %: 100
 Path USSEA_9->TWKHH_9
TWKHH_4->VNHPH_4
ID:506 USSEA->HKHKG Transported 88, trans in %: 100
 Path USSEA_9->TWKHH_9
TWKHH_14->HKHKG_14
ID:508 USSEA->TWKHH Transported 17, trans in %: 100
 Path USSEA_9->TWKHH_9
ID:512 USSEA->MYPKG Transported 5, trans in %: 100
 Path USSEA_9->TWKHH_9
TWKHH_7->MYPKG_7
ID:513 USSEA->CNTAO Transported 25, trans in %: 100
 Path USSEA_5->CNTAO_5
ID:515 USSEA->SGSIN Transported 5, trans in %: 100
 Path USSEA_9->TWKHH_9
TWKHH_7->SGSIN_7
ID:517 USSEA->MYTPP Transported 72, trans in %: 100
 Path USSEA_9->MYTPP_9
ID:518 USSEA->CNXMN Transported 6, trans in %: 100
 Path USSEA_5->CNTAO_5
CNTAO_17->CNXMN_17
ID:520 USSEA->JPYOK Transported 178, trans in %: 100
 Path USSEA_9->JPYOK_9
ID:523 IDSRG->TWKHH Transported 1, trans in %: 100
 Path IDSRG_2->TWKHH_2
ID:542 CNSHA->USLAX Transported 823, trans in %: 100
 Path CNSHA_5->USLAX_5
ID:548 CNSHA->USSEA Transported 109, trans in %: 100
 Path CNSHA_5->USSEA_5
ID:552 CNSHA->MYTPP Transported 390, trans in %: 22.4267
 Path CNSHA_17->MYTPP_17
ID:555 JPSMZ->USLAX Transported 11, trans in %: 100
 Path JPSMZ_16->KRPUS_16
KRPUS_9->USLAX_9
ID:557 SGSIN->PABLB Transported 24, trans in %: 100
 Path SGSIN_12->PABLB_12
ID:559 SGSIN->VNDAD Transported 6, trans in %: 100
 Path SGSIN_2->VNDAD_2
ID:562 SGSIN->JPHKT Transported 2, trans in %: 100
 Path SGSIN_7->JPHKT_7
ID:566 SGSIN->TWKHH Transported 32, trans in %: 100
 Path SGSIN_2->TWKHH_2
ID:568 SGSIN->THLCH Transported 52, trans in %: 100
 Path SGSIN_17->THLCH_17
ID:570 SGSIN->PHMNL Transported 5, trans in %: 100
 Path SGSIN_2->PHMNL_2
ID:573 SGSIN->USOAK Transported 2, trans in %: 100
 Path SGSIN_2->TWKHH_2
TWKHH_6->USOAK_6
ID:575 SGSIN->MYPKG Transported 13, trans in %: 100
 Path SGSIN_7->MYPKG_7
ID:579 SGSIN->IDSUB Transported 51, trans in %: 100
 Path SGSIN_2->IDSUB_2
ID:580 SGSIN->MYTPP Transported 184, trans in %: 100
 Path SGSIN_2->MYTPP_2
ID:583 SGSIN->CNXMN Transported 6, trans in %: 100
 Path SGSIN_12->CNXMN_12
ID:589 IDSUB->HKHKG Transported 1, trans in %: 100
 Path IDSUB_2->HKHKG_2
ID:590 IDSUB->TWKHH Transported 2, trans in %: 100
 Path IDSUB_2->TWKHH_2
ID:592 IDSUB->THLCH Transported 12, trans in %: 100
 Path IDSUB_2->THLCH_2
ID:594 IDSUB->USOAK Transported 2, trans in %: 100
 Path IDSUB_2->TWKHH_2
TWKHH_6->USOAK_6
ID:599 IDSUB->JPTYO Transported 1, trans in %: 100
 Path IDSUB_2->TWKHH_2
TWKHH_14->JPTYO_14
ID:603 MYTPP->PABLB Transported 1940, trans in %: 86.5685
 Path MYTPP_10->PABLB_10
ID:605 MYTPP->VNDAD Transported 5, trans in %: 100
 Path MYTPP_2->VNDAD_2
ID:606 MYTPP->CNDLC Transported 147, trans in %: 100
 Path MYTPP_11->CNDLC_11
ID:608 MYTPP->VNHPH Transported 74, trans in %: 100
 Path MYTPP_1->VNHPH_1
ID:609 MYTPP->JPHKT Transported 9, trans in %: 100
 Path MYTPP_7->JPHKT_7
ID:610 MYTPP->VNSGN Transported 181, trans in %: 100
 Path MYTPP_15->VNSGN_15
ID:612 MYTPP->IDJKT Transported 92, trans in %: 100
 Path MYTPP_0->IDJKT_0
ID:613 MYTPP->TWKHH Transported 1, trans in %: 1.2987
 Path MYTPP_8->TWKHH_8
ID:614 MYTPP->TWKEL Transported 60, trans in %: 100
 Path MYTPP_2->TWKEL_2
ID:615 MYTPP->JPUKB Transported 41, trans in %: 42.7083
 Path MYTPP_0->JPUKB_0
ID:616 MYTPP->THLCH Transported 169, trans in %: 100
 Path MYTPP_13->THLCH_13
ID:617 MYTPP->MXLZC Transported 15, trans in %: 100
 Path MYTPP_12->MXLZC_12
ID:618 MYTPP->CNLYG Transported 44, trans in %: 100
 Path MYTPP_8->TWKHH_8
TWKHH_5->CNLYG_5
ID:620 MYTPP->PHMNL Transported 33, trans in %: 100
 Path MYTPP_2->PHMNL_2
ID:625 MYTPP->MYPEN Transported 36, trans in %: 100
 Path MYTPP_2->MYPEN_2
ID:626 MYTPP->MYPKG Transported 39, trans in %: 100
 Path MYTPP_1->MYPKG_1
ID:629 MYTPP->IDSRG Transported 19, trans in %: 100
 Path MYTPP_2->IDSRG_2
ID:632 MYTPP->SGSIN Transported 165, trans in %: 100
 Path MYTPP_2->SGSIN_2
ID:633 MYTPP->IDSUB Transported 48, trans in %: 100
 Path MYTPP_2->IDSUB_2
ID:636 MYTPP->CNXMN Transported 62, trans in %: 100
 Path MYTPP_12->CNXMN_12
ID:637 MYTPP->CNYTN Transported 29, trans in %: 100
 Path MYTPP_8->CNYTN_8
ID:638 MYTPP->JPYOK Transported 149, trans in %: 100
 Path MYTPP_10->JPYOK_10
ID:644 CAVAN->CNDLC Transported 9, trans in %: 100
 Path CAVAN_6->CNDLC_6
ID:645 CAVAN->VNHPH Transported 8, trans in %: 100
 Path CAVAN_9->TWKHH_9
TWKHH_4->VNHPH_4
ID:647 CAVAN->HKHKG Transported 36, trans in %: 100
 Path CAVAN_9->TWKHH_9
TWKHH_7->HKHKG_7
ID:649 CAVAN->TWKHH Transported 9, trans in %: 100
 Path CAVAN_9->TWKHH_9
ID:650 CAVAN->THLCH Transported 2, trans in %: 100
 Path CAVAN_9->TWKHH_9
TWKHH_2->THLCH_2
ID:656 CAVAN->MYTPP Transported 16, trans in %: 100
 Path CAVAN_9->MYTPP_9
ID:658 CAVAN->JPYOK Transported 83, trans in %: 100
 Path CAVAN_9->JPYOK_9
ID:660 CNXMN->PABLB Transported 208, trans in %: 100
 Path CNXMN_12->PABLB_12
ID:661 CNXMN->NICIO Transported 1, trans in %: 100
 Path CNXMN_7->KRPUS_7
KRPUS_3->NICIO_3
ID:665 CNXMN->MXLZC Transported 23, trans in %: 100
 Path CNXMN_12->MXLZC_12
ID:667 CNXMN->PAMIT Transported 8, trans in %: 100
 Path CNXMN_7->KRPUS_7
KRPUS_3->PAMIT_3
ID:668 CNXMN->USOAK Transported 5.66667, trans in %: 13.1783
 Path CNXMN_7->TWKHH_7
TWKHH_6->USOAK_6
ID:669 CNXMN->MYPKG Transported 9, trans in %: 100
 Path CNXMN_7->MYPKG_7
ID:672 CNXMN->SGSIN Transported 28, trans in %: 100
 Path CNXMN_17->SGSIN_17
ID:674 CNXMN->MYTPP Transported 346, trans in %: 100
 Path CNXMN_17->MYTPP_17
ID:677 CNYTN->PABLB Transported 362.667, trans in %: 29.7512
 Path CNYTN_12->PABLB_12
ID:682 CNYTN->MXLZC Transported 20, trans in %: 10.4712
 Path CNYTN_12->MXLZC_12
ID:683 CNYTN->USLAX Transported 1463, trans in %: 80.5173
 Path CNYTN_9->USLAX_9
ID:684 CNYTN->PHMNL Transported 12, trans in %: 100
 Path CNYTN_4->PHMNL_4
ID:686 CNYTN->USOAK Transported 95, trans in %: 100
 Path CNYTN_8->TWKHH_8
TWKHH_6->USOAK_6
ID:687 CNYTN->MYPEN Transported 18.6667, trans in %: 71.7949
 Path CNYTN_4->PHMNL_4
PHMNL_2->MYPEN_2
ID:689 CNYTN->USSEA Transported 267, trans in %: 100
 Path CNYTN_9->USSEA_9
ID:691 CNYTN->SGSIN Transported 3, trans in %: 100
 Path CNYTN_12->SGSIN_12
ID:694 CNYTN->JPTYO Transported 4, trans in %: 100
 Path CNYTN_8->TWKHH_8
TWKHH_14->JPTYO_14
ID:695 CNYTN->CAVAN Transported 51.6667, trans in %: 36.385
 Path CNYTN_9->CAVAN_9
ID:697 JPYOK->PABLB Transported 35, trans in %: 100
 Path JPYOK_10->PABLB_10
ID:707 JPYOK->TWKHH Transported 5, trans in %: 100
 Path JPYOK_9->TWKHH_9
ID:710 JPYOK->USLAX Transported 247, trans in %: 100
 Path JPYOK_14->USLAX_14
ID:713 JPYOK->USOAK Transported 47, trans in %: 100
 Path JPYOK_6->USOAK_6
ID:718 JPYOK->MYTPP Transported 506, trans in %: 100
 Path JPYOK_9->MYTPP_9
ID:719 JPYOK->CAVAN Transported 2, trans in %: 100
 Path JPYOK_6->CAVAN_6
ID:10 PABLB->NICIO Transported 9, trans in %: 100
 Path PABLB_12->MXLZC_12
MXLZC_3->NICIO_3
ID:14 PABLB->JPHKT Transported 3, trans in %: 100
 Path PABLB_12->KRPUS_12
KRPUS_7->JPHKT_7
ID:16 PABLB->HKHKG Transported 82.6667, trans in %: 30.3922
 Path PABLB_12->HKHKG_12
ID:25 PABLB->PAMIT Transported 276, trans in %: 100
 Path PABLB_12->MXLZC_12
MXLZC_3->PAMIT_3
ID:31 PABLB->MYTPP Transported 1073.33, trans in %: 36.5328
 Path PABLB_11->MYTPP_11
ID:41 KRPUS->HKHKG Transported 31, trans in %: 100
 Path KRPUS_7->HKHKG_7
ID:43 KRPUS->IDJKT Transported 36, trans in %: 100
 Path KRPUS_7->TWKHH_7
TWKHH_4->VNHPH_4
VNHPH_1->IDJKT_1
ID:44 KRPUS->TWKHH Transported 10, trans in %: 100
 Path KRPUS_7->TWKHH_7
ID:47 KRPUS->USLAX Transported 355.667, trans in %: 94.5922
 Path KRPUS_14->USLAX_14
ID:57 KRPUS->MYTPP Transported 583, trans in %: 50.8282
 Path KRPUS_7->MYTPP_7
ID:81 CNDLC->IDJKT Transported 3, trans in %: 100
 Path CNDLC_6->TWKHH_6
TWKHH_4->VNHPH_4
VNHPH_1->IDJKT_1
ID:94 CNDLC->MYTPP Transported 337, trans in %: 47.1329
 Path CNDLC_6->TWKHH_6
TWKHH_9->MYTPP_9
ID:98 USDUT->CNDLC Transported 2, trans in %: 100
 Path USDUT_3->KRPUS_3
KRPUS_12->CNTAO_12
CNTAO_11->CNDLC_11
ID:144 VNHPH->THLCH Transported 11, trans in %: 100
 Path VNHPH_4->PHMNL_4
PHMNL_2->THLCH_2
ID:149 VNHPH->MYPEN Transported 4, trans in %: 100
 Path VNHPH_4->PHMNL_4
PHMNL_2->MYPEN_2
ID:150 VNHPH->MYPKG Transported 11, trans in %: 100
 Path VNHPH_4->TWKHH_4
TWKHH_7->MYPKG_7
ID:152 VNHPH->SGSIN Transported 12, trans in %: 100
 Path VNHPH_4->TWKHH_4
TWKHH_7->SGSIN_7
ID:154 VNHPH->MYTPP Transported 49, trans in %: 100
 Path VNHPH_4->PHMNL_4
PHMNL_0->MYTPP_0
ID:155 VNHPH->CAVAN Transported 4, trans in %: 100
 Path VNHPH_4->TWKHH_4
TWKHH_6->CAVAN_6
ID:156 JPHKT->PABLB Transported 4, trans in %: 100
 Path JPHKT_7->TWKHH_7
TWKHH_14->JPYOK_14
JPYOK_10->PABLB_10
ID:157 JPHKT->PHGES Transported 2, trans in %: 100
 Path JPHKT_7->TWKHH_7
TWKHH_4->VNHPH_4
VNHPH_1->IDJKT_1
IDJKT_0->PHGES_0
ID:159 JPHKT->VNSGN Transported 4, trans in %: 100
 Path JPHKT_7->MYPKG_7
MYPKG_1->VNSGN_1
ID:161 JPHKT->IDJKT Transported 18, trans in %: 100
 Path JPHKT_7->TWKHH_7
TWKHH_4->VNHPH_4
VNHPH_1->IDJKT_1
ID:175 VNSGN->TWKEL Transported 28, trans in %: 71.7949
 Path VNSGN_15->MYTPP_15
MYTPP_2->TWKEL_2
ID:183 VNSGN->MYPEN Transported 2, trans in %: 100
 Path VNSGN_15->MYTPP_15
MYTPP_2->MYPEN_2
ID:186 VNSGN->IDSRG Transported 3, trans in %: 100
 Path VNSGN_15->MYTPP_15
MYTPP_2->IDSRG_2
ID:187 VNSGN->SGSIN Transported 8, trans in %: 100
 Path VNSGN_15->MYTPP_15
MYTPP_17->SGSIN_17
ID:188 VNSGN->IDSUB Transported 16, trans in %: 100
 Path VNSGN_15->MYTPP_15
MYTPP_2->IDSUB_2
ID:194 HKHKG->KRPUS Transported 50, trans in %: 100
 Path HKHKG_7->KRPUS_7
ID:197 HKHKG->VNSGN Transported 5, trans in %: 100
 Path HKHKG_7->MYPKG_7
MYPKG_1->VNSGN_1
ID:199 HKHKG->IDJKT Transported 7, trans in %: 100
 Path HKHKG_4->VNHPH_4
VNHPH_1->IDJKT_1
ID:201 HKHKG->JPUKB Transported 7, trans in %: 100
 Path HKHKG_14->JPYOK_14
JPYOK_0->JPUKB_0
ID:202 HKHKG->THLCH Transported 6, trans in %: 100
 Path HKHKG_4->PHMNL_4
PHMNL_2->THLCH_2
ID:205 HKHKG->PHMNL Transported 74.3333, trans in %: 54.6569
 Path HKHKG_4->PHMNL_4
ID:209 HKHKG->MYPEN Transported 5, trans in %: 100
 Path HKHKG_4->PHMNL_4
PHMNL_2->MYPEN_2
ID:216 HKHKG->MYTPP Transported 961.667, trans in %: 90.2126
 Path HKHKG_10->MYTPP_10
ID:219 HKHKG->JPYOK Transported 18, trans in %: 100
 Path HKHKG_14->JPYOK_14
ID:220 USHNL->VNSGN Transported 3, trans in %: 100
 Path USHNL_3->KRPUS_3
KRPUS_7->MYPKG_7
MYPKG_1->VNSGN_1
ID:221 USHNL->HKHKG Transported 7, trans in %: 100
 Path USHNL_3->KRPUS_3
KRPUS_7->HKHKG_7
ID:222 USHNL->TWKHH Transported 2, trans in %: 100
 Path USHNL_3->KRPUS_3
KRPUS_7->TWKHH_7
ID:226 IDJKT->SVAQJ Transported 1, trans in %: 100
 Path IDJKT_0->JPUKB_0
JPUKB_3->SVAQJ_3
ID:233 IDJKT->MXLZC Transported 8, trans in %: 100
 Path IDJKT_0->JPUKB_0
JPUKB_3->MXLZC_3
ID:235 IDJKT->PAMIT Transported 2, trans in %: 100
 Path IDJKT_0->JPUKB_0
JPUKB_3->PAMIT_3
ID:242 IDJKT->MYTPP Transported 24, trans in %: 12.1827
 Path IDJKT_1->THLCH_1
THLCH_13->MYTPP_13
ID:247 TWKHH->KRPUS Transported 10, trans in %: 100
 Path TWKHH_14->KRPUS_14
ID:249 TWKHH->PHGES Transported 5, trans in %: 100
 Path TWKHH_4->VNHPH_4
VNHPH_1->IDJKT_1
IDJKT_0->PHGES_0
ID:252 TWKHH->HKHKG Transported 28, trans in %: 100
 Path TWKHH_14->HKHKG_14
ID:254 TWKHH->IDJKT Transported 35, trans in %: 100
 Path TWKHH_4->VNHPH_4
VNHPH_1->IDJKT_1
ID:260 TWKHH->JPNGO Transported 1, trans in %: 100
 Path TWKHH_14->KRPUS_14
KRPUS_12->CNTAO_12
CNTAO_5->JPNGO_5
ID:272 TWKEL->VNHPH Transported 7, trans in %: 100
 Path TWKEL_2->TWKHH_2
TWKHH_4->VNHPH_4
ID:274 TWKEL->HKHKG Transported 4, trans in %: 100
 Path TWKEL_2->TWKHH_2
TWKHH_14->HKHKG_14
ID:276 TWKEL->SGSIN Transported 36, trans in %: 100
 Path TWKEL_2->TWKHH_2
TWKHH_7->SGSIN_7
ID:277 TWKEL->MYTPP Transported 35.3333, trans in %: 47.1111
 Path TWKEL_2->TWKHH_2
TWKHH_8->MYTPP_8
ID:302 THLCH->JPHKT Transported 4, trans in %: 100
 Path THLCH_2->MYTPP_2
MYTPP_7->JPHKT_7
ID:321 THLCH->MYTPP Transported 412, trans in %: 47.5751
 Path THLCH_2->MYTPP_2
ID:324 THLCH->CNXMN Transported 14, trans in %: 100
 Path THLCH_2->MYTPP_2
MYTPP_12->CNXMN_12
ID:333 MXLZC->JPUKB Transported 2, trans in %: 100
 Path MXLZC_12->KRPUS_12
KRPUS_16->JPYOK_16
JPYOK_0->JPUKB_0
ID:342 MXLZC->JPYOK Transported 31, trans in %: 100
 Path MXLZC_12->KRPUS_12
KRPUS_16->JPYOK_16
ID:345 CNLYG->USOAK Transported 2, trans in %: 100
 Path CNLYG_5->CNDLC_5
CNDLC_6->USOAK_6
ID:348 CNLYG->MYTPP Transported 6, trans in %: 100
 Path CNLYG_5->CNDLC_5
CNDLC_6->TWKHH_6
TWKHH_8->MYTPP_8
ID:350 USLGB->VNSGN Transported 3, trans in %: 100
 Path USLGB_11->MYTPP_11
MYTPP_15->VNSGN_15
ID:355 USLAX->SVAQJ Transported 71, trans in %: 100
 Path USLAX_11->PABLB_11
PABLB_3->SVAQJ_3
ID:359 USLAX->VNDAD Transported 2, trans in %: 100
 Path USLAX_9->MYTPP_9
MYTPP_2->VNDAD_2
ID:361 USLAX->PHGES Transported 16, trans in %: 100
 Path USLAX_14->TWKHH_14
TWKHH_4->VNHPH_4
VNHPH_1->IDJKT_1
IDJKT_0->PHGES_0
ID:366 USLAX->IDJKT Transported 59, trans in %: 100
 Path USLAX_14->TWKHH_14
TWKHH_4->VNHPH_4
VNHPH_1->IDJKT_1
ID:368 USLAX->JPUKB Transported 86, trans in %: 89.5833
 Path USLAX_9->JPYOK_9
JPYOK_0->JPUKB_0
ID:370 USLAX->MXLZC Transported 38, trans in %: 100
 Path USLAX_11->PABLB_11
PABLB_12->MXLZC_12
ID:378 USLAX->IDSRG Transported 2, trans in %: 100
 Path USLAX_9->MYTPP_9
MYTPP_2->IDSRG_2
ID:381 USLAX->IDSUB Transported 22, trans in %: 100
 Path USLAX_9->MYTPP_9
MYTPP_2->IDSUB_2
ID:389 PHMNL->VNSGN Transported 7, trans in %: 100
 Path PHMNL_0->MYTPP_0
MYTPP_15->VNSGN_15
ID:399 PAMIT->HKHKG Transported 7, trans in %: 100
 Path PAMIT_3->KRPUS_3
KRPUS_7->HKHKG_7
ID:406 PAMIT->CNSHA Transported 3, trans in %: 100
 Path PAMIT_3->KRPUS_3
KRPUS_17->CNSHA_17
ID:408 PAMIT->CNYTN Transported 7, trans in %: 100
 Path PAMIT_3->KRPUS_3
KRPUS_12->CNYTN_12
ID:411 JPNGO->KRPUS Transported 5, trans in %: 100
 Path JPNGO_5->TWKHH_5
TWKHH_14->KRPUS_14
ID:414 JPNGO->USLAX Transported 148, trans in %: 100
 Path JPNGO_5->TWKHH_5
TWKHH_14->USLAX_14
ID:420 JPNGO->CNYTN Transported 3, trans in %: 100
 Path JPNGO_5->TWKHH_5
TWKHH_4->CNYTN_4
ID:424 USOAK->PHGES Transported 3, trans in %: 100
 Path USOAK_6->TWKHH_6
TWKHH_4->VNHPH_4
VNHPH_1->IDJKT_1
IDJKT_0->PHGES_0
ID:429 USOAK->IDJKT Transported 5, trans in %: 100
 Path USOAK_6->TWKHH_6
TWKHH_4->VNHPH_4
VNHPH_1->IDJKT_1
ID:437 USOAK->CNTAO Transported 9, trans in %: 100
 Path USOAK_3->KRPUS_3
KRPUS_17->CNTAO_17
ID:456 MYPEN->MYPKG Transported 5, trans in %: 100
 Path MYPEN_2->SGSIN_2
SGSIN_7->MYPKG_7
ID:477 MYPKG->IDSUB Transported 1, trans in %: 100
 Path MYPKG_7->MYTPP_7
MYTPP_2->IDSUB_2
ID:496 CNTAO->IDSUB Transported 43, trans in %: 100
 Path CNTAO_12->MYTPP_12
MYTPP_2->IDSUB_2
ID:497 CNTAO->MYTPP Transported 403, trans in %: 100
 Path CNTAO_12->MYTPP_12
ID:501 USSEA->CNDLC Transported 11, trans in %: 100
 Path USSEA_5->CNTAO_5
CNTAO_11->CNDLC_11
ID:550 CNSHA->SGSIN Transported 29, trans in %: 100
 Path CNSHA_12->SGSIN_12
ID:551 CNSHA->IDSUB Transported 19, trans in %: 100
 Path CNSHA_11->MYTPP_11
MYTPP_2->IDSUB_2
ID:552 CNSHA->MYTPP Transported 88.6667, trans in %: 5.09872
 Path CNSHA_11->MYTPP_11
ID:558 SGSIN->KRPUS Transported 42, trans in %: 100
 Path SGSIN_7->KRPUS_7
ID:563 SGSIN->VNSGN Transported 35, trans in %: 100
 Path SGSIN_7->MYPKG_7
MYPKG_1->VNSGN_1
ID:564 SGSIN->HKHKG Transported 41, trans in %: 95.3488
 Path SGSIN_7->HKHKG_7
ID:611 MYTPP->HKHKG Transported 507, trans in %: 100
 Path MYTPP_7->HKHKG_7
ID:622 MYTPP->JPNGO Transported 52, trans in %: 100
 Path MYTPP_11->CNTAO_11
CNTAO_5->JPNGO_5
ID:627 MYTPP->CNTAO Transported 98, trans in %: 100
 Path MYTPP_11->CNTAO_11
ID:643 CAVAN->KRPUS Transported 52, trans in %: 100
 Path CAVAN_3->KRPUS_3
ID:653 CAVAN->CNTAO Transported 5, trans in %: 100
 Path CAVAN_3->KRPUS_3
KRPUS_17->CNTAO_17
ID:663 CNXMN->IDJKT Transported 6, trans in %: 100
 Path CNXMN_7->TWKHH_7
TWKHH_4->VNHPH_4
VNHPH_1->IDJKT_1
ID:681 CNYTN->IDJKT Transported 5, trans in %: 100
 Path CNYTN_4->VNHPH_4
VNHPH_1->IDJKT_1
ID:690 CNYTN->IDSRG Transported 3, trans in %: 100
 Path CNYTN_11->MYTPP_11
MYTPP_2->IDSRG_2
ID:692 CNYTN->IDSUB Transported 4, trans in %: 100
 Path CNYTN_11->MYTPP_11
MYTPP_2->IDSUB_2
ID:693 CNYTN->MYTPP Transported 1202, trans in %: 100
 Path CNYTN_11->MYTPP_11
ID:701 JPYOK->PHGES Transported 2, trans in %: 100
 Path JPYOK_9->TWKHH_9
TWKHH_4->VNHPH_4
VNHPH_1->IDJKT_1
IDJKT_0->PHGES_0
ID:702 JPYOK->VNHPH Transported 28, trans in %: 100
 Path JPYOK_9->TWKHH_9
TWKHH_4->VNHPH_4
ID:705 JPYOK->USHNL Transported 1, trans in %: 100
 Path JPYOK_0->JPUKB_0
JPUKB_3->USHNL_3
ID:706 JPYOK->IDJKT Transported 41, trans in %: 100
 Path JPYOK_9->TWKHH_9
TWKHH_4->VNHPH_4
VNHPH_1->IDJKT_1
ID:709 JPYOK->MXLZC Transported 5, trans in %: 100
 Path JPYOK_0->JPUKB_0
JPUKB_3->MXLZC_3
ID:712 JPYOK->PAMIT Transported 1, trans in %: 100
 Path JPYOK_0->JPUKB_0
JPUKB_3->PAMIT_3
ID:715 JPYOK->MYPKG Transported 44, trans in %: 100
 Path JPYOK_9->TWKHH_9
TWKHH_7->MYPKG_7
ID:717 JPYOK->SGSIN Transported 8, trans in %: 100
 Path JPYOK_9->TWKHH_9
TWKHH_7->SGSIN_7
ID:11 PABLB->CNDLC Transported 29, trans in %: 100
 Path PABLB_12->CNTAO_12
CNTAO_11->CNDLC_11
ID:22 PABLB->CNLYG Transported 2, trans in %: 100
 Path PABLB_11->CNSHA_11
CNSHA_5->CNLYG_5
ID:57 KRPUS->MYTPP Transported 89, trans in %: 7.75937
 Path KRPUS_0->TWKHH_0
TWKHH_9->MYTPP_9
ID:95 CNDLC->JPTYO Transported 12, trans in %: 100
 Path CNDLC_11->KRPUS_11
KRPUS_14->JPTYO_14
ID:116 CNFOC->PABLB Transported 34, trans in %: 100
 Path CNFOC_14->KRPUS_14
KRPUS_11->PABLB_11
ID:121 CNFOC->USOAK Transported 7, trans in %: 100
 Path CNFOC_14->JPYOK_14
JPYOK_6->USOAK_6
ID:126 PHGES->KRPUS Transported 2, trans in %: 100
 Path PHGES_0->JPYOK_0
JPYOK_16->KRPUS_16
ID:127 PHGES->TWKHH Transported 1, trans in %: 100
 Path PHGES_0->JPYOK_0
JPYOK_9->TWKHH_9
ID:129 PHGES->THLCH Transported 3, trans in %: 100
 Path PHGES_0->JPYOK_0
JPYOK_9->TWKHH_9
TWKHH_2->THLCH_2
ID:131 PHGES->PHMNL Transported 45, trans in %: 100
 Path PHGES_0->JPYOK_0
JPYOK_9->TWKHH_9
TWKHH_2->PHMNL_2
ID:133 PHGES->CNSHA Transported 3, trans in %: 100
 Path PHGES_0->JPYOK_0
JPYOK_9->TWKHH_9
TWKHH_5->CNSHA_5
ID:134 PHGES->MYTPP Transported 5, trans in %: 100
 Path PHGES_0->JPYOK_0
JPYOK_9->MYTPP_9
ID:136 PHGES->CAVAN Transported 11, trans in %: 100
 Path PHGES_0->JPYOK_0
JPYOK_6->CAVAN_6
ID:143 VNHPH->TWKEL Transported 19, trans in %: 100
 Path VNHPH_4->HKHKG_4
HKHKG_2->TWKEL_2
ID:168 JPHKT->MYTPP Transported 131, trans in %: 100
 Path JPHKT_7->TWKHH_7
TWKHH_9->MYTPP_9
ID:171 VNSGN->HKHKG Transported 3, trans in %: 100
 Path VNSGN_1->VNHPH_1
VNHPH_4->HKHKG_4
ID:175 VNSGN->TWKEL Transported 11, trans in %: 28.2051
 Path VNSGN_1->VNHPH_1
VNHPH_4->HKHKG_4
HKHKG_2->TWKEL_2
ID:236 IDJKT->USOAK Transported 7, trans in %: 100
 Path IDJKT_0->JPYOK_0
JPYOK_6->USOAK_6
ID:240 IDJKT->JPSMZ Transported 3, trans in %: 100
 Path IDJKT_0->JPYOK_0
JPYOK_16->JPSMZ_16
ID:243 IDJKT->CAVAN Transported 1, trans in %: 100
 Path IDJKT_0->JPYOK_0
JPYOK_6->CAVAN_6
ID:246 TWKHH->PABLB Transported 158, trans in %: 100
 Path TWKHH_14->KRPUS_14
KRPUS_11->PABLB_11
ID:251 TWKHH->VNSGN Transported 90, trans in %: 100
 Path TWKHH_9->MYTPP_9
MYTPP_15->VNSGN_15
ID:258 TWKHH->PHMNL Transported 78, trans in %: 100
 Path TWKHH_2->PHMNL_2
ID:271 TWKHH->JPYOK Transported 6, trans in %: 100
 Path TWKHH_14->JPYOK_14
ID:296 THLCH->PABLB Transported 1, trans in %: 0.460829
 Path THLCH_13->MYTPP_13
MYTPP_11->PABLB_11
ID:300 THLCH->PHGES Transported 59, trans in %: 100
 Path THLCH_13->MYTPP_13
MYTPP_0->PHGES_0
ID:305 THLCH->IDJKT Transported 151, trans in %: 100
 Path THLCH_13->MYTPP_13
MYTPP_0->IDJKT_0
ID:321 THLCH->MYTPP Transported 454, trans in %: 52.4249
 Path THLCH_13->MYTPP_13
ID:325 THLCH->CNYTN Transported 11, trans in %: 100
 Path THLCH_13->MYTPP_13
MYTPP_8->CNYTN_8
ID:326 THLCH->JPYOK Transported 100, trans in %: 100
 Path THLCH_13->MYTPP_13
MYTPP_10->JPYOK_10
ID:332 MXLZC->TWKHH Transported 4, trans in %: 100
 Path MXLZC_12->KRPUS_12
KRPUS_0->TWKHH_0
ID:343 CNLYG->PABLB Transported 11, trans in %: 100
 Path CNLYG_5->CNDLC_5
CNDLC_11->PABLB_11
ID:364 USLAX->VNSGN Transported 35, trans in %: 100
 Path USLAX_9->MYTPP_9
MYTPP_15->VNSGN_15
ID:369 USLAX->THLCH Transported 35, trans in %: 100
 Path USLAX_14->TWKHH_14
TWKHH_2->THLCH_2
ID:372 USLAX->PHMNL Transported 49, trans in %: 100
 Path USLAX_14->TWKHH_14
TWKHH_2->PHMNL_2
ID:375 USLAX->MYPEN Transported 1, trans in %: 100
 Path USLAX_9->MYTPP_9
MYTPP_2->MYPEN_2
ID:410 JPNGO->PABLB Transported 10, trans in %: 100
 Path JPNGO_5->TWKHH_5
TWKHH_14->KRPUS_14
KRPUS_11->PABLB_11
ID:419 JPNGO->MYTPP Transported 255, trans in %: 100
 Path JPNGO_5->TWKHH_5
TWKHH_9->MYTPP_9
ID:426 USOAK->JPHKT Transported 2, trans in %: 100
 Path USOAK_3->KRPUS_3
KRPUS_7->JPHKT_7
ID:438 USOAK->CNSHA Transported 33, trans in %: 100
 Path USOAK_3->KRPUS_3
KRPUS_17->CNSHA_17
ID:443 USOAK->JPYOK Transported 104, trans in %: 100
 Path USOAK_3->KRPUS_3
KRPUS_16->JPYOK_16
ID:446 MYPEN->PABLB Transported 17, trans in %: 100
 Path MYPEN_2->MYTPP_2
MYTPP_11->PABLB_11
ID:448 MYPEN->CNDLC Transported 4, trans in %: 100
 Path MYPEN_2->MYTPP_2
MYTPP_11->CNDLC_11
ID:450 MYPEN->VNSGN Transported 4, trans in %: 100
 Path MYPEN_2->MYTPP_2
MYTPP_15->VNSGN_15
ID:452 MYPEN->IDJKT Transported 1, trans in %: 100
 Path MYPEN_2->MYTPP_2
MYTPP_0->IDJKT_0
ID:457 MYPEN->CNTAO Transported 2, trans in %: 100
 Path MYPEN_2->MYTPP_2
MYTPP_11->CNTAO_11
ID:463 MYPEN->CNXMN Transported 1, trans in %: 100
 Path MYPEN_2->MYTPP_2
MYTPP_12->CNXMN_12
ID:464 MYPEN->CNYTN Transported 2, trans in %: 100
 Path MYPEN_2->MYTPP_2
MYTPP_8->CNYTN_8
ID:474 MYPKG->CNTAO Transported 2, trans in %: 100
 Path MYPKG_7->MYTPP_7
MYTPP_11->CNTAO_11
ID:476 MYPKG->SGSIN Transported 1, trans in %: 100
 Path MYPKG_7->MYTPP_7
MYTPP_17->SGSIN_17
ID:481 CNTAO->SVAQJ Transported 3, trans in %: 33.3333
 Path CNTAO_11->PABLB_11
PABLB_3->SVAQJ_3
ID:482 CNTAO->PABLB Transported 283, trans in %: 100
 Path CNTAO_11->PABLB_11
ID:483 CNTAO->NICIO Transported 4, trans in %: 100
 Path CNTAO_11->KRPUS_11
KRPUS_3->NICIO_3
ID:499 CNTAO->JPYOK Transported 3, trans in %: 100
 Path CNTAO_11->KRPUS_11
KRPUS_16->JPYOK_16
ID:504 USSEA->JPHKT Transported 39, trans in %: 100
 Path USSEA_3->KRPUS_3
KRPUS_7->JPHKT_7
ID:524 IDSRG->USLAX Transported 14, trans in %: 100
 Path IDSRG_2->TWKHH_2
TWKHH_14->USLAX_14
ID:530 IDSRG->JPYOK Transported 1, trans in %: 100
 Path IDSRG_2->TWKHH_2
TWKHH_14->JPYOK_14
ID:533 CNSHA->KRPUS Transported 3, trans in %: 100
 Path CNSHA_11->CNXMN_11
CNXMN_7->KRPUS_7
ID:534 CNSHA->NICIO Transported 15, trans in %: 100
 Path CNSHA_11->CNXMN_11
CNXMN_7->KRPUS_7
KRPUS_3->NICIO_3
ID:537 CNSHA->USHNL Transported 6, trans in %: 100
 Path CNSHA_11->CNXMN_11
CNXMN_7->KRPUS_7
KRPUS_3->USHNL_3
ID:541 CNSHA->USLGB Transported 53.3333, trans in %: 19.975
 Path CNSHA_5->CNDLC_5
CNDLC_11->USLGB_11
ID:553 CNSHA->JPTYO Transported 9, trans in %: 100
 Path CNSHA_12->HKHKG_12
HKHKG_14->JPTYO_14
ID:556 JPSMZ->MYTPP Transported 31, trans in %: 100
 Path JPSMZ_16->JPYOK_16
JPYOK_9->MYTPP_9
ID:560 SGSIN->CNDLC Transported 18, trans in %: 100
 Path SGSIN_2->MYTPP_2
MYTPP_11->CNDLC_11
ID:561 SGSIN->VNHPH Transported 36, trans in %: 100
 Path SGSIN_7->MYPKG_7
MYPKG_1->VNHPH_1
ID:567 SGSIN->JPUKB Transported 29, trans in %: 100
 Path SGSIN_7->KRPUS_7
KRPUS_3->JPUKB_3
ID:572 SGSIN->JPNGO Transported 8, trans in %: 100
 Path SGSIN_2->MYTPP_2
MYTPP_11->CNTAO_11
CNTAO_5->JPNGO_5
ID:576 SGSIN->CNTAO Transported 8, trans in %: 100
 Path SGSIN_2->MYTPP_2
MYTPP_11->CNTAO_11
ID:581 SGSIN->JPTYO Transported 4, trans in %: 100
 Path SGSIN_7->KRPUS_7
KRPUS_14->JPTYO_14
ID:593 IDSUB->USLAX Transported 15, trans in %: 100
 Path IDSUB_2->TWKHH_2
TWKHH_14->USLAX_14
ID:596 IDSUB->JPSMZ Transported 2, trans in %: 100
 Path IDSUB_2->TWKHH_2
TWKHH_14->KRPUS_14
KRPUS_16->JPSMZ_16
ID:601 IDSUB->JPYOK Transported 4, trans in %: 100
 Path IDSUB_2->TWKHH_2
TWKHH_14->JPYOK_14
ID:602 MYTPP->SVAQJ Transported 2, trans in %: 100
 Path MYTPP_11->PABLB_11
PABLB_3->SVAQJ_3
ID:603 MYTPP->PABLB Transported 301, trans in %: 13.4315
 Path MYTPP_11->PABLB_11
ID:623 MYTPP->USOAK Transported 33, trans in %: 100
 Path MYTPP_10->JPYOK_10
JPYOK_6->USOAK_6
ID:646 CAVAN->JPHKT Transported 7, trans in %: 100
 Path CAVAN_3->KRPUS_3
KRPUS_7->JPHKT_7
ID:654 CAVAN->CNSHA Transported 22, trans in %: 100
 Path CAVAN_3->KRPUS_3
KRPUS_17->CNSHA_17
ID:666 CNXMN->USLAX Transported 250, trans in %: 100
 Path CNXMN_7->KRPUS_7
KRPUS_14->USLAX_14
ID:668 CNXMN->USOAK Transported 37.3333, trans in %: 86.8217
 Path CNXMN_7->KRPUS_7
KRPUS_16->JPYOK_16
JPYOK_6->USOAK_6
ID:677 CNYTN->PABLB Transported 618.333, trans in %: 50.7246
 Path CNYTN_9->KRPUS_9
KRPUS_11->PABLB_11
ID:698 JPYOK->KRPUS Transported 20, trans in %: 100
 Path JPYOK_16->KRPUS_16
ID:703 JPYOK->VNSGN Transported 25, trans in %: 100
 Path JPYOK_9->MYTPP_9
MYTPP_15->VNSGN_15
ID:708 JPYOK->THLCH Transported 89, trans in %: 100
 Path JPYOK_9->TWKHH_9
TWKHH_2->THLCH_2
ID:711 JPYOK->PHMNL Transported 4, trans in %: 100
 Path JPYOK_9->TWKHH_9
TWKHH_2->PHMNL_2
ID:714 JPYOK->MYPEN Transported 2, trans in %: 100
 Path JPYOK_9->MYTPP_9
MYTPP_2->MYPEN_2
ID:5 SVAQJ->USLAX Transported 32, trans in %: 82.0513
 Path SVAQJ_3->CAVAN_3
CAVAN_6->USLAX_6
ID:15 PABLB->VNSGN Transported 22, trans in %: 100
 Path PABLB_10->TWKHH_10
TWKHH_8->MYTPP_8
MYTPP_15->VNSGN_15
ID:31 PABLB->MYTPP Transported 426.333, trans in %: 14.511
 Path PABLB_10->TWKHH_10
TWKHH_8->MYTPP_8
ID:33 PABLB->CNYTN Transported 15.6667, trans in %: 23.0392
 Path PABLB_12->CNYTN_12
ID:34 PABLB->JPYOK Transported 114, trans in %: 100
 Path PABLB_12->KRPUS_12
KRPUS_16->JPYOK_16
ID:39 KRPUS->USDUT Transported 1, trans in %: 100
 Path KRPUS_9->CAVAN_9
CAVAN_3->USDUT_3
ID:63 NICIO->USLAX Transported 2, trans in %: 100
 Path NICIO_3->CAVAN_3
CAVAN_6->USLAX_6
ID:79 CNDLC->VNSGN Transported 12, trans in %: 100
 Path CNDLC_6->TWKHH_6
TWKHH_8->MYTPP_8
MYTPP_15->VNSGN_15
ID:83 CNDLC->MXLZC Transported 87, trans in %: 100
 Path CNDLC_11->KRPUS_11
KRPUS_3->MXLZC_3
ID:88 CNDLC->MYPEN Transported 7, trans in %: 100
 Path CNDLC_6->TWKHH_6
TWKHH_8->MYTPP_8
MYTPP_2->MYPEN_2
ID:91 CNDLC->IDSRG Transported 9, trans in %: 100
 Path CNDLC_6->TWKHH_6
TWKHH_8->MYTPP_8
MYTPP_2->IDSRG_2
ID:93 CNDLC->IDSUB Transported 3, trans in %: 100
 Path CNDLC_6->TWKHH_6
TWKHH_8->MYTPP_8
MYTPP_2->IDSUB_2
ID:94 CNDLC->MYTPP Transported 378, trans in %: 52.8671
 Path CNDLC_6->TWKHH_6
TWKHH_8->MYTPP_8
ID:96 CNDLC->CAVAN Transported 22.3333, trans in %: 67.6768
 Path CNDLC_11->KRPUS_11
KRPUS_9->CAVAN_9
ID:105 USDUT->JPYOK Transported 22, trans in %: 100
 Path USDUT_3->KRPUS_3
KRPUS_16->JPYOK_16
ID:118 CNFOC->MXLZC Transported 8, trans in %: 100
 Path CNFOC_14->KRPUS_14
KRPUS_3->MXLZC_3
ID:122 CNFOC->USSEA Transported 6, trans in %: 100
 Path CNFOC_14->KRPUS_14
KRPUS_9->USSEA_9
ID:132 PHGES->USSEA Transported 19, trans in %: 100
 Path PHGES_0->JPYOK_0
JPYOK_16->KRPUS_16
KRPUS_9->USSEA_9
ID:135 PHGES->JPTYO Transported 2, trans in %: 100
 Path PHGES_0->JPYOK_0
JPYOK_16->KRPUS_16
KRPUS_14->JPTYO_14
ID:165 JPHKT->MYPEN Transported 1, trans in %: 100
 Path JPHKT_7->TWKHH_7
TWKHH_8->MYTPP_8
MYTPP_2->MYPEN_2
ID:172 VNSGN->USHNL Transported 5, trans in %: 100
 Path VNSGN_15->MYTPP_15
MYTPP_11->KRPUS_11
KRPUS_3->USHNL_3
ID:178 VNSGN->MXLZC Transported 4, trans in %: 100
 Path VNSGN_15->MYTPP_15
MYTPP_12->MXLZC_12
ID:184 VNSGN->MYPKG Transported 12, trans in %: 100
 Path VNSGN_15->MYTPP_15
MYTPP_1->MYPKG_1
ID:195 HKHKG->NICIO Transported 7, trans in %: 100
 Path HKHKG_7->KRPUS_7
KRPUS_3->NICIO_3
ID:198 HKHKG->USHNL Transported 3, trans in %: 100
 Path HKHKG_7->KRPUS_7
KRPUS_3->USHNL_3
ID:203 HKHKG->MXLZC Transported 45, trans in %: 100
 Path HKHKG_7->CNXMN_7
CNXMN_12->MXLZC_12
ID:211 HKHKG->USSEA Transported 114, trans in %: 100
 Path HKHKG_7->KRPUS_7
KRPUS_9->USSEA_9
ID:218 HKHKG->CAVAN Transported 46, trans in %: 100
 Path HKHKG_7->KRPUS_7
KRPUS_9->CAVAN_9
ID:234 IDJKT->USLAX Transported 90, trans in %: 82.5688
 Path IDJKT_0->JPYOK_0
JPYOK_14->USLAX_14
ID:239 IDJKT->USSEA Transported 15, trans in %: 100
 Path IDJKT_0->JPYOK_0
JPYOK_16->KRPUS_16
KRPUS_9->USSEA_9
ID:262 TWKHH->MYPEN Transported 12, trans in %: 100
 Path TWKHH_8->MYTPP_8
MYTPP_2->MYPEN_2
ID:265 TWKHH->IDSRG Transported 28, trans in %: 100
 Path TWKHH_8->MYTPP_8
MYTPP_2->IDSRG_2
ID:267 TWKHH->IDSUB Transported 35, trans in %: 100
 Path TWKHH_8->MYTPP_8
MYTPP_2->IDSUB_2
ID:307 THLCH->JPUKB Transported 53, trans in %: 19.4853
 Path THLCH_17->KRPUS_17
KRPUS_3->JPUKB_3
ID:309 THLCH->USLAX Transported 318.333, trans in %: 86.2692
 Path THLCH_17->CNTAO_17
CNTAO_5->USLAX_5
ID:322 THLCH->JPTYO Transported 4, trans in %: 100
 Path THLCH_17->KRPUS_17
KRPUS_14->JPTYO_14
ID:323 THLCH->CAVAN Transported 35, trans in %: 100
 Path THLCH_17->KRPUS_17
KRPUS_9->CAVAN_9
ID:346 CNLYG->MYPEN Transported 16, trans in %: 100
 Path CNLYG_5->CNDLC_5
CNDLC_6->TWKHH_6
TWKHH_8->MYTPP_8
MYTPP_2->MYPEN_2
ID:349 USLGB->CNDLC Transported 30, trans in %: 100
 Path USLGB_11->PABLB_11
PABLB_12->CNTAO_12
CNTAO_11->CNDLC_11
ID:357 USLAX->KRPUS Transported 366.333, trans in %: 96.4035
 Path USLAX_5->CNTAO_5
CNTAO_11->KRPUS_11
ID:358 USLAX->NICIO Transported 6, trans in %: 100
 Path USLAX_11->PABLB_11
PABLB_12->MXLZC_12
MXLZC_3->NICIO_3
ID:363 USLAX->JPHKT Transported 17, trans in %: 100
 Path USLAX_5->CNTAO_5
CNTAO_11->KRPUS_11
KRPUS_7->JPHKT_7
ID:373 USLAX->PAMIT Transported 9, trans in %: 100
 Path USLAX_11->PABLB_11
PABLB_12->MXLZC_12
MXLZC_3->PAMIT_3
ID:402 PAMIT->USLAX Transported 2, trans in %: 100
 Path PAMIT_3->CAVAN_3
CAVAN_6->USLAX_6
ID:417 JPNGO->IDSRG Transported 2, trans in %: 100
 Path JPNGO_5->TWKHH_5
TWKHH_8->MYTPP_8
MYTPP_2->IDSRG_2
ID:427 USOAK->VNSGN Transported 3, trans in %: 100
 Path USOAK_6->TWKHH_6
TWKHH_8->MYTPP_8
MYTPP_15->VNSGN_15
ID:428 USOAK->HKHKG Transported 27, trans in %: 100
 Path USOAK_6->TWKHH_6
TWKHH_14->HKHKG_14
ID:435 USOAK->MYPEN Transported 1, trans in %: 100
 Path USOAK_6->TWKHH_6
TWKHH_8->MYTPP_8
MYTPP_2->MYPEN_2
ID:440 USOAK->IDSUB Transported 2, trans in %: 100
 Path USOAK_6->TWKHH_6
TWKHH_8->MYTPP_8
MYTPP_2->IDSUB_2
ID:447 MYPEN->KRPUS Transported 7, trans in %: 100
 Path MYPEN_2->MYTPP_2
MYTPP_11->KRPUS_11
ID:449 MYPEN->VNHPH Transported 9, trans in %: 100
 Path MYPEN_2->TWKHH_2
TWKHH_4->VNHPH_4
ID:469 MYPKG->IDJKT Transported 1, trans in %: 100
 Path MYPKG_7->MYTPP_7
MYTPP_0->IDJKT_0
ID:471 MYPKG->MXLZC Transported 4, trans in %: 100
 Path MYPKG_7->CNXMN_7
CNXMN_12->MXLZC_12
ID:475 MYPKG->USSEA Transported 21, trans in %: 100
 Path MYPKG_7->KRPUS_7
KRPUS_9->USSEA_9
ID:479 MYPKG->CAVAN Transported 4, trans in %: 100
 Path MYPKG_7->KRPUS_7
KRPUS_9->CAVAN_9
ID:480 MYPKG->JPYOK Transported 3, trans in %: 100
 Path MYPKG_7->KRPUS_7
KRPUS_16->JPYOK_16
ID:498 CNTAO->CAVAN Transported 22, trans in %: 100
 Path CNTAO_11->KRPUS_11
KRPUS_9->CAVAN_9
ID:514 USSEA->CNSHA Transported 43, trans in %: 100
 Path USSEA_5->CNTAO_5
CNTAO_17->CNSHA_17
ID:529 IDSRG->MYTPP Transported 13, trans in %: 100
 Path IDSRG_2->TWKHH_2
TWKHH_8->MYTPP_8
ID:540 CNSHA->MXLZC Transported 193, trans in %: 100
 Path CNSHA_17->CNXMN_17
CNXMN_12->MXLZC_12
ID:564 SGSIN->HKHKG Transported 2, trans in %: 4.65116
 Path SGSIN_2->HKHKG_2
ID:565 SGSIN->IDJKT Transported 37, trans in %: 100
 Path SGSIN_2->MYTPP_2
MYTPP_0->IDJKT_0
ID:574 SGSIN->MYPEN Transported 3, trans in %: 100
 Path SGSIN_12->MYTPP_12
MYTPP_2->MYPEN_2
ID:578 SGSIN->CNSHA Transported 21, trans in %: 100
 Path SGSIN_2->TWKHH_2
TWKHH_5->CNSHA_5
ID:588 IDSUB->VNSGN Transported 3, trans in %: 100
 Path IDSUB_2->TWKHH_2
TWKHH_8->MYTPP_8
MYTPP_15->VNSGN_15
ID:598 IDSUB->MYTPP Transported 30, trans in %: 100
 Path IDSUB_2->TWKHH_2
TWKHH_8->MYTPP_8
ID:604 MYTPP->KRPUS Transported 173, trans in %: 100
 Path MYTPP_11->KRPUS_11
ID:607 MYTPP->CNFOC Transported 5, trans in %: 100
 Path MYTPP_2->TWKHH_2
TWKHH_14->CNFOC_14
ID:613 MYTPP->TWKHH Transported 76, trans in %: 98.7013
 Path MYTPP_2->TWKHH_2
ID:631 MYTPP->JPSMZ Transported 2, trans in %: 100
 Path MYTPP_11->KRPUS_11
KRPUS_16->JPSMZ_16
ID:634 MYTPP->JPTYO Transported 12, trans in %: 100
 Path MYTPP_11->KRPUS_11
KRPUS_14->JPTYO_14
ID:635 MYTPP->CAVAN Transported 11, trans in %: 100
 Path MYTPP_11->KRPUS_11
KRPUS_9->CAVAN_9
ID:670 CNXMN->USSEA Transported 139, trans in %: 100
 Path CNXMN_7->KRPUS_7
KRPUS_9->USSEA_9
ID:675 CNXMN->CAVAN Transported 27, trans in %: 100
 Path CNXMN_7->KRPUS_7
KRPUS_9->CAVAN_9
ID:716 JPYOK->USSEA Transported 4, trans in %: 100
 Path JPYOK_16->KRPUS_16
KRPUS_9->USSEA_9
ID:721 JPYOK->CNYTN Transported 15, trans in %: 100
 Path JPYOK_9->TWKHH_9
TWKHH_4->CNYTN_4
ID:12 PABLB->PHGES Transported 12, trans in %: 100
 Path PABLB_10->TWKHH_10
TWKHH_4->VNHPH_4
VNHPH_1->IDJKT_1
IDJKT_0->PHGES_0
ID:17 PABLB->IDJKT Transported 16, trans in %: 100
 Path PABLB_10->TWKHH_10
TWKHH_4->VNHPH_4
VNHPH_1->IDJKT_1
ID:23 PABLB->USLAX Transported 11, trans in %: 100
 Path PABLB_3->CAVAN_3
CAVAN_6->USLAX_6
ID:38 KRPUS->VNDAD Transported 2, trans in %: 100
 Path KRPUS_0->PHMNL_0
PHMNL_2->VNDAD_2
ID:45 KRPUS->THLCH Transported 21, trans in %: 100
 Path KRPUS_0->PHMNL_0
PHMNL_2->THLCH_2
ID:50 KRPUS->MYPEN Transported 14, trans in %: 100
 Path KRPUS_0->PHMNL_0
PHMNL_2->MYPEN_2
ID:56 KRPUS->IDSUB Transported 1, trans in %: 100
 Path KRPUS_0->PHMNL_0
PHMNL_2->IDSUB_2
ID:57 KRPUS->MYTPP Transported 123.667, trans in %: 10.7817
 Path KRPUS_12->MYTPP_12
ID:82 CNDLC->THLCH Transported 3, trans in %: 100
 Path CNDLC_6->TWKHH_6
TWKHH_2->THLCH_2
ID:99 USDUT->CNFOC Transported 4, trans in %: 100
 Path USDUT_3->KRPUS_3
KRPUS_0->TWKHH_0
TWKHH_14->CNFOC_14
ID:117 CNFOC->THLCH Transported 7, trans in %: 100
 Path CNFOC_14->KRPUS_14
KRPUS_0->PHMNL_0
PHMNL_2->THLCH_2
ID:193 HKHKG->PABLB Transported 391, trans in %: 88.0631
 Path HKHKG_7->CNXMN_7
CNXMN_12->PABLB_12
ID:212 HKHKG->IDSRG Transported 5, trans in %: 100
 Path HKHKG_4->PHMNL_4
PHMNL_2->IDSRG_2
ID:215 HKHKG->IDSUB Transported 3, trans in %: 100
 Path HKHKG_4->PHMNL_4
PHMNL_2->IDSUB_2
ID:229 IDJKT->HKHKG Transported 4, trans in %: 100
 Path IDJKT_0->JPYOK_0
JPYOK_9->TWKHH_9
TWKHH_14->HKHKG_14
ID:230 IDJKT->TWKHH Transported 5, trans in %: 100
 Path IDJKT_0->JPYOK_0
JPYOK_9->TWKHH_9
ID:281 JPUKB->VNHPH Transported 9, trans in %: 100
 Path JPUKB_0->TWKHH_0
TWKHH_4->VNHPH_4
ID:282 JPUKB->VNSGN Transported 10, trans in %: 100
 Path JPUKB_0->MYTPP_0
MYTPP_15->VNSGN_15
ID:284 JPUKB->IDJKT Transported 12, trans in %: 100
 Path JPUKB_0->TWKHH_0
TWKHH_4->VNHPH_4
VNHPH_1->IDJKT_1
ID:290 JPUKB->MYPKG Transported 6, trans in %: 100
 Path JPUKB_0->TWKHH_0
TWKHH_7->MYPKG_7
ID:354 USLGB->SGSIN Transported 2, trans in %: 100
 Path USLGB_11->CNXMN_11
CNXMN_17->SGSIN_17
ID:384 USLAX->CNYTN Transported 10, trans in %: 100
 Path USLAX_14->TWKHH_14
TWKHH_4->CNYTN_4
ID:401 PAMIT->THLCH Transported 3, trans in %: 100
 Path PAMIT_3->KRPUS_3
KRPUS_0->PHMNL_0
PHMNL_2->THLCH_2
ID:403 PAMIT->JPNGO Transported 2, trans in %: 100
 Path PAMIT_3->CAVAN_3
CAVAN_6->USLAX_6
USLAX_5->JPNGO_5
ID:434 USOAK->JPNGO Transported 6, trans in %: 100
 Path USOAK_6->USLAX_6
USLAX_5->JPNGO_5
ID:453 MYPEN->JPUKB Transported 1, trans in %: 100
 Path MYPEN_2->MYTPP_2
MYTPP_10->JPYOK_10
JPYOK_0->JPUKB_0
ID:455 MYPEN->USLAX Transported 18, trans in %: 100
 Path MYPEN_2->MYTPP_2
MYTPP_11->CNTAO_11
CNTAO_5->USLAX_5
ID:458 MYPEN->USSEA Transported 1, trans in %: 100
 Path MYPEN_2->MYTPP_2
MYTPP_11->CNDLC_11
CNDLC_5->USSEA_5
ID:465 MYPKG->PABLB Transported 26, trans in %: 100
 Path MYPKG_7->CNXMN_7
CNXMN_12->PABLB_12
ID:472 MYPKG->USLAX Transported 38.6667, trans in %: 50.2165
 Path MYPKG_7->MYTPP_7
MYTPP_11->CNTAO_11
CNTAO_5->USLAX_5
ID:492 CNTAO->MYPEN Transported 10, trans in %: 100
 Path CNTAO_12->MYTPP_12
MYTPP_2->MYPEN_2
ID:494 CNTAO->USSEA Transported 5.66667, trans in %: 56.6667
 Path CNTAO_11->CNDLC_11
CNDLC_5->USSEA_5
ID:505 USSEA->VNSGN Transported 6, trans in %: 100
 Path USSEA_9->MYTPP_9
MYTPP_15->VNSGN_15
ID:507 USSEA->IDJKT Transported 13, trans in %: 100
 Path USSEA_9->TWKHH_9
TWKHH_4->VNHPH_4
VNHPH_1->IDJKT_1
ID:510 USSEA->JPNGO Transported 32, trans in %: 100
 Path USSEA_9->USLAX_9
USLAX_5->JPNGO_5
ID:519 USSEA->CNYTN Transported 3, trans in %: 100
 Path USSEA_9->TWKHH_9
TWKHH_4->CNYTN_4
ID:532 CNSHA->PABLB Transported 190, trans in %: 22.1704
 Path CNSHA_17->CNXMN_17
CNXMN_12->PABLB_12
ID:536 CNSHA->VNSGN Transported 10, trans in %: 100
 Path CNSHA_12->MYTPP_12
MYTPP_15->VNSGN_15
ID:546 CNSHA->MYPEN Transported 17, trans in %: 100
 Path CNSHA_12->MYTPP_12
MYTPP_2->MYPEN_2
ID:547 CNSHA->MYPKG Transported 116, trans in %: 100
 Path CNSHA_12->HKHKG_12
HKHKG_7->MYPKG_7
ID:549 CNSHA->IDSRG Transported 34, trans in %: 100
 Path CNSHA_12->MYTPP_12
MYTPP_2->IDSRG_2
ID:552 CNSHA->MYTPP Transported 1260.33, trans in %: 72.4746
 Path CNSHA_12->MYTPP_12
ID:569 SGSIN->USLAX Transported 34, trans in %: 100
 Path SGSIN_2->MYTPP_2
MYTPP_11->CNTAO_11
CNTAO_5->USLAX_5
ID:591 IDSUB->JPUKB Transported 4, trans in %: 100
 Path IDSUB_2->TWKHH_2
TWKHH_6->JPYOK_6
JPYOK_0->JPUKB_0
ID:615 MYTPP->JPUKB Transported 55, trans in %: 57.2917
 Path MYTPP_10->JPYOK_10
JPYOK_0->JPUKB_0
ID:619 MYTPP->USLAX Transported 250, trans in %: 100
 Path MYTPP_11->CNTAO_11
CNTAO_5->USLAX_5
ID:628 MYTPP->USSEA Transported 44, trans in %: 100
 Path MYTPP_11->CNDLC_11
CNDLC_5->USSEA_5
ID:630 MYTPP->CNSHA Transported 208, trans in %: 100
 Path MYTPP_11->CNTAO_11
CNTAO_12->CNSHA_12
ID:639 JPTYO->IDJKT Transported 1, trans in %: 100
 Path JPTYO_14->JPYOK_14
JPYOK_9->TWKHH_9
TWKHH_4->VNHPH_4
VNHPH_1->IDJKT_1
ID:640 JPTYO->THLCH Transported 28, trans in %: 100
 Path JPTYO_14->JPYOK_14
JPYOK_9->TWKHH_9
TWKHH_2->THLCH_2
ID:642 JPTYO->MYTPP Transported 6, trans in %: 100
 Path JPTYO_14->JPYOK_14
JPYOK_9->MYTPP_9
ID:652 CAVAN->JPNGO Transported 11, trans in %: 100
 Path CAVAN_6->USLAX_6
USLAX_5->JPNGO_5
ID:659 CNXMN->SVAQJ Transported 6, trans in %: 100
 Path CNXMN_12->PABLB_12
PABLB_3->SVAQJ_3
ID:678 CNYTN->KRPUS Transported 10, trans in %: 100
 Path CNYTN_8->TWKHH_8
TWKHH_14->KRPUS_14
ID:688 CNYTN->MYPKG Transported 20, trans in %: 100
 Path CNYTN_8->TWKHH_8
TWKHH_7->MYPKG_7
ID:700 JPYOK->CNFOC Transported 2, trans in %: 100
 Path JPYOK_9->TWKHH_9
TWKHH_14->CNFOC_14
ID:704 JPYOK->HKHKG Transported 7, trans in %: 100
 Path JPYOK_9->TWKHH_9
TWKHH_14->HKHKG_14
ID:720 JPYOK->CNXMN Transported 1, trans in %: 100
 Path JPYOK_16->KRPUS_16
KRPUS_17->CNXMN_17
ID:72 VNDAD->JPSMZ Transported 1, trans in %: 100
 Path VNDAD_2->TWKHH_2
TWKHH_14->KRPUS_14
KRPUS_16->JPSMZ_16
ID:125 PHGES->PABLB Transported 24, trans in %: 100
 Path PHGES_0->JPYOK_0
JPYOK_10->PABLB_10
ID:130 PHGES->USLAX Transported 22, trans in %: 100
 Path PHGES_0->JPYOK_0
JPYOK_6->USLAX_6
ID:170 VNSGN->PABLB Transported 144.333, trans in %: 91.9321
 Path VNSGN_15->MYTPP_15
MYTPP_12->PABLB_12
ID:177 VNSGN->THLCH Transported 8, trans in %: 100
 Path VNSGN_1->VNHPH_1
VNHPH_4->PHMNL_4
PHMNL_2->THLCH_2
ID:180 VNSGN->PHMNL Transported 21, trans in %: 100
 Path VNSGN_1->VNHPH_1
VNHPH_4->PHMNL_4
ID:182 VNSGN->USOAK Transported 15, trans in %: 100
 Path VNSGN_1->VNHPH_1
VNHPH_4->TWKHH_4
TWKHH_6->USOAK_6
ID:185 VNSGN->USSEA Transported 24, trans in %: 100
 Path VNSGN_15->MYTPP_15
MYTPP_11->CNDLC_11
CNDLC_5->USSEA_5
ID:190 VNSGN->CAVAN Transported 1, trans in %: 100
 Path VNSGN_1->VNHPH_1
VNHPH_4->TWKHH_4
TWKHH_6->CAVAN_6
ID:227 IDJKT->PABLB Transported 41, trans in %: 100
 Path IDJKT_0->JPYOK_0
JPYOK_10->PABLB_10
ID:234 IDJKT->USLAX Transported 19, trans in %: 17.4312
 Path IDJKT_0->JPYOK_0
JPYOK_6->USLAX_6
ID:308 THLCH->MXLZC Transported 48, trans in %: 100
 Path THLCH_2->MYTPP_2
MYTPP_12->MXLZC_12
ID:462 MYPEN->CAVAN Transported 1, trans in %: 100
 Path MYPEN_2->TWKHH_2
TWKHH_6->CAVAN_6
ID:485 CNTAO->VNHPH Transported 3, trans in %: 100
 Path CNTAO_11->CNDLC_11
CNDLC_6->TWKHH_6
TWKHH_4->VNHPH_4
ID:488 CNTAO->MXLZC Transported 10, trans in %: 100
 Path CNTAO_11->KRPUS_11
KRPUS_3->MXLZC_3
ID:491 CNTAO->USOAK Transported 14, trans in %: 100
 Path CNTAO_11->KRPUS_11
KRPUS_16->JPYOK_16
JPYOK_6->USOAK_6
ID:509 USSEA->PHMNL Transported 24, trans in %: 100
 Path USSEA_9->TWKHH_9
TWKHH_2->PHMNL_2
ID:522 IDSRG->KRPUS Transported 2, trans in %: 100
 Path IDSRG_2->TWKHH_2
TWKHH_14->KRPUS_14
ID:525 IDSRG->JPNGO Transported 2, trans in %: 100
 Path IDSRG_2->TWKHH_2
TWKHH_14->KRPUS_14
KRPUS_12->CNTAO_12
CNTAO_5->JPNGO_5
ID:531 CNSHA->SVAQJ Transported 29, trans in %: 100
 Path CNSHA_11->CNXMN_11
CNXMN_12->PABLB_12
PABLB_3->SVAQJ_3
ID:532 CNSHA->PABLB Transported 667, trans in %: 77.8296
 Path CNSHA_11->CNXMN_11
CNXMN_12->PABLB_12
ID:541 CNSHA->USLGB Transported 213.667, trans in %: 80.025
 Path CNSHA_11->CNXMN_11
CNXMN_7->KRPUS_7
KRPUS_11->USLGB_11
ID:554 CNSHA->CAVAN Transported 29, trans in %: 100
 Path CNSHA_11->CNXMN_11
CNXMN_7->KRPUS_7
KRPUS_9->CAVAN_9
ID:582 SGSIN->CAVAN Transported 3, trans in %: 100
 Path SGSIN_7->KRPUS_7
KRPUS_9->CAVAN_9
ID:585 SGSIN->JPYOK Transported 44, trans in %: 100
 Path SGSIN_7->KRPUS_7
KRPUS_16->JPYOK_16
ID:600 IDSUB->CAVAN Transported 2, trans in %: 100
 Path IDSUB_2->TWKHH_2
TWKHH_6->CAVAN_6
ID:662 CNXMN->VNSGN Transported 3, trans in %: 100
 Path CNXMN_17->MYTPP_17
MYTPP_15->VNSGN_15
ID:671 CNXMN->IDSRG Transported 7, trans in %: 100
 Path CNXMN_17->MYTPP_17
MYTPP_2->IDSRG_2
ID:673 CNXMN->IDSUB Transported 4, trans in %: 100
 Path CNXMN_17->MYTPP_17
MYTPP_2->IDSUB_2
ID:677 CNYTN->PABLB Transported 231.333, trans in %: 18.9773
 Path CNYTN_8->TWKHH_8
TWKHH_6->JPYOK_6
JPYOK_10->PABLB_10
ID:683 CNYTN->USLAX Transported 354, trans in %: 19.4827
 Path CNYTN_8->TWKHH_8
TWKHH_6->USLAX_6
ID:687 CNYTN->MYPEN Transported 7.33333, trans in %: 28.2051
 Path CNYTN_12->MYTPP_12
MYTPP_2->MYPEN_2
ID:695 CNYTN->CAVAN Transported 90.3333, trans in %: 63.615
 Path CNYTN_8->TWKHH_8
TWKHH_6->CAVAN_6
ID:49 KRPUS->USOAK Transported 35, trans in %: 100
 Path KRPUS_16->JPYOK_16
JPYOK_6->USOAK_6
ID:57 KRPUS->MYTPP Transported 155.333, trans in %: 13.5426
 Path KRPUS_7->TWKHH_7
TWKHH_8->MYTPP_8
ID:65 VNDAD->SVAQJ Transported 3, trans in %: 100
 Path VNDAD_2->TWKHH_2
TWKHH_14->KRPUS_14
KRPUS_3->SVAQJ_3
ID:66 VNDAD->PABLB Transported 5, trans in %: 100
 Path VNDAD_2->TWKHH_2
TWKHH_14->JPYOK_14
JPYOK_10->PABLB_10
ID:69 VNDAD->MXLZC Transported 2, trans in %: 100
 Path VNDAD_2->TWKHH_2
TWKHH_14->KRPUS_14
KRPUS_3->MXLZC_3
ID:71 VNDAD->MYPKG Transported 1, trans in %: 100
 Path VNDAD_2->TWKHH_2
TWKHH_7->MYPKG_7
ID:102 USDUT->TWKHH Transported 1, trans in %: 100
 Path USDUT_3->KRPUS_3
KRPUS_7->TWKHH_7
ID:123 CNFOC->SGSIN Transported 7, trans in %: 100
 Path CNFOC_14->KRPUS_14
KRPUS_7->SGSIN_7
ID:124 CNFOC->MYTPP Transported 95, trans in %: 100
 Path CNFOC_14->JPYOK_14
JPYOK_9->MYTPP_9
ID:139 VNHPH->PABLB Transported 44, trans in %: 100
 Path VNHPH_4->TWKHH_4
TWKHH_14->JPYOK_14
JPYOK_10->PABLB_10
ID:145 VNHPH->MXLZC Transported 7, trans in %: 100
 Path VNHPH_4->TWKHH_4
TWKHH_14->KRPUS_14
KRPUS_3->MXLZC_3
ID:146 VNHPH->USLAX Transported 41, trans in %: 100
 Path VNHPH_4->TWKHH_4
TWKHH_14->USLAX_14
ID:153 VNHPH->IDSUB Transported 4, trans in %: 100
 Path VNHPH_4->PHMNL_4
PHMNL_2->IDSUB_2
ID:169 VNSGN->SVAQJ Transported 3, trans in %: 100
 Path VNSGN_15->MYTPP_15
MYTPP_11->KRPUS_11
KRPUS_3->SVAQJ_3
ID:170 VNSGN->PABLB Transported 12.6667, trans in %: 8.06794
 Path VNSGN_15->MYTPP_15
MYTPP_10->PABLB_10
ID:174 VNSGN->TWKHH Transported 58, trans in %: 100
 Path VNSGN_1->VNHPH_1
VNHPH_4->TWKHH_4
ID:176 VNSGN->JPUKB Transported 4, trans in %: 100
 Path VNSGN_1->VNHPH_1
VNHPH_4->TWKHH_4
TWKHH_14->JPYOK_14
JPYOK_0->JPUKB_0
ID:179 VNSGN->USLAX Transported 174, trans in %: 58.7838
 Path VNSGN_1->VNHPH_1
VNHPH_4->TWKHH_4
TWKHH_14->USLAX_14
ID:191 VNSGN->JPYOK Transported 3, trans in %: 100
 Path VNSGN_1->VNHPH_1
VNHPH_4->TWKHH_4
TWKHH_14->JPYOK_14
ID:193 HKHKG->PABLB Transported 53, trans in %: 11.9369
 Path HKHKG_17->CNTAO_17
CNTAO_11->PABLB_11
ID:242 IDJKT->MYTPP Transported 48, trans in %: 24.3655
 Path IDJKT_0->JPYOK_0
JPYOK_9->MYTPP_9
ID:245 TWKHH->SVAQJ Transported 8, trans in %: 100
 Path TWKHH_14->KRPUS_14
KRPUS_3->SVAQJ_3
ID:248 TWKHH->NICIO Transported 8, trans in %: 100
 Path TWKHH_14->KRPUS_14
KRPUS_3->NICIO_3
ID:253 TWKHH->USHNL Transported 1, trans in %: 100
 Path TWKHH_14->KRPUS_14
KRPUS_3->USHNL_3
ID:256 TWKHH->MXLZC Transported 7, trans in %: 100
 Path TWKHH_14->KRPUS_14
KRPUS_3->MXLZC_3
ID:259 TWKHH->PAMIT Transported 6, trans in %: 100
 Path TWKHH_14->KRPUS_14
KRPUS_3->PAMIT_3
ID:264 TWKHH->USSEA Transported 46.6667, trans in %: 68.6275
 Path TWKHH_14->KRPUS_14
KRPUS_9->USSEA_9
ID:287 JPUKB->USLAX Transported 69, trans in %: 100
 Path JPUKB_3->CAVAN_3
CAVAN_9->USLAX_9
ID:307 THLCH->JPUKB Transported 109.667, trans in %: 40.3186
 Path THLCH_17->KRPUS_17
KRPUS_16->JPYOK_16
JPYOK_0->JPUKB_0
ID:335 MXLZC->USLAX Transported 54, trans in %: 100
 Path MXLZC_3->CAVAN_3
CAVAN_6->USLAX_6
ID:337 MXLZC->JPNGO Transported 3, trans in %: 100
 Path MXLZC_3->CAVAN_3
CAVAN_6->USLAX_6
USLAX_5->JPNGO_5
ID:351 USLGB->THLCH Transported 3, trans in %: 100
 Path USLGB_11->CNYTN_11
CNYTN_4->PHMNL_4
PHMNL_2->THLCH_2
ID:352 USLGB->PHMNL Transported 2, trans in %: 100
 Path USLGB_11->CNYTN_11
CNYTN_4->PHMNL_4
ID:386 PHMNL->PABLB Transported 17, trans in %: 100
 Path PHMNL_4->TWKHH_4
TWKHH_14->JPYOK_14
JPYOK_10->PABLB_10
ID:392 PHMNL->MXLZC Transported 1, trans in %: 100
 Path PHMNL_4->TWKHH_4
TWKHH_14->KRPUS_14
KRPUS_3->MXLZC_3
ID:395 PHMNL->USSEA Transported 5, trans in %: 100
 Path PHMNL_4->TWKHH_4
TWKHH_14->KRPUS_14
KRPUS_9->USSEA_9
ID:466 MYPKG->CNFOC Transported 2, trans in %: 100
 Path MYPKG_1->VNHPH_1
VNHPH_4->TWKHH_4
TWKHH_14->CNFOC_14
ID:470 MYPKG->THLCH Transported 5, trans in %: 100
 Path MYPKG_1->VNHPH_1
VNHPH_4->PHMNL_4
PHMNL_2->THLCH_2
ID:472 MYPKG->USLAX Transported 38.3333, trans in %: 49.7835
 Path MYPKG_7->KRPUS_7
KRPUS_14->USLAX_14
ID:481 CNTAO->SVAQJ Transported 6, trans in %: 66.6667
 Path CNTAO_11->KRPUS_11
KRPUS_3->SVAQJ_3
ID:486 CNTAO->IDJKT Transported 45, trans in %: 100
 Path CNTAO_11->CNDLC_11
CNDLC_6->TWKHH_6
TWKHH_4->VNHPH_4
VNHPH_1->IDJKT_1
ID:511 USSEA->MYPEN Transported 3, trans in %: 100
 Path USSEA_9->MYTPP_9
MYTPP_2->MYPEN_2
ID:516 USSEA->IDSUB Transported 6, trans in %: 100
 Path USSEA_9->MYTPP_9
MYTPP_2->IDSUB_2
ID:521 IDSRG->PABLB Transported 9, trans in %: 100
 Path IDSRG_2->TWKHH_2
TWKHH_14->JPYOK_14
JPYOK_10->PABLB_10
ID:526 IDSRG->MYPKG Transported 6, trans in %: 100
 Path IDSRG_2->TWKHH_2
TWKHH_7->MYPKG_7
ID:527 IDSRG->USSEA Transported 6, trans in %: 100
 Path IDSRG_2->TWKHH_2
TWKHH_14->KRPUS_14
KRPUS_9->USSEA_9
ID:535 CNSHA->PHGES Transported 7, trans in %: 100
 Path CNSHA_11->MYTPP_11
MYTPP_0->PHGES_0
ID:538 CNSHA->IDJKT Transported 30.6667, trans in %: 33.3333
 Path CNSHA_12->HKHKG_12
HKHKG_4->VNHPH_4
VNHPH_1->IDJKT_1
ID:577 SGSIN->USSEA Transported 7, trans in %: 100
 Path SGSIN_7->KRPUS_7
KRPUS_9->USSEA_9
ID:586 IDSUB->SVAQJ Transported 3, trans in %: 100
 Path IDSUB_2->TWKHH_2
TWKHH_14->KRPUS_14
KRPUS_3->SVAQJ_3
ID:587 IDSUB->PABLB Transported 37, trans in %: 100
 Path IDSUB_2->TWKHH_2
TWKHH_14->JPYOK_14
JPYOK_10->PABLB_10
ID:595 IDSUB->USSEA Transported 2, trans in %: 100
 Path IDSUB_2->TWKHH_2
TWKHH_14->KRPUS_14
KRPUS_9->USSEA_9
ID:641 JPTYO->IDSUB Transported 1, trans in %: 100
 Path JPTYO_14->JPYOK_14
JPYOK_9->MYTPP_9
MYTPP_2->IDSUB_2
ID:655 CAVAN->IDSUB Transported 5, trans in %: 100
 Path CAVAN_9->MYTPP_9
MYTPP_2->IDSUB_2
ID:664 CNXMN->THLCH Transported 5, trans in %: 100
 Path CNXMN_11->CNYTN_11
CNYTN_4->PHMNL_4
PHMNL_2->THLCH_2
ID:676 CNYTN->SVAQJ Transported 31, trans in %: 100
 Path CNYTN_8->TWKHH_8
TWKHH_14->KRPUS_14
KRPUS_3->SVAQJ_3
ID:679 CNYTN->NICIO Transported 16, trans in %: 100
 Path CNYTN_8->TWKHH_8
TWKHH_14->KRPUS_14
KRPUS_3->NICIO_3
ID:680 CNYTN->USHNL Transported 12, trans in %: 100
 Path CNYTN_8->TWKHH_8
TWKHH_14->KRPUS_14
KRPUS_3->USHNL_3
ID:682 CNYTN->MXLZC Transported 171, trans in %: 89.5288
 Path CNYTN_8->TWKHH_8
TWKHH_14->KRPUS_14
KRPUS_3->MXLZC_3
ID:685 CNYTN->PAMIT Transported 54, trans in %: 100
 Path CNYTN_8->TWKHH_8
TWKHH_14->KRPUS_14
KRPUS_3->PAMIT_3
ID:696 CNYTN->JPYOK Transported 9, trans in %: 100
 Path CNYTN_8->TWKHH_8
TWKHH_14->JPYOK_14
ID:0 SVAQJ->PABLB Transported 16, trans in %: 100
 Path SVAQJ_3->USSEA_3
USSEA_9->USLAX_9
USLAX_11->PABLB_11
ID:4 SVAQJ->MXLZC Transported 5, trans in %: 100
 Path SVAQJ_3->USSEA_3
USSEA_9->USLAX_9
USLAX_11->PABLB_11
PABLB_12->MXLZC_12
ID:5 SVAQJ->USLAX Transported 7, trans in %: 17.9487
 Path SVAQJ_3->USSEA_3
USSEA_9->USLAX_9
ID:6 SVAQJ->MYTPP Transported 1, trans in %: 100
 Path SVAQJ_3->KRPUS_3
KRPUS_16->JPYOK_16
JPYOK_9->MYTPP_9
ID:57 KRPUS->MYTPP Transported 196, trans in %: 17.0881
 Path KRPUS_16->JPYOK_16
JPYOK_9->MYTPP_9
ID:73 VNDAD->SGSIN Transported 3, trans in %: 100
 Path VNDAD_2->TWKHH_2
TWKHH_7->SGSIN_7
ID:151 VNHPH->USSEA Transported 26, trans in %: 100
 Path VNHPH_4->TWKHH_4
TWKHH_5->USSEA_5
ID:179 VNSGN->USLAX Transported 122, trans in %: 41.2162
 Path VNSGN_15->MYTPP_15
MYTPP_11->CNTAO_11
CNTAO_5->USLAX_5
ID:192 HKHKG->SVAQJ Transported 20, trans in %: 100
 Path HKHKG_7->KRPUS_7
KRPUS_3->SVAQJ_3
ID:264 TWKHH->USSEA Transported 21.3333, trans in %: 31.3725
 Path TWKHH_5->USSEA_5
ID:273 TWKEL->VNSGN Transported 7, trans in %: 100
 Path TWKEL_2->PHMNL_2
PHMNL_0->MYTPP_0
MYTPP_15->VNSGN_15
ID:277 TWKEL->MYTPP Transported 39.6667, trans in %: 52.8889
 Path TWKEL_2->PHMNL_2
PHMNL_0->MYTPP_0
ID:292 JPUKB->SGSIN Transported 12, trans in %: 100
 Path JPUKB_0->TWKHH_0
TWKHH_7->SGSIN_7
ID:301 THLCH->VNHPH Transported 27, trans in %: 65.8537
 Path THLCH_2->TWKHH_2
TWKHH_4->VNHPH_4
ID:307 THLCH->JPUKB Transported 109.333, trans in %: 40.1961
 Path THLCH_2->MYTPP_2
MYTPP_10->JPYOK_10
JPYOK_0->JPUKB_0
ID:334 MXLZC->THLCH Transported 1, trans in %: 100
 Path MXLZC_12->KRPUS_12
KRPUS_0->PHMNL_0
PHMNL_2->THLCH_2
ID:407 PAMIT->MYTPP Transported 18, trans in %: 100
 Path PAMIT_3->KRPUS_3
KRPUS_16->JPYOK_16
JPYOK_9->MYTPP_9
ID:487 CNTAO->THLCH Transported 7, trans in %: 100
 Path CNTAO_11->KRPUS_11
KRPUS_0->PHMNL_0
PHMNL_2->THLCH_2
ID:493 CNTAO->MYPKG Transported 12, trans in %: 100
 Path CNTAO_11->KRPUS_11
KRPUS_7->MYPKG_7
ID:528 IDSRG->SGSIN Transported 2, trans in %: 100
 Path IDSRG_2->TWKHH_2
TWKHH_7->SGSIN_7
ID:538 CNSHA->IDJKT Transported 20, trans in %: 21.7391
 Path CNSHA_17->MYTPP_17
MYTPP_0->IDJKT_0
ID:539 CNSHA->THLCH Transported 31, trans in %: 100
 Path CNSHA_11->CNYTN_11
CNYTN_4->PHMNL_4
PHMNL_2->THLCH_2
ID:543 CNSHA->PHMNL Transported 2, trans in %: 100
 Path CNSHA_11->CNYTN_11
CNYTN_4->PHMNL_4
ID:545 CNSHA->USOAK Transported 86, trans in %: 43.4343
 Path CNSHA_12->HKHKG_12
HKHKG_2->TWKHH_2
TWKHH_6->USOAK_6
ID:584 SGSIN->CNYTN Transported 26, trans in %: 100
 Path SGSIN_12->CNXMN_12
CNXMN_11->CNYTN_11
ID:597 IDSUB->SGSIN Transported 3, trans in %: 100
 Path IDSUB_2->TWKHH_2
TWKHH_7->SGSIN_7
ID:648 CAVAN->IDJKT Transported 9, trans in %: 100
 Path CAVAN_9->TWKHH_9
TWKHH_4->VNHPH_4
VNHPH_1->IDJKT_1
ID:651 CAVAN->PHMNL Transported 5, trans in %: 100
 Path CAVAN_9->TWKHH_9
TWKHH_2->PHMNL_2
ID:657 CAVAN->CNYTN Transported 10, trans in %: 100
 Path CAVAN_9->TWKHH_9
TWKHH_4->CNYTN_4
ID:47 KRPUS->USLAX Transported 20.3333, trans in %: 5.4078
 Path KRPUS_9->USLAX_9
ID:296 THLCH->PABLB Transported 28, trans in %: 12.9032
 Path THLCH_17->CNTAO_17
CNTAO_11->PABLB_11
ID:473 MYPKG->USOAK Transported 2, trans in %: 100
 Path MYPKG_1->VNHPH_1
VNHPH_4->TWKHH_4
TWKHH_6->USOAK_6
ID:538 CNSHA->IDJKT Transported 41.3333, trans in %: 44.9275
 Path CNSHA_11->CNYTN_11
CNYTN_4->VNHPH_4
VNHPH_1->IDJKT_1
ID:545 CNSHA->USOAK Transported 61.3333, trans in %: 30.9764
 Path CNSHA_5->CNDLC_5
CNDLC_6->USOAK_6
ID:677 CNYTN->PABLB Transported 6.66667, trans in %: 0.546896
 Path CNYTN_8->TWKHH_8
TWKHH_14->KRPUS_14
KRPUS_11->PABLB_11
ID:545 CNSHA->USOAK Transported 50.6667, trans in %: 25.5892
 Path CNSHA_11->CNYTN_11
CNYTN_8->TWKHH_8
TWKHH_6->USOAK_6
 *************** Rejected *****************
ID:48 KRPUS->PAMIT Rejected 38, in %: 100
ID:70 VNDAD->JPOSA Rejected 1, in %: 100
ID:78 CNDLC->MXESE Rejected 1, in %: 100
ID:86 CNDLC->PAMIT Rejected 86, in %: 100
ID:106 MXESE->KRPUS Rejected 4, in %: 100
ID:107 MXESE->CNDLC Rejected 2, in %: 100
ID:108 MXESE->CNFOC Rejected 2, in %: 100
ID:109 MXESE->HKHKG Rejected 2, in %: 100
ID:110 MXESE->THLCH Rejected 3, in %: 100
ID:111 MXESE->MYPEN Rejected 3, in %: 100
ID:112 MXESE->MYPKG Rejected 2, in %: 100
ID:113 MXESE->CNTAO Rejected 4, in %: 100
ID:114 MXESE->JPYOK Rejected 11, in %: 100
ID:138 GUGUM->TWKHH Rejected 2, in %: 100
ID:181 VNSGN->PAMIT Rejected 2, in %: 100
ID:206 HKHKG->PAMIT Rejected 48, in %: 100
ID:296 THLCH->PABLB Rejected 188, in %: 86.6359
ID:309 THLCH->USLAX Rejected 50.6667, in %: 13.7308
ID:310 THLCH->PAMIT Rejected 8, in %: 100
ID:315 THLCH->USSEA Rejected 74, in %: 100
ID:368 USLAX->JPUKB Rejected 10, in %: 10.4167
ID:444 JPOSA->KRPUS Rejected 2, in %: 100
ID:445 JPOSA->MYTPP Rejected 2, in %: 100
ID:484 CNTAO->MXESE Rejected 3, in %: 100
ID:490 CNTAO->PAMIT Rejected 35, in %: 100
ID:494 CNTAO->USSEA Rejected 4.33333, in %: 43.3333
ID:544 CNSHA->PAMIT Rejected 95, in %: 100
ID:571 SGSIN->PAMIT Rejected 1, in %: 100
ID:621 MYTPP->PAMIT Rejected 10, in %: 100
ID:624 MYTPP->JPOSA Rejected 1, in %: 100
ID:699 JPYOK->MXESE Rejected 2, in %: 100
*********************************************
Objective value: 3.06578e+06  Objective value without penalty: 3.76278e+06
 Half year Objective (FERNANDO) 7.66446e+07
Vessel Class cost: 9.597e+06
Bunker idle burn cost: 279480
fuel_burn: 1.32835e+07
Port Call Cost: 1.42377e+06
Canal costs 230400
Revenue: 4.72649e+07
Penalty: 697000
Handling cost: 1.8688e+07
transported % 98.4224
deployment % 99
0.414167 service id 16
0.605625 service id 13
0.640208 service id 17
0.653389 service id 12
0.685154 service id 5
0.690833 service id 8
0.765069 service id 9
0.820556 service id 2
0.825694 service id 6
0.846194 service id 11
0.851354 service id 3
0.859563 service id 14
0.890741 service id 1
0.896914 service id 7
0.921728 service id 0
0.935639 service id 10
0.967778 service id 15
0.98175 service id 4
 total 3411 accepted 895 acceptance percentage 0.262386 k 7
7.66446e+07 & 3.06578e+06 & 115.512 & 99 & 98.4224 & 3601.45
Time 3601.45
Time 3601.465258
