Command line parameters: 
ports /home/berit/git/LINERLIB/data/ports.csv demands /home/berit/git/LINERLIB/data/Demand_Mediterranean.csv distances /home/berit/git/LINERLIB/data/dist_dense.csv vessels /home/berit/git/lsndp/data/fleet_Mediterranean_high.csv quantities /home/berit/git/lsndp/data/fleet_data_high_rounded.csv
Seed = 1397817162

*********************Best found solution********************************
service 0 service id 0
capacity 450
 # vessels 2
28	ITSAL	Salerno
13	ITGIT	Gioia Tauro
36	TNTUN	Tunis
3	DZALG	Algiers
7	ESBCN	Barcelona
32	ESTAR	Tarragona

 speed 10.8854
 voyage distance nautical miles 2090
 voyage duration in weeks 2
 Port call cost 73527
 Bunker idle burn in Ton 14.4
 Bunker fuel burn in Ton 112.264
 Total bunker cost at 600 USD for one round trip 75998.2
 Total TC cost 56000
service 1 service id 1
capacity 450
 # vessels 1
19	CYLMS	Limassol
11	EGDAM	Damietta
25	EGPSD	Port Said
8	LBBEY	Beirut

 speed 10
 voyage distance nautical miles 696
 voyage duration in weeks 0.985714
 Port call cost 26930
 Bunker idle burn in Ton 9.6
 Bunker fuel burn in Ton 31.5509
 Total bunker cost at 600 USD for one round trip 24690.6
 Total TC cost 28000
service 2 service id 2
capacity 450
 # vessels 3
38	BGVAR	Varna
21	TRMER	Mersin
14	ILHFA	Haifa
25	EGPSD	Port Said
15	TRIZM	Izmir
4	TRAMB	Ambarli
27	GEPTI	Poti
22	UAODS	Odessa

 speed 11.9936
 voyage distance nautical miles 3742
 voyage duration in weeks 3
 Port call cost 199697
 Bunker idle burn in Ton 19.2
 Bunker fuel burn in Ton 244.009
 Total bunker cost at 600 USD for one round trip 157925
 Total TC cost 84000
service 3 service id 3
capacity 800
 # vessels 5
 Butterfly rotation 
9	DZBJA	Bejaia
4	TRAMB	Ambarli
14	ILHFA	Haifa
2	ESALG	Algeciras
26	MAPTM	Tangier
0	MAAGA	Agadir
16	ESLPA	Las Palmas
18	PTLEI	Leixoes
39	ESVGO	Vigo
2	ESALG	Algeciras

 speed 12.3217
 voyage distance nautical miles 7393
 voyage duration in weeks 5
 Port call cost 125295
 Bunker idle burn in Ton 25
 Bunker fuel burn in Ton 403.936
 Total bunker cost at 600 USD for one round trip 257362
 Total TC cost 210000
service 4 service id 4
capacity 1200
 # vessels 4
 Butterfly rotation 
20	ESAGP	Malaga
35	ITTRS	Trieste
24	GRPIR	Piraeus
25	EGPSD	Port Said
13	ITGIT	Gioia Tauro
12	ITGOA	Genoa
7	ESBCN	Barcelona
37	ESVLC	Valencia
20	ESAGP	Malaga
2	ESALG	Algeciras
26	MAPTM	Tangier

 speed 13.6765
 voyage distance nautical miles 5580
 voyage duration in weeks 4
 Port call cost 194239
 Bunker idle burn in Ton 44
 Bunker fuel burn in Ton 391.483
 Total bunker cost at 600 USD for one round trip 261290
 Total TC cost 252000
service 5 service id 5
capacity 800
 # vessels 3
13	ITGIT	Gioia Tauro
1	EGALY	Alexandria
25	EGPSD	Port Said
6	ILASH	Ashdod
8	LBBEY	Beirut
14	ILHFA	Haifa
17	SYLTK	Latakia
21	TRMER	Mersin
34	GRSKG	Thessaloniki

 speed 11.6979
 voyage distance nautical miles 3369
 voyage duration in weeks 3
 Port call cost 461762
 Bunker idle burn in Ton 22.5
 Bunker fuel burn in Ton 165.909
 Total bunker cost at 600 USD for one round trip 113046
 Total TC cost 126000
service 6 service id 6
capacity 450
 # vessels 2
2	ESALG	Algeciras
13	ITGIT	Gioia Tauro
10	MACAS	Casablanca

 speed 10
 voyage distance nautical miles 2457
 voyage duration in weeks 1.89107
 Port call cost 22535
 Bunker idle burn in Ton 7.2
 Bunker fuel burn in Ton 111.38
 Total bunker cost at 600 USD for one round trip 71148.1
 Total TC cost 56000
service 7 service id 7
capacity 450
 # vessels 2
2	ESALG	Algeciras
23	DZORN	Oran
3	DZALG	Algiers
30	DZSKI	Skikda
10	MACAS	Casablanca

 speed 10
 voyage distance nautical miles 1620
 voyage duration in weeks 1.67857
 Port call cost 40944
 Bunker idle burn in Ton 12
 Bunker fuel burn in Ton 73.4375
 Total bunker cost at 600 USD for one round trip 51262.5
 Total TC cost 56000
 ------------------Flow Solution ---------------------- 
ID:0 MAAGA->ESALG Transported 70, trans in %: 100
 Path MAAGA_3->ESALG_3
ID:6 MAAGA->MAPTM Transported 4, trans in %: 100
 Path MAAGA_3->MAPTM_3
ID:8 MAAGA->ESVGO Transported 17, trans in %: 100
 Path MAAGA_3->ESVGO_3
ID:9 EGALY->ESALG Transported 22, trans in %: 100
 Path EGALY_5->EGPSD_5
EGPSD_4->ESALG_4
ID:10 EGALY->ILASH Transported 9, trans in %: 100
 Path EGALY_5->ILASH_5
ID:11 EGALY->LBBEY Transported 45, trans in %: 100
 Path EGALY_5->LBBEY_5
ID:12 EGALY->MACAS Transported 25, trans in %: 100
 Path EGALY_5->ITGIT_5
ITGIT_6->MACAS_6
ID:13 EGALY->ITGIT Transported 20, trans in %: 100
 Path EGALY_5->ITGIT_5
ID:14 EGALY->SYLTK Transported 4, trans in %: 100
 Path EGALY_5->SYLTK_5
ID:16 EGALY->ESAGP Transported 25, trans in %: 100
 Path EGALY_5->EGPSD_5
EGPSD_4->ESAGP_4
ID:17 EGALY->EGPSD Transported 37, trans in %: 100
 Path EGALY_5->EGPSD_5
ID:18 EGALY->MAPTM Transported 13, trans in %: 100
 Path EGALY_5->EGPSD_5
EGPSD_4->MAPTM_4
ID:19 EGALY->DZSKI Transported 2, trans in %: 100
 Path EGALY_5->ITGIT_5
ITGIT_0->DZALG_0
DZALG_7->DZSKI_7
ID:20 EGALY->TNTUN Transported 2, trans in %: 100
 Path EGALY_5->ITGIT_5
ITGIT_0->TNTUN_0
ID:21 EGALY->ESVLC Transported 1, trans in %: 100
 Path EGALY_5->EGPSD_5
EGPSD_4->ESVLC_4
ID:22 ESALG->MAAGA Transported 58, trans in %: 100
 Path ESALG_3->MAAGA_3
ID:24 ESALG->DZALG Transported 33, trans in %: 100
 Path ESALG_7->DZALG_7
ID:25 ESALG->TRAMB Transported 266, trans in %: 100
 Path ESALG_3->TRAMB_3
ID:27 ESALG->ILASH Transported 56, trans in %: 100
 Path ESALG_4->EGPSD_4
EGPSD_5->ILASH_5
ID:28 ESALG->LBBEY Transported 37, trans in %: 100
 Path ESALG_4->EGPSD_4
EGPSD_1->LBBEY_1
ID:29 ESALG->DZBJA Transported 8, trans in %: 100
 Path ESALG_3->DZBJA_3
ID:30 ESALG->MACAS Transported 180, trans in %: 100
 Path ESALG_7->MACAS_7
ID:31 ESALG->ITGOA Transported 23, trans in %: 100
 Path ESALG_4->ITGOA_4
ID:32 ESALG->ILHFA Transported 54, trans in %: 98.1818
 Path ESALG_3->ILHFA_3
ID:34 ESALG->ESLPA Transported 21, trans in %: 100
 Path ESALG_3->ESLPA_3
ID:35 ESALG->SYLTK Transported 26, trans in %: 100
 Path ESALG_4->EGPSD_4
EGPSD_5->SYLTK_5
ID:36 ESALG->PTLEI Transported 4, trans in %: 100
 Path ESALG_3->PTLEI_3
ID:37 ESALG->CYLMS Transported 4, trans in %: 100
 Path ESALG_4->EGPSD_4
EGPSD_1->CYLMS_1
ID:39 ESALG->UAODS Transported 10, trans in %: 100
 Path ESALG_3->TRAMB_3
TRAMB_2->UAODS_2
ID:40 ESALG->DZORN Transported 35, trans in %: 100
 Path ESALG_7->DZORN_7
ID:41 ESALG->GRPIR Transported 76, trans in %: 100
 Path ESALG_4->GRPIR_4
ID:42 ESALG->GEPTI Transported 30, trans in %: 100
 Path ESALG_3->TRAMB_3
TRAMB_2->GEPTI_2
ID:43 ESALG->ITSAL Transported 1, trans in %: 100
 Path ESALG_6->ITGIT_6
ITGIT_0->ITSAL_0
ID:45 ESALG->DZSKI Transported 11, trans in %: 100
 Path ESALG_7->DZSKI_7
ID:47 ESALG->GRSKG Transported 15, trans in %: 100
 Path ESALG_4->EGPSD_4
EGPSD_5->GRSKG_5
ID:48 ESALG->ITTRS Transported 7, trans in %: 100
 Path ESALG_4->ITTRS_4
ID:49 ESALG->TNTUN Transported 49, trans in %: 100
 Path ESALG_6->ITGIT_6
ITGIT_0->TNTUN_0
ID:50 ESALG->ESVLC Transported 9, trans in %: 100
 Path ESALG_4->ESVLC_4
ID:51 ESALG->BGVAR Transported 13, trans in %: 100
 Path ESALG_3->TRAMB_3
TRAMB_2->BGVAR_2
ID:52 DZALG->PTLEI Transported 1, trans in %: 100
 Path DZALG_7->ESALG_7
ESALG_3->PTLEI_3
ID:53 DZALG->ESAGP Transported 7, trans in %: 100
 Path DZALG_0->ITGIT_0
ITGIT_4->ESAGP_4
ID:56 TRAMB->ESALG Transported 80, trans in %: 100
 Path TRAMB_3->ESALG_3
ID:61 TRAMB->ILHFA Transported 61, trans in %: 100
 Path TRAMB_3->ILHFA_3
ID:63 TRAMB->PTLEI Transported 21, trans in %: 100
 Path TRAMB_3->PTLEI_3
ID:66 TRAMB->MAPTM Transported 37, trans in %: 100
 Path TRAMB_3->MAPTM_3
ID:71 ILASH->ITGIT Transported 16, trans in %: 100
 Path ILASH_5->ITGIT_5
ID:73 ILASH->EGPSD Transported 23, trans in %: 100
 Path ILASH_5->EGPSD_5
ID:77 ESBCN->ESALG Transported 48, trans in %: 100
 Path ESBCN_4->ESALG_4
ID:78 ESBCN->DZALG Transported 34, trans in %: 100
 Path ESBCN_0->DZALG_0
ID:79 ESBCN->SYLTK Transported 17, trans in %: 100
 Path ESBCN_4->EGPSD_4
EGPSD_5->SYLTK_5
ID:80 ESBCN->ESAGP Transported 16, trans in %: 100
 Path ESBCN_4->ESAGP_4
ID:81 ESBCN->EGPSD Transported 30, trans in %: 100
 Path ESBCN_4->EGPSD_4
ID:82 ESBCN->MAPTM Transported 5, trans in %: 100
 Path ESBCN_4->MAPTM_4
ID:83 ESBCN->GEPTI Transported 17, trans in %: 100
 Path ESBCN_4->EGPSD_4
EGPSD_2->GEPTI_2
ID:84 ESBCN->ITSAL Transported 72, trans in %: 100
 Path ESBCN_0->ITSAL_0
ID:86 LBBEY->CYLMS Transported 28, trans in %: 100
 Path LBBEY_1->CYLMS_1
ID:87 LBBEY->ESAGP Transported 28, trans in %: 100
 Path LBBEY_1->EGPSD_1
EGPSD_4->ESAGP_4
ID:88 LBBEY->UAODS Transported 16, trans in %: 100
 Path LBBEY_1->EGPSD_1
EGPSD_2->UAODS_2
ID:89 LBBEY->EGPSD Transported 99, trans in %: 100
 Path LBBEY_1->EGPSD_1
ID:91 DZBJA->PTLEI Transported 1, trans in %: 100
 Path DZBJA_3->PTLEI_3
ID:92 MACAS->EGALY Transported 16, trans in %: 100
 Path MACAS_6->ITGIT_6
ITGIT_5->EGALY_5
ID:93 MACAS->ESALG Transported 15, trans in %: 100
 Path MACAS_6->ESALG_6
ID:94 MACAS->DZALG Transported 13, trans in %: 100
 Path MACAS_7->DZALG_7
ID:95 MACAS->ESBCN Transported 7, trans in %: 100
 Path MACAS_6->ITGIT_6
ITGIT_4->ESBCN_4
ID:96 MACAS->DZBJA Transported 32, trans in %: 100
 Path MACAS_6->ESALG_6
ESALG_3->DZBJA_3
ID:97 MACAS->ITGOA Transported 27, trans in %: 100
 Path MACAS_6->ITGIT_6
ITGIT_4->ITGOA_4
ID:98 MACAS->ESAGP Transported 8, trans in %: 36.3636
 Path MACAS_6->ITGIT_6
ITGIT_4->ESAGP_4
ID:99 MACAS->DZORN Transported 13, trans in %: 100
 Path MACAS_7->DZORN_7
ID:102 EGDAM->EGPSD Transported 8, trans in %: 100
 Path EGDAM_1->EGPSD_1
ID:104 ITGOA->ESALG Transported 51, trans in %: 100
 Path ITGOA_4->ESALG_4
ID:108 ITGOA->ESAGP Transported 47, trans in %: 100
 Path ITGOA_4->ESAGP_4
ID:109 ITGOA->UAODS Transported 11, trans in %: 100
 Path ITGOA_4->EGPSD_4
EGPSD_2->UAODS_2
ID:110 ITGOA->EGPSD Transported 125, trans in %: 100
 Path ITGOA_4->EGPSD_4
ID:111 ITGOA->MAPTM Transported 146, trans in %: 100
 Path ITGOA_4->MAPTM_4
ID:112 ITGOA->GEPTI Transported 62, trans in %: 100
 Path ITGOA_4->EGPSD_4
EGPSD_2->GEPTI_2
ID:113 ITGOA->DZSKI Transported 20, trans in %: 100
 Path ITGOA_4->ESALG_4
ESALG_7->DZSKI_7
ID:115 ITGIT->EGALY Transported 15, trans in %: 100
 Path ITGIT_5->EGALY_5
ID:116 ITGIT->DZALG Transported 11, trans in %: 100
 Path ITGIT_0->DZALG_0
ID:117 ITGIT->TRAMB Transported 26, trans in %: 39.3939
 Path ITGIT_5->EGPSD_5
EGPSD_2->TRAMB_2
ID:118 ITGIT->ILASH Transported 14, trans in %: 100
 Path ITGIT_5->ILASH_5
ID:119 ITGIT->ESBCN Transported 3, trans in %: 100
 Path ITGIT_4->ESBCN_4
ID:120 ITGIT->LBBEY Transported 16, trans in %: 100
 Path ITGIT_5->LBBEY_5
ID:122 ITGIT->MACAS Transported 104, trans in %: 100
 Path ITGIT_6->MACAS_6
ID:124 ITGIT->ITGOA Transported 36, trans in %: 100
 Path ITGIT_4->ITGOA_4
ID:125 ITGIT->TRIZM Transported 11, trans in %: 100
 Path ITGIT_5->EGPSD_5
EGPSD_2->TRIZM_2
ID:126 ITGIT->SYLTK Transported 25, trans in %: 100
 Path ITGIT_5->SYLTK_5
ID:128 ITGIT->CYLMS Transported 4, trans in %: 100
 Path ITGIT_5->EGPSD_5
EGPSD_1->CYLMS_1
ID:129 ITGIT->TRMER Transported 4, trans in %: 100
 Path ITGIT_5->TRMER_5
ID:130 ITGIT->UAODS Transported 30, trans in %: 100
 Path ITGIT_5->EGPSD_5
EGPSD_2->UAODS_2
ID:131 ITGIT->DZORN Transported 2, trans in %: 100
 Path ITGIT_0->DZALG_0
DZALG_7->DZORN_7
ID:132 ITGIT->GRPIR Transported 12, trans in %: 100
 Path ITGIT_4->GRPIR_4
ID:133 ITGIT->GEPTI Transported 20, trans in %: 100
 Path ITGIT_5->EGPSD_5
EGPSD_2->GEPTI_2
ID:135 ITGIT->DZSKI Transported 4, trans in %: 100
 Path ITGIT_0->DZALG_0
DZALG_7->DZSKI_7
ID:136 ITGIT->ESTAR Transported 3, trans in %: 100
 Path ITGIT_0->ESTAR_0
ID:137 ITGIT->GRSKG Transported 16, trans in %: 100
 Path ITGIT_5->GRSKG_5
ID:138 ITGIT->ITTRS Transported 1, trans in %: 100
 Path ITGIT_4->ITTRS_4
ID:139 ITGIT->TNTUN Transported 7, trans in %: 100
 Path ITGIT_0->TNTUN_0
ID:140 ITGIT->ESVLC Transported 2, trans in %: 100
 Path ITGIT_4->ESVLC_4
ID:141 ITGIT->BGVAR Transported 8, trans in %: 100
 Path ITGIT_5->EGPSD_5
EGPSD_2->BGVAR_2
ID:143 ILHFA->MAAGA Transported 10, trans in %: 100
 Path ILHFA_3->MAAGA_3
ID:144 ILHFA->ESALG Transported 17, trans in %: 100
 Path ILHFA_3->ESALG_3
ID:145 ILHFA->ESBCN Transported 14, trans in %: 100
 Path ILHFA_2->EGPSD_2
EGPSD_4->ESBCN_4
ID:146 ILHFA->MACAS Transported 84, trans in %: 100
 Path ILHFA_5->ITGIT_5
ITGIT_6->MACAS_6
ID:147 ILHFA->ITGIT Transported 15, trans in %: 100
 Path ILHFA_5->ITGIT_5
ID:148 ILHFA->ESAGP Transported 5, trans in %: 100
 Path ILHFA_2->EGPSD_2
EGPSD_4->ESAGP_4
ID:149 ILHFA->EGPSD Transported 4, trans in %: 100
 Path ILHFA_2->EGPSD_2
ID:150 ILHFA->MAPTM Transported 42, trans in %: 100
 Path ILHFA_3->MAPTM_3
ID:151 ILHFA->GRSKG Transported 9, trans in %: 100
 Path ILHFA_5->GRSKG_5
ID:153 ILHFA->ESVGO Transported 1, trans in %: 100
 Path ILHFA_3->ESVGO_3
ID:154 TRIZM->ESALG Transported 30, trans in %: 100
 Path TRIZM_2->TRAMB_2
TRAMB_3->ESALG_3
ID:160 TRIZM->MAPTM Transported 31, trans in %: 100
 Path TRIZM_2->TRAMB_2
TRAMB_3->MAPTM_3
ID:168 SYLTK->EGPSD Transported 7, trans in %: 100
 Path SYLTK_5->EGPSD_5
ID:170 SYLTK->GRSKG Transported 17, trans in %: 100
 Path SYLTK_5->GRSKG_5
ID:171 PTLEI->MAAGA Transported 21, trans in %: 100
 Path PTLEI_3->MAAGA_3
ID:173 PTLEI->ESALG Transported 5, trans in %: 100
 Path PTLEI_3->ESALG_3
ID:174 PTLEI->DZALG Transported 50, trans in %: 100
 Path PTLEI_3->ESALG_3
ESALG_7->DZALG_7
ID:177 PTLEI->ILHFA Transported 3, trans in %: 100
 Path PTLEI_3->ILHFA_3
ID:181 PTLEI->MAPTM Transported 20, trans in %: 100
 Path PTLEI_3->MAPTM_3
ID:183 PTLEI->BGVAR Transported 8, trans in %: 100
 Path PTLEI_3->TRAMB_3
TRAMB_2->BGVAR_2
ID:184 CYLMS->ESALG Transported 1, trans in %: 100
 Path CYLMS_1->EGPSD_1
EGPSD_4->ESALG_4
ID:185 CYLMS->ITGIT Transported 8, trans in %: 100
 Path CYLMS_1->EGPSD_1
EGPSD_4->ITGIT_4
ID:186 CYLMS->EGPSD Transported 1, trans in %: 100
 Path CYLMS_1->EGPSD_1
ID:188 ESAGP->DZALG Transported 7, trans in %: 100
 Path ESAGP_4->ITGIT_4
ITGIT_0->DZALG_0
ID:189 ESAGP->TRAMB Transported 1, trans in %: 100
 Path ESAGP_4->EGPSD_4
EGPSD_2->TRAMB_2
ID:190 ESAGP->ILASH Transported 1, trans in %: 100
 Path ESAGP_4->EGPSD_4
EGPSD_5->ILASH_5
ID:191 ESAGP->ESBCN Transported 3, trans in %: 100
 Path ESAGP_4->ESBCN_4
ID:192 ESAGP->LBBEY Transported 1, trans in %: 100
 Path ESAGP_4->EGPSD_4
EGPSD_1->LBBEY_1
ID:194 ESAGP->MACAS Transported 11, trans in %: 100
 Path ESAGP_4->ITGIT_4
ITGIT_6->MACAS_6
ID:195 ESAGP->EGDAM Transported 2, trans in %: 100
 Path ESAGP_4->EGPSD_4
EGPSD_1->EGDAM_1
ID:196 ESAGP->ITGOA Transported 30, trans in %: 100
 Path ESAGP_4->ITGOA_4
ID:197 ESAGP->SYLTK Transported 6, trans in %: 100
 Path ESAGP_4->EGPSD_4
EGPSD_5->SYLTK_5
ID:199 ESAGP->CYLMS Transported 1, trans in %: 100
 Path ESAGP_4->EGPSD_4
EGPSD_1->CYLMS_1
ID:200 ESAGP->UAODS Transported 2, trans in %: 100
 Path ESAGP_4->EGPSD_4
EGPSD_2->UAODS_2
ID:201 ESAGP->GRPIR Transported 7, trans in %: 100
 Path ESAGP_4->GRPIR_4
ID:205 ESAGP->ITTRS Transported 5, trans in %: 100
 Path ESAGP_4->ITTRS_4
ID:206 ESAGP->TNTUN Transported 6, trans in %: 100
 Path ESAGP_4->ITGIT_4
ITGIT_0->TNTUN_0
ID:207 ESAGP->ESVLC Transported 8, trans in %: 100
 Path ESAGP_4->ESVLC_4
ID:208 ESAGP->BGVAR Transported 1, trans in %: 100
 Path ESAGP_4->EGPSD_4
EGPSD_2->BGVAR_2
ID:210 TRMER->EGALY Transported 17, trans in %: 100
 Path TRMER_5->EGALY_5
ID:212 TRMER->MACAS Transported 17, trans in %: 100
 Path TRMER_5->ITGIT_5
ITGIT_6->MACAS_6
ID:214 TRMER->ITGIT Transported 12, trans in %: 100
 Path TRMER_5->ITGIT_5
ID:216 TRMER->EGPSD Transported 28, trans in %: 100
 Path TRMER_2->EGPSD_2
ID:218 TRMER->ESTAR Transported 28, trans in %: 100
 Path TRMER_5->ITGIT_5
ITGIT_0->ESTAR_0
ID:219 TRMER->TNTUN Transported 4, trans in %: 100
 Path TRMER_5->ITGIT_5
ITGIT_0->TNTUN_0
ID:224 UAODS->ILASH Transported 32, trans in %: 100
 Path UAODS_2->EGPSD_2
EGPSD_5->ILASH_5
ID:225 UAODS->ILHFA Transported 6, trans in %: 100
 Path UAODS_2->ILHFA_2
ID:226 UAODS->SYLTK Transported 9, trans in %: 100
 Path UAODS_2->EGPSD_2
EGPSD_5->SYLTK_5
ID:227 UAODS->ESAGP Transported 2, trans in %: 100
 Path UAODS_2->EGPSD_2
EGPSD_4->ESAGP_4
ID:228 UAODS->EGPSD Transported 105, trans in %: 100
 Path UAODS_2->EGPSD_2
ID:230 UAODS->GEPTI Transported 15, trans in %: 100
 Path UAODS_2->GEPTI_2
ID:231 UAODS->ITSAL Transported 24, trans in %: 100
 Path UAODS_2->EGPSD_2
EGPSD_4->ITGIT_4
ITGIT_0->ITSAL_0
ID:232 DZORN->EGPSD Transported 1, trans in %: 100
 Path DZORN_7->ESALG_7
ESALG_4->EGPSD_4
ID:234 GRPIR->ESALG Transported 8, trans in %: 100
 Path GRPIR_4->ESALG_4
ID:235 GRPIR->ESAGP Transported 5, trans in %: 100
 Path GRPIR_4->ESAGP_4
ID:236 GRPIR->EGPSD Transported 16, trans in %: 100
 Path GRPIR_4->EGPSD_4
ID:237 GRPIR->MAPTM Transported 4, trans in %: 100
 Path GRPIR_4->MAPTM_4
ID:239 EGPSD->EGALY Transported 29, trans in %: 100
 Path EGPSD_5->EGALY_5
ID:240 EGPSD->DZALG Transported 22, trans in %: 100
 Path EGPSD_4->ITGIT_4
ITGIT_0->DZALG_0
ID:241 EGPSD->TRAMB Transported 72, trans in %: 100
 Path EGPSD_2->TRAMB_2
ID:242 EGPSD->ILASH Transported 10, trans in %: 100
 Path EGPSD_5->ILASH_5
ID:243 EGPSD->ESBCN Transported 34, trans in %: 100
 Path EGPSD_4->ESBCN_4
ID:244 EGPSD->LBBEY Transported 86, trans in %: 100
 Path EGPSD_1->LBBEY_1
ID:246 EGPSD->MACAS Transported 148, trans in %: 100
 Path EGPSD_4->ITGIT_4
ITGIT_6->MACAS_6
ID:247 EGPSD->EGDAM Transported 1, trans in %: 100
 Path EGPSD_1->EGDAM_1
ID:248 EGPSD->ITGOA Transported 48, trans in %: 100
 Path EGPSD_4->ITGOA_4
ID:249 EGPSD->ILHFA Transported 3, trans in %: 100
 Path EGPSD_5->ILHFA_5
ID:250 EGPSD->TRIZM Transported 11, trans in %: 100
 Path EGPSD_2->TRIZM_2
ID:251 EGPSD->SYLTK Transported 71, trans in %: 100
 Path EGPSD_5->SYLTK_5
ID:253 EGPSD->CYLMS Transported 3, trans in %: 100
 Path EGPSD_1->CYLMS_1
ID:254 EGPSD->TRMER Transported 57, trans in %: 100
 Path EGPSD_5->TRMER_5
ID:255 EGPSD->UAODS Transported 22, trans in %: 100
 Path EGPSD_2->UAODS_2
ID:256 EGPSD->DZORN Transported 9, trans in %: 100
 Path EGPSD_4->ESALG_4
ESALG_7->DZORN_7
ID:257 EGPSD->GRPIR Transported 15, trans in %: 100
 Path EGPSD_4->GRPIR_4
ID:258 EGPSD->GEPTI Transported 2, trans in %: 100
 Path EGPSD_2->GEPTI_2
ID:261 EGPSD->DZSKI Transported 30, trans in %: 96.7742
 Path EGPSD_4->ESALG_4
ESALG_7->DZSKI_7
ID:262 EGPSD->ESTAR Transported 28, trans in %: 84.8485
 Path EGPSD_4->ITGIT_4
ITGIT_0->ESTAR_0
ID:263 EGPSD->GRSKG Transported 17, trans in %: 100
 Path EGPSD_5->GRSKG_5
ID:264 EGPSD->ITTRS Transported 11, trans in %: 100
 Path EGPSD_4->ITTRS_4
ID:265 EGPSD->TNTUN Transported 46, trans in %: 100
 Path EGPSD_4->ITGIT_4
ITGIT_0->TNTUN_0
ID:266 EGPSD->ESVLC Transported 31, trans in %: 100
 Path EGPSD_4->ESVLC_4
ID:267 EGPSD->BGVAR Transported 26, trans in %: 100
 Path EGPSD_2->BGVAR_2
ID:269 MAPTM->MAAGA Transported 1, trans in %: 100
 Path MAPTM_3->MAAGA_3
ID:271 MAPTM->DZALG Transported 3, trans in %: 100
 Path MAPTM_4->ITGIT_4
ITGIT_0->DZALG_0
ID:272 MAPTM->TRAMB Transported 20, trans in %: 100
 Path MAPTM_3->TRAMB_3
ID:273 MAPTM->ILASH Transported 16, trans in %: 100
 Path MAPTM_4->EGPSD_4
EGPSD_5->ILASH_5
ID:274 MAPTM->ESBCN Transported 18, trans in %: 100
 Path MAPTM_4->ESBCN_4
ID:275 MAPTM->LBBEY Transported 44, trans in %: 100
 Path MAPTM_4->EGPSD_4
EGPSD_1->LBBEY_1
ID:276 MAPTM->DZBJA Transported 8, trans in %: 100
 Path MAPTM_3->DZBJA_3
ID:278 MAPTM->ITGOA Transported 28, trans in %: 100
 Path MAPTM_4->ITGOA_4
ID:279 MAPTM->ILHFA Transported 26, trans in %: 100
 Path MAPTM_3->ILHFA_3
ID:281 MAPTM->PTLEI Transported 7, trans in %: 100
 Path MAPTM_3->PTLEI_3
ID:283 MAPTM->UAODS Transported 23, trans in %: 100
 Path MAPTM_3->TRAMB_3
TRAMB_2->UAODS_2
ID:284 MAPTM->DZORN Transported 2, trans in %: 100
 Path MAPTM_3->ESALG_3
ESALG_7->DZORN_7
ID:285 MAPTM->GRPIR Transported 7, trans in %: 100
 Path MAPTM_4->GRPIR_4
ID:286 MAPTM->GEPTI Transported 31, trans in %: 100
 Path MAPTM_3->TRAMB_3
TRAMB_2->GEPTI_2
ID:287 MAPTM->ITSAL Transported 3, trans in %: 100
 Path MAPTM_4->ITGIT_4
ITGIT_0->ITSAL_0
ID:290 MAPTM->GRSKG Transported 5, trans in %: 100
 Path MAPTM_4->EGPSD_4
EGPSD_5->GRSKG_5
ID:291 MAPTM->ITTRS Transported 3, trans in %: 100
 Path MAPTM_4->ITTRS_4
ID:292 MAPTM->TNTUN Transported 4, trans in %: 100
 Path MAPTM_4->ITGIT_4
ITGIT_0->TNTUN_0
ID:293 MAPTM->ESVLC Transported 5, trans in %: 100
 Path MAPTM_4->ESVLC_4
ID:294 MAPTM->BGVAR Transported 9, trans in %: 100
 Path MAPTM_3->TRAMB_3
TRAMB_2->BGVAR_2
ID:295 MAPTM->ESVGO Transported 3, trans in %: 100
 Path MAPTM_3->ESVGO_3
ID:297 GEPTI->ITGIT Transported 9, trans in %: 100
 Path GEPTI_2->EGPSD_2
EGPSD_4->ITGIT_4
ID:298 GEPTI->EGPSD Transported 6, trans in %: 100
 Path GEPTI_2->EGPSD_2
ID:300 GEPTI->BGVAR Transported 6, trans in %: 100
 Path GEPTI_2->BGVAR_2
ID:302 ITSAL->ESAGP Transported 59, trans in %: 100
 Path ITSAL_0->ITGIT_0
ITGIT_4->ESAGP_4
ID:303 ITSAL->EGPSD Transported 20, trans in %: 100
 Path ITSAL_0->ITGIT_0
ITGIT_5->EGPSD_5
ID:308 ESTAR->ITSAL Transported 103, trans in %: 100
 Path ESTAR_0->ITSAL_0
ID:309 GRSKG->EGALY Transported 13, trans in %: 100
 Path GRSKG_5->EGALY_5
ID:311 GRSKG->ILASH Transported 7, trans in %: 100
 Path GRSKG_5->ILASH_5
ID:312 GRSKG->LBBEY Transported 11, trans in %: 100
 Path GRSKG_5->LBBEY_5
ID:313 GRSKG->MACAS Transported 6, trans in %: 100
 Path GRSKG_5->ITGIT_5
ITGIT_6->MACAS_6
ID:314 GRSKG->ILHFA Transported 19, trans in %: 100
 Path GRSKG_5->ILHFA_5
ID:317 GRSKG->TRMER Transported 6, trans in %: 100
 Path GRSKG_5->TRMER_5
ID:318 GRSKG->EGPSD Transported 25, trans in %: 100
 Path GRSKG_5->EGPSD_5
ID:320 GRSKG->DZSKI Transported 12, trans in %: 100
 Path GRSKG_5->ITGIT_5
ITGIT_0->DZALG_0
DZALG_7->DZSKI_7
ID:321 GRSKG->TNTUN Transported 4, trans in %: 100
 Path GRSKG_5->ITGIT_5
ITGIT_0->TNTUN_0
ID:323 ITTRS->DZALG Transported 11, trans in %: 100
 Path ITTRS_4->ITGIT_4
ITGIT_0->DZALG_0
ID:324 ITTRS->MACAS Transported 9, trans in %: 100
 Path ITTRS_4->ITGIT_4
ITGIT_6->MACAS_6
ID:326 ITTRS->EGPSD Transported 29, trans in %: 100
 Path ITTRS_4->EGPSD_4
ID:327 ITTRS->MAPTM Transported 1, trans in %: 100
 Path ITTRS_4->MAPTM_4
ID:328 ITTRS->TNTUN Transported 18, trans in %: 100
 Path ITTRS_4->ITGIT_4
ITGIT_0->TNTUN_0
ID:330 TNTUN->DZALG Transported 19, trans in %: 100
 Path TNTUN_0->DZALG_0
ID:332 TNTUN->ITGOA Transported 16, trans in %: 100
 Path TNTUN_0->ITGIT_0
ITGIT_4->ITGOA_4
ID:333 TNTUN->ITGIT Transported 8, trans in %: 100
 Path TNTUN_0->ITGIT_0
ID:334 TNTUN->ESAGP Transported 30, trans in %: 100
 Path TNTUN_0->ITGIT_0
ITGIT_4->ESAGP_4
ID:335 TNTUN->EGPSD Transported 8, trans in %: 100
 Path TNTUN_0->ITGIT_0
ITGIT_5->EGPSD_5
ID:336 TNTUN->MAPTM Transported 1, trans in %: 100
 Path TNTUN_0->ITGIT_0
ITGIT_4->MAPTM_4
ID:338 ESVLC->ESALG Transported 35, trans in %: 100
 Path ESVLC_4->ESALG_4
ID:340 ESVLC->ESAGP Transported 40, trans in %: 100
 Path ESVLC_4->ESAGP_4
ID:342 ESVLC->EGPSD Transported 19, trans in %: 100
 Path ESVLC_4->EGPSD_4
ID:343 ESVLC->MAPTM Transported 14, trans in %: 100
 Path ESVLC_4->MAPTM_4
ID:345 BGVAR->ILASH Transported 9, trans in %: 100
 Path BGVAR_2->EGPSD_2
EGPSD_5->ILASH_5
ID:347 BGVAR->ITGIT Transported 12, trans in %: 100
 Path BGVAR_2->EGPSD_2
EGPSD_4->ITGIT_4
ID:348 BGVAR->ILHFA Transported 21, trans in %: 100
 Path BGVAR_2->ILHFA_2
ID:350 BGVAR->ESAGP Transported 12, trans in %: 100
 Path BGVAR_2->EGPSD_2
EGPSD_4->ESAGP_4
ID:351 BGVAR->TRMER Transported 55, trans in %: 100
 Path BGVAR_2->TRMER_2
ID:352 BGVAR->EGPSD Transported 40, trans in %: 100
 Path BGVAR_2->EGPSD_2
ID:356 ESVGO->ESALG Transported 6, trans in %: 100
 Path ESVGO_3->ESALG_3
ID:358 ESVGO->DZORN Transported 2, trans in %: 100
 Path ESVGO_3->ESALG_3
ESALG_7->DZORN_7
ID:361 ESVGO->MAPTM Transported 2, trans in %: 100
 Path ESVGO_3->MAPTM_3
ID:364 ESVGO->BGVAR Transported 16, trans in %: 100
 Path ESVGO_3->TRAMB_3
TRAMB_2->BGVAR_2
ID:1 MAAGA->ITGOA Transported 6, trans in %: 100
 Path MAAGA_3->ESALG_3
ESALG_4->ITGOA_4
ID:2 MAAGA->ITGIT Transported 10, trans in %: 100
 Path MAAGA_3->ESALG_3
ESALG_6->ITGIT_6
ID:3 MAAGA->ESAGP Transported 15, trans in %: 100
 Path MAAGA_3->ESALG_3
ESALG_4->ESAGP_4
ID:4 MAAGA->GRPIR Transported 5, trans in %: 100
 Path MAAGA_3->ESALG_3
ESALG_4->GRPIR_4
ID:5 MAAGA->EGPSD Transported 1, trans in %: 100
 Path MAAGA_3->ESALG_3
ESALG_4->EGPSD_4
ID:23 ESALG->EGALY Transported 190, trans in %: 100
 Path ESALG_6->ITGIT_6
ITGIT_5->EGALY_5
ID:33 ESALG->TRIZM Transported 37, trans in %: 100
 Path ESALG_4->EGPSD_4
EGPSD_2->TRIZM_2
ID:54 DZALG->EGPSD Transported 2, trans in %: 100
 Path DZALG_7->ESALG_7
ESALG_4->EGPSD_4
ID:58 TRAMB->ESBCN Transported 6, trans in %: 100
 Path TRAMB_3->ESALG_3
ESALG_4->ESBCN_4
ID:60 TRAMB->MACAS Transported 13, trans in %: 100
 Path TRAMB_3->ESALG_3
ESALG_7->MACAS_7
ID:62 TRAMB->SYLTK Transported 19, trans in %: 100
 Path TRAMB_3->ILHFA_3
ILHFA_5->SYLTK_5
ID:64 TRAMB->ESAGP Transported 25, trans in %: 100
 Path TRAMB_3->ESALG_3
ESALG_4->ESAGP_4
ID:68 ILASH->MAAGA Transported 25, trans in %: 100
 Path ILASH_5->ILHFA_5
ILHFA_3->MAAGA_3
ID:69 ILASH->ESALG Transported 18, trans in %: 100
 Path ILASH_5->ILHFA_5
ILHFA_3->ESALG_3
ID:74 ILASH->MAPTM Transported 25, trans in %: 100
 Path ILASH_5->ILHFA_5
ILHFA_3->MAPTM_3
ID:75 ILASH->BGVAR Transported 51, trans in %: 100
 Path ILASH_5->ILHFA_5
ILHFA_3->TRAMB_3
TRAMB_2->BGVAR_2
ID:85 LBBEY->ESALG Transported 2, trans in %: 100
 Path LBBEY_5->ILHFA_5
ILHFA_3->ESALG_3
ID:90 LBBEY->MAPTM Transported 2, trans in %: 100
 Path LBBEY_5->ILHFA_5
ILHFA_3->MAPTM_3
ID:98 MACAS->ESAGP Transported 14, trans in %: 63.6364
 Path MACAS_6->ESALG_6
ESALG_4->ESAGP_4
ID:100 MACAS->EGPSD Transported 14, trans in %: 100
 Path MACAS_6->ESALG_6
ESALG_4->EGPSD_4
ID:101 MACAS->MAPTM Transported 1, trans in %: 100
 Path MACAS_6->ESALG_6
ESALG_3->MAPTM_3
ID:105 ITGOA->DZALG Transported 20, trans in %: 100
 Path ITGOA_4->ESBCN_4
ESBCN_0->DZALG_0
ID:152 ILHFA->BGVAR Transported 8, trans in %: 100
 Path ILHFA_3->TRAMB_3
TRAMB_2->BGVAR_2
ID:158 TRIZM->ESAGP Transported 10, trans in %: 100
 Path TRIZM_2->TRAMB_2
TRAMB_3->ESALG_3
ESALG_4->ESAGP_4
ID:162 ESLPA->EGALY Transported 12, trans in %: 100
 Path ESLPA_3->ESALG_3
ESALG_6->ITGIT_6
ITGIT_5->EGALY_5
ID:163 ESLPA->ITGOA Transported 14, trans in %: 100
 Path ESLPA_3->ESALG_3
ESALG_4->ITGOA_4
ID:164 ESLPA->ITGIT Transported 24, trans in %: 100
 Path ESLPA_3->ESALG_3
ESALG_6->ITGIT_6
ID:165 ESLPA->ESAGP Transported 2, trans in %: 100
 Path ESLPA_3->ESALG_3
ESALG_4->ESAGP_4
ID:166 SYLTK->ITGOA Transported 7, trans in %: 100
 Path SYLTK_5->ITGIT_5
ITGIT_4->ITGOA_4
ID:172 PTLEI->EGALY Transported 4, trans in %: 11.1111
 Path PTLEI_3->ESALG_3
ESALG_6->ITGIT_6
ITGIT_5->EGALY_5
ID:175 PTLEI->MACAS Transported 12, trans in %: 100
 Path PTLEI_3->ESALG_3
ESALG_7->MACAS_7
ID:176 PTLEI->ITGIT Transported 18, trans in %: 100
 Path PTLEI_3->ESALG_3
ESALG_6->ITGIT_6
ID:179 PTLEI->ESAGP Transported 88, trans in %: 100
 Path PTLEI_3->ESALG_3
ESALG_4->ESAGP_4
ID:180 PTLEI->EGPSD Transported 28, trans in %: 100
 Path PTLEI_3->ESALG_3
ESALG_4->EGPSD_4
ID:182 PTLEI->TNTUN Transported 34, trans in %: 100
 Path PTLEI_3->ESALG_3
ESALG_6->ITGIT_6
ITGIT_0->TNTUN_0
ID:187 ESAGP->EGALY Transported 2, trans in %: 100
 Path ESAGP_4->ITGIT_4
ITGIT_5->EGALY_5
ID:193 ESAGP->DZBJA Transported 1, trans in %: 100
 Path ESAGP_4->ESALG_4
ESALG_3->DZBJA_3
ID:198 ESAGP->PTLEI Transported 7, trans in %: 100
 Path ESAGP_4->ESALG_4
ESALG_3->PTLEI_3
ID:209 ESAGP->ESVGO Transported 9, trans in %: 100
 Path ESAGP_4->ESALG_4
ESALG_3->ESVGO_3
ID:211 TRMER->ESALG Transported 37, trans in %: 75.5102
 Path TRMER_2->ILHFA_2
ILHFA_3->ESALG_3
ID:213 TRMER->ITGOA Transported 33, trans in %: 100
 Path TRMER_5->ITGIT_5
ITGIT_4->ITGOA_4
ID:220 UAODS->EGALY Transported 10, trans in %: 100
 Path UAODS_2->TRMER_2
TRMER_5->EGALY_5
ID:221 UAODS->ESALG Transported 4, trans in %: 28.5714
 Path UAODS_2->ILHFA_2
ILHFA_3->ESALG_3
ID:229 UAODS->MAPTM Transported 8, trans in %: 100
 Path UAODS_2->ILHFA_2
ILHFA_3->MAPTM_3
ID:233 GRPIR->EGALY Transported 6, trans in %: 100
 Path GRPIR_4->ITGIT_4
ITGIT_5->EGALY_5
ID:261 EGPSD->DZSKI Transported 1, trans in %: 3.22581
 Path EGPSD_4->ITGIT_4
ITGIT_0->DZALG_0
DZALG_7->DZSKI_7
ID:270 MAPTM->EGALY Transported 112, trans in %: 100
 Path MAPTM_4->ITGIT_4
ITGIT_5->EGALY_5
ID:277 MAPTM->MACAS Transported 22, trans in %: 100
 Path MAPTM_3->ESALG_3
ESALG_7->MACAS_7
ID:280 MAPTM->TRIZM Transported 18, trans in %: 100
 Path MAPTM_4->EGPSD_4
EGPSD_2->TRIZM_2
ID:296 GEPTI->ESALG Transported 3, trans in %: 100
 Path GEPTI_2->ILHFA_2
ILHFA_3->ESALG_3
ID:299 GEPTI->MAPTM Transported 1, trans in %: 100
 Path GEPTI_2->ILHFA_2
ILHFA_3->MAPTM_3
ID:301 ITSAL->ESALG Transported 22, trans in %: 100
 Path ITSAL_0->DZALG_0
DZALG_7->ESALG_7
ID:304 ITSAL->BGVAR Transported 6, trans in %: 100
 Path ITSAL_0->DZALG_0
DZALG_7->ESALG_7
ESALG_3->TRAMB_3
TRAMB_2->BGVAR_2
ID:322 ITTRS->EGALY Transported 10, trans in %: 100
 Path ITTRS_4->ITGIT_4
ITGIT_5->EGALY_5
ID:329 TNTUN->ESALG Transported 2, trans in %: 100
 Path TNTUN_0->DZALG_0
DZALG_7->ESALG_7
ID:331 TNTUN->MACAS Transported 12, trans in %: 100
 Path TNTUN_0->DZALG_0
DZALG_7->MACAS_7
ID:337 ESVLC->MAAGA Transported 6, trans in %: 100
 Path ESVLC_4->ESALG_4
ESALG_3->MAAGA_3
ID:339 ESVLC->PTLEI Transported 7, trans in %: 100
 Path ESVLC_4->ESALG_4
ESALG_3->PTLEI_3
ID:344 BGVAR->ESALG Transported 7, trans in %: 100
 Path BGVAR_2->ILHFA_2
ILHFA_3->ESALG_3
ID:349 BGVAR->SYLTK Transported 31, trans in %: 100
 Path BGVAR_2->ILHFA_2
ILHFA_5->SYLTK_5
ID:353 BGVAR->MAPTM Transported 21, trans in %: 100
 Path BGVAR_2->ILHFA_2
ILHFA_3->MAPTM_3
ID:357 ESVGO->ESAGP Transported 5, trans in %: 100
 Path ESVGO_3->ESALG_3
ESALG_4->ESAGP_4
ID:359 ESVGO->GRPIR Transported 3, trans in %: 100
 Path ESVGO_3->ESALG_3
ESALG_4->GRPIR_4
ID:360 ESVGO->EGPSD Transported 5, trans in %: 100
 Path ESVGO_3->ESALG_3
ESALG_4->EGPSD_4
ID:363 ESVGO->TNTUN Transported 17, trans in %: 100
 Path ESVGO_3->ESALG_3
ESALG_6->ITGIT_6
ITGIT_0->TNTUN_0
ID:7 MAAGA->GRSKG Transported 2, trans in %: 100
 Path MAAGA_3->ILHFA_3
ILHFA_5->GRSKG_5
ID:15 EGALY->PTLEI Transported 9, trans in %: 100
 Path EGALY_5->ILHFA_5
ILHFA_3->PTLEI_3
ID:55 TRAMB->EGALY Transported 13, trans in %: 100
 Path TRAMB_3->ILHFA_3
ILHFA_5->EGALY_5
ID:59 TRAMB->LBBEY Transported 2, trans in %: 100
 Path TRAMB_3->ILHFA_3
ILHFA_2->EGPSD_2
EGPSD_1->LBBEY_1
ID:65 TRAMB->EGPSD Transported 71, trans in %: 100
 Path TRAMB_3->ILHFA_3
ILHFA_2->EGPSD_2
ID:67 TRAMB->TNTUN Transported 7, trans in %: 100
 Path TRAMB_3->ILHFA_3
ILHFA_5->ITGIT_5
ITGIT_0->TNTUN_0
ID:70 ILASH->ESBCN Transported 23, trans in %: 100
 Path ILASH_5->ITGIT_5
ITGIT_4->ESBCN_4
ID:72 ILASH->ESAGP Transported 9, trans in %: 100
 Path ILASH_5->ITGIT_5
ITGIT_4->ESAGP_4
ID:76 ESBCN->MAAGA Transported 8, trans in %: 100
 Path ESBCN_4->ESALG_4
ESALG_3->MAAGA_3
ID:103 ITGOA->MAAGA Transported 12, trans in %: 100
 Path ITGOA_4->ESALG_4
ESALG_3->MAAGA_3
ID:107 ITGOA->PTLEI Transported 8, trans in %: 100
 Path ITGOA_4->ESALG_4
ESALG_3->PTLEI_3
ID:117 ITGIT->TRAMB Transported 29, trans in %: 43.9394
 Path ITGIT_6->ESALG_6
ESALG_3->TRAMB_3
ID:121 ITGIT->DZBJA Transported 9, trans in %: 100
 Path ITGIT_6->ESALG_6
ESALG_3->DZBJA_3
ID:127 ITGIT->PTLEI Transported 4, trans in %: 100
 Path ITGIT_6->ESALG_6
ESALG_3->PTLEI_3
ID:142 ITGIT->ESVGO Transported 4, trans in %: 100
 Path ITGIT_6->ESALG_6
ESALG_3->ESVGO_3
ID:155 TRIZM->ILASH Transported 1, trans in %: 100
 Path TRIZM_2->TRAMB_2
TRAMB_3->ILHFA_3
ILHFA_2->EGPSD_2
EGPSD_5->ILASH_5
ID:156 TRIZM->LBBEY Transported 1, trans in %: 100
 Path TRIZM_2->TRAMB_2
TRAMB_3->ILHFA_3
ILHFA_2->EGPSD_2
EGPSD_1->LBBEY_1
ID:157 TRIZM->ITGIT Transported 11, trans in %: 100
 Path TRIZM_2->TRAMB_2
TRAMB_3->ILHFA_3
ILHFA_5->ITGIT_5
ID:159 TRIZM->EGPSD Transported 21, trans in %: 100
 Path TRIZM_2->TRAMB_2
TRAMB_3->ILHFA_3
ILHFA_2->EGPSD_2
ID:161 TRIZM->GRSKG Transported 14, trans in %: 100
 Path TRIZM_2->TRAMB_2
TRAMB_3->ILHFA_3
ILHFA_5->GRSKG_5
ID:167 SYLTK->ESAGP Transported 10, trans in %: 100
 Path SYLTK_5->ITGIT_5
ITGIT_4->ESAGP_4
ID:169 SYLTK->MAPTM Transported 1, trans in %: 100
 Path SYLTK_5->ITGIT_5
ITGIT_4->MAPTM_4
ID:172 PTLEI->EGALY Transported 32, trans in %: 88.8889
 Path PTLEI_3->ILHFA_3
ILHFA_5->EGALY_5
ID:178 PTLEI->SYLTK Transported 20, trans in %: 100
 Path PTLEI_3->ILHFA_3
ILHFA_5->SYLTK_5
ID:202 ESAGP->ITSAL Transported 3, trans in %: 100
 Path ESAGP_4->ESBCN_4
ESBCN_0->ITSAL_0
ID:215 TRMER->ESAGP Transported 37, trans in %: 100
 Path TRMER_5->ITGIT_5
ITGIT_4->ESAGP_4
ID:217 TRMER->MAPTM Transported 11, trans in %: 100
 Path TRMER_5->ITGIT_5
ITGIT_4->MAPTM_4
ID:259 EGPSD->ITSAL Transported 4, trans in %: 100
 Path EGPSD_4->ESBCN_4
ESBCN_0->ITSAL_0
ID:262 EGPSD->ESTAR Transported 5, trans in %: 15.1515
 Path EGPSD_4->ESBCN_4
ESBCN_0->ESTAR_0
ID:316 GRSKG->ESAGP Transported 4, trans in %: 100
 Path GRSKG_5->ITGIT_5
ITGIT_4->ESAGP_4
ID:319 GRSKG->MAPTM Transported 6, trans in %: 100
 Path GRSKG_5->ITGIT_5
ITGIT_4->MAPTM_4
ID:325 ITTRS->PTLEI Transported 11, trans in %: 100
 Path ITTRS_4->ESALG_4
ESALG_3->PTLEI_3
ID:355 ESVGO->EGALY Transported 6, trans in %: 100
 Path ESVGO_3->ILHFA_3
ILHFA_5->EGALY_5
ID:362 ESVGO->GRSKG Transported 17, trans in %: 100
 Path ESVGO_3->ILHFA_3
ILHFA_5->GRSKG_5
ID:32 ESALG->ILHFA Transported 1, trans in %: 1.81818
 Path ESALG_4->EGPSD_4
EGPSD_5->ILHFA_5
ID:38 ESALG->TRMER Transported 21, trans in %: 100
 Path ESALG_4->EGPSD_4
EGPSD_5->TRMER_5
ID:114 ITGIT->MAAGA Transported 3, trans in %: 100
 Path ITGIT_4->ESALG_4
ESALG_3->MAAGA_3
ID:117 ITGIT->TRAMB Transported 11, trans in %: 16.6667
 Path ITGIT_4->ESALG_4
ESALG_3->TRAMB_3
ID:123 ITGIT->EGDAM Transported 1, trans in %: 100
 Path ITGIT_4->EGPSD_4
EGPSD_1->EGDAM_1
ID:211 TRMER->ESALG Transported 12, trans in %: 24.4898
 Path TRMER_5->ITGIT_5
ITGIT_4->ESALG_4
ID:238 EGPSD->MAAGA Transported 4, trans in %: 100
 Path EGPSD_5->ILHFA_5
ILHFA_3->MAAGA_3
ID:245 EGPSD->DZBJA Transported 4, trans in %: 100
 Path EGPSD_5->ILHFA_5
ILHFA_3->DZBJA_3
ID:252 EGPSD->PTLEI Transported 41, trans in %: 100
 Path EGPSD_5->ILHFA_5
ILHFA_3->PTLEI_3
ID:268 EGPSD->ESVGO Transported 11, trans in %: 100
 Path EGPSD_5->ILHFA_5
ILHFA_3->ESVGO_3
ID:282 MAPTM->TRMER Transported 41, trans in %: 100
 Path MAPTM_4->EGPSD_4
EGPSD_5->TRMER_5
ID:310 GRSKG->ESALG Transported 12, trans in %: 100
 Path GRSKG_5->ITGIT_5
ITGIT_4->ESALG_4
ID:315 GRSKG->PTLEI Transported 12, trans in %: 100
 Path GRSKG_5->ILHFA_5
ILHFA_3->PTLEI_3
ID:341 ESVLC->TRMER Transported 16, trans in %: 100
 Path ESVLC_4->EGPSD_4
EGPSD_5->TRMER_5
ID:57 TRAMB->ILASH Transported 1, trans in %: 100
 Path TRAMB_3->ILHFA_3
ILHFA_5->ILASH_5
ID:106 ITGOA->MACAS Transported 3, trans in %: 100
 Path ITGOA_4->ESALG_4
ESALG_7->MACAS_7
ID:222 UAODS->DZALG Transported 8, trans in %: 100
 Path UAODS_2->EGPSD_2
EGPSD_4->ITGIT_4
ITGIT_0->DZALG_0
 *************** Rejected *****************
ID:26 ESALG->DZAAE Rejected 2, in %: 100
ID:44 ESALG->TNSFA Rejected 35, in %: 100
ID:46 ESALG->ESSCT Rejected 10, in %: 100
ID:134 ITGIT->TNSFA Rejected 1, in %: 100
ID:203 ESAGP->TNSFA Rejected 3, in %: 100
ID:204 ESAGP->ESSCT Rejected 1, in %: 100
ID:221 UAODS->ESALG Rejected 10, in %: 71.4286
ID:223 UAODS->DZAAE Rejected 8, in %: 100
ID:260 EGPSD->TNSFA Rejected 4, in %: 100
ID:288 MAPTM->TNSFA Rejected 1, in %: 100
ID:289 MAPTM->ESSCT Rejected 3, in %: 100
ID:305 TNSFA->ESALG Rejected 7, in %: 100
ID:306 TNSFA->ESAGP Rejected 9, in %: 100
ID:307 TNSFA->EGPSD Rejected 1, in %: 100
ID:346 BGVAR->ESBCN Rejected 8, in %: 100
ID:354 BGVAR->ESVLC Rejected 6, in %: 100
*********************************************
Objective value: -937839  Objective value without penalty: -828839
 Half year Objective (FERNANDO) -2.3446e+07
Vessel Class cost: 868000
Bunker idle burn cost: 92340
fuel_burn: 920382
Port Call Cost: 1.14493e+06
Canal costs 0
Revenue: 5.28594e+06
Penalty: 109000
Handling cost: 3.08913e+06
transported % 98.5553
deployment % 88
0.384444 service id 1
0.672222 service id 0
0.682667 service id 7
0.775556 service id 6
0.825875 service id 3
0.876111 service id 5
0.904394 service id 4
0.917778 service id 2
 total 2450 accepted 766 acceptance percentage 0.312653 k 9
-2.3446e+07 & -937839 & 66.6452 & 88 & 98.5553 & 377.099
Time 377.099
Time 377.102931
