Command line parameters: 
ports /home/berit/git/LINERLIB/data/ports.csv demands /home/berit/git/LINERLIB/data/Demand_Mediterranean.csv distances /home/berit/git/LINERLIB/data/dist_dense.csv vessels /home/berit/git/lsndp/data/fleet_Mediterranean_low.csv quantities /home/berit/git/lsndp/data/fleet_data_low_rounded.csv
Seed = 1398169565
*********************Best found solution********************************
service 0 service id 0
capacity 800
 # vessels 6
 Butterfly rotation 
19	CYLMS	Limassol
14	ILHFA	Haifa
25	EGPSD	Port Said
1	EGALY	Alexandria
13	ITGIT	Gioia Tauro
12	ITGOA	Genoa
37	ESVLC	Valencia
20	ESAGP	Malaga
2	ESALG	Algeciras
10	MACAS	Casablanca
0	MAAGA	Agadir
16	ESLPA	Las Palmas
18	PTLEI	Leixoes
2	ESALG	Algeciras
9	DZBJA	Bejaia
24	GRPIR	Piraeus
4	TRAMB	Ambarli

 speed 12.8667
 voyage distance nautical miles 7720
 voyage duration in weeks 6
 Port call cost 216110
 Bunker idle burn in Ton 42.5
 Bunker fuel burn in Ton 459.941
 Total bunker cost at 600 USD for one round trip 301465
 Total TC cost 462000
service 1 service id 1
capacity 450
 # vessels 4
27	GEPTI	Poti
38	BGVAR	Varna
4	TRAMB	Ambarli
15	TRIZM	Izmir
25	EGPSD	Port Said
8	LBBEY	Beirut
21	TRMER	Mersin
19	CYLMS	Limassol
13	ITGIT	Gioia Tauro

 speed 10.8904
 voyage distance nautical miles 4966
 voyage duration in weeks 4
 Port call cost 98384
 Bunker idle burn in Ton 21.6
 Bunker fuel burn in Ton 266.989
 Total bunker cost at 600 USD for one round trip 173153
 Total TC cost 196000
service 2 service id 2
capacity 450
 # vessels 2
32	ESTAR	Tarragona
28	ITSAL	Salerno
13	ITGIT	Gioia Tauro
36	TNTUN	Tunis
3	DZALG	Algiers
7	ESBCN	Barcelona

 speed 10.8854
 voyage distance nautical miles 2090
 voyage duration in weeks 2
 Port call cost 73527
 Bunker idle burn in Ton 14.4
 Bunker fuel burn in Ton 112.264
 Total bunker cost at 600 USD for one round trip 75998.2
 Total TC cost 98000
service 3 service id 3
capacity 1200
 # vessels 3
 Butterfly rotation 
2	ESALG	Algeciras
26	MAPTM	Tangier
2	ESALG	Algeciras
12	ITGOA	Genoa
13	ITGIT	Gioia Tauro
8	LBBEY	Beirut
6	ILASH	Ashdod
25	EGPSD	Port Said

 speed 15.7788
 voyage distance nautical miles 4923
 voyage duration in weeks 3
 Port call cost 117247
 Bunker idle burn in Ton 32
 Bunker fuel burn in Ton 459.738
 Total bunker cost at 600 USD for one round trip 295043
 Total TC cost 315000
 ------------------Flow Solution ---------------------- 
ID:0 MAAGA->ESALG Transported 70, trans in %: 100
 Path MAAGA_0->ESALG_0
ID:4 MAAGA->GRPIR Transported 5, trans in %: 100
 Path MAAGA_0->GRPIR_0
ID:5 MAAGA->EGPSD Transported 1, trans in %: 100
 Path MAAGA_0->EGPSD_0
ID:12 EGALY->MACAS Transported 25, trans in %: 100
 Path EGALY_0->MACAS_0
ID:13 EGALY->ITGIT Transported 20, trans in %: 100
 Path EGALY_0->ITGIT_0
ID:15 EGALY->PTLEI Transported 9, trans in %: 100
 Path EGALY_0->PTLEI_0
ID:16 EGALY->ESAGP Transported 25, trans in %: 100
 Path EGALY_0->ESAGP_0
ID:20 EGALY->TNTUN Transported 2, trans in %: 100
 Path EGALY_0->ITGIT_0
ITGIT_2->TNTUN_2
ID:21 EGALY->ESVLC Transported 1, trans in %: 100
 Path EGALY_0->ESVLC_0
ID:22 ESALG->MAAGA Transported 58, trans in %: 100
 Path ESALG_0->MAAGA_0
ID:23 ESALG->EGALY Transported 69, trans in %: 36.3158
 Path ESALG_0->EGALY_0
ID:24 ESALG->DZALG Transported 33, trans in %: 100
 Path ESALG_3->ITGIT_3
ITGIT_2->DZALG_2
ID:25 ESALG->TRAMB Transported 266, trans in %: 100
 Path ESALG_0->TRAMB_0
ID:27 ESALG->ILASH Transported 56, trans in %: 100
 Path ESALG_3->ILASH_3
ID:28 ESALG->LBBEY Transported 37, trans in %: 100
 Path ESALG_3->LBBEY_3
ID:29 ESALG->DZBJA Transported 8, trans in %: 100
 Path ESALG_0->DZBJA_0
ID:30 ESALG->MACAS Transported 180, trans in %: 100
 Path ESALG_0->MACAS_0
ID:31 ESALG->ITGOA Transported 23, trans in %: 100
 Path ESALG_3->ITGOA_3
ID:32 ESALG->ILHFA Transported 55, trans in %: 100
 Path ESALG_0->ILHFA_0
ID:33 ESALG->TRIZM Transported 37, trans in %: 100
 Path ESALG_0->TRAMB_0
TRAMB_1->TRIZM_1
ID:34 ESALG->ESLPA Transported 21, trans in %: 100
 Path ESALG_0->ESLPA_0
ID:36 ESALG->PTLEI Transported 4, trans in %: 100
 Path ESALG_0->PTLEI_0
ID:37 ESALG->CYLMS Transported 4, trans in %: 100
 Path ESALG_0->CYLMS_0
ID:41 ESALG->GRPIR Transported 76, trans in %: 100
 Path ESALG_0->GRPIR_0
ID:43 ESALG->ITSAL Transported 1, trans in %: 100
 Path ESALG_3->ITGIT_3
ITGIT_2->ITSAL_2
ID:49 ESALG->TNTUN Transported 49, trans in %: 100
 Path ESALG_3->ITGIT_3
ITGIT_2->TNTUN_2
ID:52 DZALG->PTLEI Transported 1, trans in %: 100
 Path DZALG_2->ITGIT_2
ITGIT_0->PTLEI_0
ID:53 DZALG->ESAGP Transported 7, trans in %: 100
 Path DZALG_2->ITGIT_2
ITGIT_0->ESAGP_0
ID:54 DZALG->EGPSD Transported 2, trans in %: 100
 Path DZALG_2->ITGIT_2
ITGIT_3->EGPSD_3
ID:55 TRAMB->EGALY Transported 13, trans in %: 100
 Path TRAMB_0->EGALY_0
ID:59 TRAMB->LBBEY Transported 2, trans in %: 100
 Path TRAMB_1->LBBEY_1
ID:60 TRAMB->MACAS Transported 9, trans in %: 69.2308
 Path TRAMB_0->MACAS_0
ID:61 TRAMB->ILHFA Transported 61, trans in %: 100
 Path TRAMB_0->ILHFA_0
ID:63 TRAMB->PTLEI Transported 21, trans in %: 100
 Path TRAMB_0->PTLEI_0
ID:64 TRAMB->ESAGP Transported 25, trans in %: 100
 Path TRAMB_0->ESAGP_0
ID:67 TRAMB->TNTUN Transported 7, trans in %: 100
 Path TRAMB_0->ITGIT_0
ITGIT_2->TNTUN_2
ID:69 ILASH->ESALG Transported 18, trans in %: 100
 Path ILASH_3->ESALG_3
ID:73 ILASH->EGPSD Transported 23, trans in %: 100
 Path ILASH_3->EGPSD_3
ID:74 ILASH->MAPTM Transported 25, trans in %: 100
 Path ILASH_3->MAPTM_3
ID:75 ILASH->BGVAR Transported 51, trans in %: 100
 Path ILASH_3->EGPSD_3
EGPSD_1->BGVAR_1
ID:78 ESBCN->DZALG Transported 34, trans in %: 100
 Path ESBCN_2->DZALG_2
ID:80 ESBCN->ESAGP Transported 16, trans in %: 100
 Path ESBCN_2->ITGIT_2
ITGIT_0->ESAGP_0
ID:82 ESBCN->MAPTM Transported 5, trans in %: 100
 Path ESBCN_2->ITGIT_2
ITGIT_3->MAPTM_3
ID:83 ESBCN->GEPTI Transported 17, trans in %: 100
 Path ESBCN_2->ITGIT_2
ITGIT_1->GEPTI_1
ID:84 ESBCN->ITSAL Transported 72, trans in %: 100
 Path ESBCN_2->ITSAL_2
ID:85 LBBEY->ESALG Transported 2, trans in %: 100
 Path LBBEY_3->ESALG_3
ID:86 LBBEY->CYLMS Transported 28, trans in %: 100
 Path LBBEY_1->CYLMS_1
ID:89 LBBEY->EGPSD Transported 99, trans in %: 100
 Path LBBEY_3->EGPSD_3
ID:90 LBBEY->MAPTM Transported 2, trans in %: 100
 Path LBBEY_3->MAPTM_3
ID:91 DZBJA->PTLEI Transported 1, trans in %: 100
 Path DZBJA_0->PTLEI_0
ID:92 MACAS->EGALY Transported 16, trans in %: 100
 Path MACAS_0->EGALY_0
ID:93 MACAS->ESALG Transported 15, trans in %: 100
 Path MACAS_0->ESALG_0
ID:96 MACAS->DZBJA Transported 32, trans in %: 100
 Path MACAS_0->DZBJA_0
ID:100 MACAS->EGPSD Transported 14, trans in %: 100
 Path MACAS_0->EGPSD_0
ID:103 ITGOA->MAAGA Transported 12, trans in %: 100
 Path ITGOA_0->MAAGA_0
ID:104 ITGOA->ESALG Transported 51, trans in %: 100
 Path ITGOA_0->ESALG_0
ID:105 ITGOA->DZALG Transported 16, trans in %: 80
 Path ITGOA_3->ITGIT_3
ITGIT_2->DZALG_2
ID:107 ITGOA->PTLEI Transported 8, trans in %: 100
 Path ITGOA_0->PTLEI_0
ID:108 ITGOA->ESAGP Transported 47, trans in %: 100
 Path ITGOA_0->ESAGP_0
ID:110 ITGOA->EGPSD Transported 125, trans in %: 100
 Path ITGOA_3->EGPSD_3
ID:111 ITGOA->MAPTM Transported 146, trans in %: 100
 Path ITGOA_3->MAPTM_3
ID:114 ITGIT->MAAGA Transported 3, trans in %: 100
 Path ITGIT_0->MAAGA_0
ID:116 ITGIT->DZALG Transported 11, trans in %: 100
 Path ITGIT_2->DZALG_2
ID:117 ITGIT->TRAMB Transported 66, trans in %: 100
 Path ITGIT_1->TRAMB_1
ID:118 ITGIT->ILASH Transported 14, trans in %: 100
 Path ITGIT_3->ILASH_3
ID:119 ITGIT->ESBCN Transported 3, trans in %: 100
 Path ITGIT_2->ESBCN_2
ID:120 ITGIT->LBBEY Transported 16, trans in %: 100
 Path ITGIT_3->LBBEY_3
ID:122 ITGIT->MACAS Transported 39, trans in %: 37.5
 Path ITGIT_0->MACAS_0
ID:124 ITGIT->ITGOA Transported 36, trans in %: 100
 Path ITGIT_0->ITGOA_0
ID:125 ITGIT->TRIZM Transported 11, trans in %: 100
 Path ITGIT_1->TRIZM_1
ID:127 ITGIT->PTLEI Transported 4, trans in %: 100
 Path ITGIT_0->PTLEI_0
ID:133 ITGIT->GEPTI Transported 20, trans in %: 100
 Path ITGIT_1->GEPTI_1
ID:136 ITGIT->ESTAR Transported 3, trans in %: 100
 Path ITGIT_2->ESTAR_2
ID:139 ITGIT->TNTUN Transported 7, trans in %: 100
 Path ITGIT_2->TNTUN_2
ID:140 ITGIT->ESVLC Transported 2, trans in %: 100
 Path ITGIT_0->ESVLC_0
ID:141 ITGIT->BGVAR Transported 8, trans in %: 100
 Path ITGIT_1->BGVAR_1
ID:143 ILHFA->MAAGA Transported 10, trans in %: 100
 Path ILHFA_0->MAAGA_0
ID:145 ILHFA->ESBCN Transported 3, trans in %: 21.4286
 Path ILHFA_0->ITGIT_0
ITGIT_2->ESBCN_2
ID:146 ILHFA->MACAS Transported 29, trans in %: 34.5238
 Path ILHFA_0->MACAS_0
ID:147 ILHFA->ITGIT Transported 15, trans in %: 100
 Path ILHFA_0->ITGIT_0
ID:148 ILHFA->ESAGP Transported 5, trans in %: 100
 Path ILHFA_0->ESAGP_0
ID:149 ILHFA->EGPSD Transported 4, trans in %: 100
 Path ILHFA_0->EGPSD_0
ID:150 ILHFA->MAPTM Transported 42, trans in %: 100
 Path ILHFA_0->EGPSD_0
EGPSD_3->MAPTM_3
ID:156 TRIZM->LBBEY Transported 1, trans in %: 100
 Path TRIZM_1->LBBEY_1
ID:157 TRIZM->ITGIT Transported 11, trans in %: 100
 Path TRIZM_1->ITGIT_1
ID:159 TRIZM->EGPSD Transported 21, trans in %: 100
 Path TRIZM_1->EGPSD_1
ID:160 TRIZM->MAPTM Transported 31, trans in %: 100
 Path TRIZM_1->EGPSD_1
EGPSD_3->MAPTM_3
ID:162 ESLPA->EGALY Transported 12, trans in %: 100
 Path ESLPA_0->EGALY_0
ID:172 PTLEI->EGALY Transported 36, trans in %: 100
 Path PTLEI_0->EGALY_0
ID:173 PTLEI->ESALG Transported 5, trans in %: 100
 Path PTLEI_0->ESALG_0
ID:177 PTLEI->ILHFA Transported 3, trans in %: 100
 Path PTLEI_0->ILHFA_0
ID:180 PTLEI->EGPSD Transported 28, trans in %: 100
 Path PTLEI_0->EGPSD_0
ID:183 PTLEI->BGVAR Transported 8, trans in %: 100
 Path PTLEI_0->TRAMB_0
TRAMB_1->BGVAR_1
ID:185 CYLMS->ITGIT Transported 8, trans in %: 100
 Path CYLMS_1->ITGIT_1
ID:186 CYLMS->EGPSD Transported 1, trans in %: 100
 Path CYLMS_0->EGPSD_0
ID:194 ESAGP->MACAS Transported 11, trans in %: 100
 Path ESAGP_0->MACAS_0
ID:198 ESAGP->PTLEI Transported 7, trans in %: 100
 Path ESAGP_0->PTLEI_0
ID:214 TRMER->ITGIT Transported 12, trans in %: 100
 Path TRMER_1->ITGIT_1
ID:218 TRMER->ESTAR Transported 28, trans in %: 100
 Path TRMER_1->ITGIT_1
ITGIT_2->ESTAR_2
ID:219 TRMER->TNTUN Transported 4, trans in %: 100
 Path TRMER_1->ITGIT_1
ITGIT_2->TNTUN_2
ID:233 GRPIR->EGALY Transported 6, trans in %: 100
 Path GRPIR_0->EGALY_0
ID:235 GRPIR->ESAGP Transported 5, trans in %: 100
 Path GRPIR_0->ESAGP_0
ID:236 GRPIR->EGPSD Transported 16, trans in %: 100
 Path GRPIR_0->EGPSD_0
ID:237 GRPIR->MAPTM Transported 4, trans in %: 100
 Path GRPIR_0->EGPSD_0
EGPSD_3->MAPTM_3
ID:239 EGPSD->EGALY Transported 29, trans in %: 100
 Path EGPSD_0->EGALY_0
ID:240 EGPSD->DZALG Transported 22, trans in %: 100
 Path EGPSD_0->ITGIT_0
ITGIT_2->DZALG_2
ID:241 EGPSD->TRAMB Transported 70, trans in %: 97.2222
 Path EGPSD_1->TRAMB_1
ID:244 EGPSD->LBBEY Transported 86, trans in %: 100
 Path EGPSD_1->LBBEY_1
ID:250 EGPSD->TRIZM Transported 11, trans in %: 100
 Path EGPSD_1->TRIZM_1
ID:253 EGPSD->CYLMS Transported 3, trans in %: 100
 Path EGPSD_1->CYLMS_1
ID:254 EGPSD->TRMER Transported 57, trans in %: 100
 Path EGPSD_1->TRMER_1
ID:258 EGPSD->GEPTI Transported 2, trans in %: 100
 Path EGPSD_1->GEPTI_1
ID:259 EGPSD->ITSAL Transported 4, trans in %: 100
 Path EGPSD_0->ITGIT_0
ITGIT_2->ITSAL_2
ID:262 EGPSD->ESTAR Transported 33, trans in %: 100
 Path EGPSD_0->ITGIT_0
ITGIT_2->ESTAR_2
ID:265 EGPSD->TNTUN Transported 46, trans in %: 100
 Path EGPSD_0->ITGIT_0
ITGIT_2->TNTUN_2
ID:266 EGPSD->ESVLC Transported 31, trans in %: 100
 Path EGPSD_0->ESVLC_0
ID:267 EGPSD->BGVAR Transported 26, trans in %: 100
 Path EGPSD_1->BGVAR_1
ID:270 MAPTM->EGALY Transported 112, trans in %: 100
 Path MAPTM_3->EGPSD_3
EGPSD_0->EGALY_0
ID:271 MAPTM->DZALG Transported 3, trans in %: 100
 Path MAPTM_3->ITGIT_3
ITGIT_2->DZALG_2
ID:273 MAPTM->ILASH Transported 16, trans in %: 100
 Path MAPTM_3->ILASH_3
ID:274 MAPTM->ESBCN Transported 18, trans in %: 100
 Path MAPTM_3->ITGIT_3
ITGIT_2->ESBCN_2
ID:275 MAPTM->LBBEY Transported 44, trans in %: 100
 Path MAPTM_3->LBBEY_3
ID:278 MAPTM->ITGOA Transported 28, trans in %: 100
 Path MAPTM_3->ITGOA_3
ID:282 MAPTM->TRMER Transported 41, trans in %: 100
 Path MAPTM_3->EGPSD_3
EGPSD_1->TRMER_1
ID:287 MAPTM->ITSAL Transported 3, trans in %: 100
 Path MAPTM_3->ITGIT_3
ITGIT_2->ITSAL_2
ID:292 MAPTM->TNTUN Transported 4, trans in %: 100
 Path MAPTM_3->ITGIT_3
ITGIT_2->TNTUN_2
ID:298 GEPTI->EGPSD Transported 6, trans in %: 100
 Path GEPTI_1->EGPSD_1
ID:299 GEPTI->MAPTM Transported 1, trans in %: 100
 Path GEPTI_1->EGPSD_1
EGPSD_3->MAPTM_3
ID:300 GEPTI->BGVAR Transported 6, trans in %: 100
 Path GEPTI_1->BGVAR_1
ID:302 ITSAL->ESAGP Transported 59, trans in %: 100
 Path ITSAL_2->ITGIT_2
ITGIT_0->ESAGP_0
ID:303 ITSAL->EGPSD Transported 20, trans in %: 100
 Path ITSAL_2->ITGIT_2
ITGIT_3->EGPSD_3
ID:304 ITSAL->BGVAR Transported 6, trans in %: 100
 Path ITSAL_2->ITGIT_2
ITGIT_1->BGVAR_1
ID:308 ESTAR->ITSAL Transported 103, trans in %: 100
 Path ESTAR_2->ITSAL_2
ID:330 TNTUN->DZALG Transported 19, trans in %: 100
 Path TNTUN_2->DZALG_2
ID:331 TNTUN->MACAS Transported 12, trans in %: 100
 Path TNTUN_2->ITGIT_2
ITGIT_0->MACAS_0
ID:332 TNTUN->ITGOA Transported 16, trans in %: 100
 Path TNTUN_2->ITGIT_2
ITGIT_0->ITGOA_0
ID:333 TNTUN->ITGIT Transported 8, trans in %: 100
 Path TNTUN_2->ITGIT_2
ID:334 TNTUN->ESAGP Transported 30, trans in %: 100
 Path TNTUN_2->ITGIT_2
ITGIT_0->ESAGP_0
ID:335 TNTUN->EGPSD Transported 8, trans in %: 100
 Path TNTUN_2->ITGIT_2
ITGIT_3->EGPSD_3
ID:336 TNTUN->MAPTM Transported 1, trans in %: 100
 Path TNTUN_2->ITGIT_2
ITGIT_3->MAPTM_3
ID:338 ESVLC->ESALG Transported 35, trans in %: 100
 Path ESVLC_0->ESALG_0
ID:340 ESVLC->ESAGP Transported 40, trans in %: 100
 Path ESVLC_0->ESAGP_0
ID:348 BGVAR->ILHFA Transported 21, trans in %: 100
 Path BGVAR_1->TRAMB_1
TRAMB_0->ILHFA_0
ID:350 BGVAR->ESAGP Transported 12, trans in %: 100
 Path BGVAR_1->TRAMB_1
TRAMB_0->ESAGP_0
ID:351 BGVAR->TRMER Transported 55, trans in %: 100
 Path BGVAR_1->TRMER_1
ID:352 BGVAR->EGPSD Transported 40, trans in %: 100
 Path BGVAR_1->EGPSD_1
ID:353 BGVAR->MAPTM Transported 21, trans in %: 100
 Path BGVAR_1->EGPSD_1
EGPSD_3->MAPTM_3
ID:354 BGVAR->ESVLC Transported 6, trans in %: 100
 Path BGVAR_1->TRAMB_1
TRAMB_0->ESVLC_0
ID:1 MAAGA->ITGOA Transported 6, trans in %: 100
 Path MAAGA_0->ESALG_0
ESALG_3->ITGOA_3
ID:2 MAAGA->ITGIT Transported 10, trans in %: 100
 Path MAAGA_0->ESALG_0
ESALG_3->ITGIT_3
ID:3 MAAGA->ESAGP Transported 15, trans in %: 100
 Path MAAGA_0->ESALG_0
ESALG_3->ITGOA_3
ITGOA_0->ESAGP_0
ID:6 MAAGA->MAPTM Transported 4, trans in %: 100
 Path MAAGA_0->ESALG_0
ESALG_3->MAPTM_3
ID:9 EGALY->ESALG Transported 22, trans in %: 100
 Path EGALY_0->ITGIT_0
ITGIT_3->ESALG_3
ID:10 EGALY->ILASH Transported 9, trans in %: 100
 Path EGALY_0->ITGIT_0
ITGIT_3->ILASH_3
ID:11 EGALY->LBBEY Transported 45, trans in %: 100
 Path EGALY_0->ITGIT_0
ITGIT_3->LBBEY_3
ID:17 EGALY->EGPSD Transported 37, trans in %: 100
 Path EGALY_0->ITGIT_0
ITGIT_3->EGPSD_3
ID:18 EGALY->MAPTM Transported 13, trans in %: 100
 Path EGALY_0->ITGIT_0
ITGIT_3->MAPTM_3
ID:23 ESALG->EGALY Transported 121, trans in %: 63.6842
 Path ESALG_3->EGPSD_3
EGPSD_0->EGALY_0
ID:38 ESALG->TRMER Transported 6, trans in %: 28.5714
 Path ESALG_3->LBBEY_3
LBBEY_1->TRMER_1
ID:42 ESALG->GEPTI Transported 30, trans in %: 100
 Path ESALG_3->ITGIT_3
ITGIT_1->GEPTI_1
ID:50 ESALG->ESVLC Transported 9, trans in %: 100
 Path ESALG_3->ITGOA_3
ITGOA_0->ESVLC_0
ID:51 ESALG->BGVAR Transported 13, trans in %: 100
 Path ESALG_3->ITGIT_3
ITGIT_1->BGVAR_1
ID:68 ILASH->MAAGA Transported 25, trans in %: 100
 Path ILASH_3->ESALG_3
ESALG_0->MAAGA_0
ID:72 ILASH->ESAGP Transported 9, trans in %: 100
 Path ILASH_3->ITGOA_3
ITGOA_0->ESAGP_0
ID:77 ESBCN->ESALG Transported 48, trans in %: 100
 Path ESBCN_2->ITGIT_2
ITGIT_3->ESALG_3
ID:81 ESBCN->EGPSD Transported 30, trans in %: 100
 Path ESBCN_2->ITGIT_2
ITGIT_3->EGPSD_3
ID:87 LBBEY->ESAGP Transported 15, trans in %: 53.5714
 Path LBBEY_3->ITGOA_3
ITGOA_0->ESAGP_0
ID:94 MACAS->DZALG Transported 13, trans in %: 100
 Path MACAS_0->ESALG_0
ESALG_3->ITGIT_3
ITGIT_2->DZALG_2
ID:97 MACAS->ITGOA Transported 27, trans in %: 100
 Path MACAS_0->ESALG_0
ESALG_3->ITGOA_3
ID:98 MACAS->ESAGP Transported 22, trans in %: 100
 Path MACAS_0->ESALG_0
ESALG_3->ITGOA_3
ITGOA_0->ESAGP_0
ID:101 MACAS->MAPTM Transported 1, trans in %: 100
 Path MACAS_0->ESALG_0
ESALG_3->MAPTM_3
ID:112 ITGOA->GEPTI Transported 62, trans in %: 100
 Path ITGOA_3->ITGIT_3
ITGIT_1->GEPTI_1
ID:115 ITGIT->EGALY Transported 15, trans in %: 100
 Path ITGIT_3->EGPSD_3
EGPSD_0->EGALY_0
ID:121 ITGIT->DZBJA Transported 9, trans in %: 100
 Path ITGIT_3->ESALG_3
ESALG_0->DZBJA_0
ID:128 ITGIT->CYLMS Transported 4, trans in %: 100
 Path ITGIT_3->LBBEY_3
LBBEY_1->CYLMS_1
ID:129 ITGIT->TRMER Transported 4, trans in %: 100
 Path ITGIT_3->LBBEY_3
LBBEY_1->TRMER_1
ID:132 ITGIT->GRPIR Transported 12, trans in %: 100
 Path ITGIT_3->ESALG_3
ESALG_0->GRPIR_0
ID:144 ILHFA->ESALG Transported 17, trans in %: 100
 Path ILHFA_0->EGPSD_0
EGPSD_3->ESALG_3
ID:146 ILHFA->MACAS Transported 55, trans in %: 65.4762
 Path ILHFA_0->EGPSD_0
EGPSD_3->ESALG_3
ESALG_0->MACAS_0
ID:154 TRIZM->ESALG Transported 30, trans in %: 100
 Path TRIZM_1->EGPSD_1
EGPSD_3->ESALG_3
ID:163 ESLPA->ITGOA Transported 14, trans in %: 100
 Path ESLPA_0->ESALG_0
ESALG_3->ITGOA_3
ID:164 ESLPA->ITGIT Transported 24, trans in %: 100
 Path ESLPA_0->ESALG_0
ESALG_3->ITGIT_3
ID:165 ESLPA->ESAGP Transported 2, trans in %: 100
 Path ESLPA_0->ESALG_0
ESALG_3->ITGOA_3
ITGOA_0->ESAGP_0
ID:171 PTLEI->MAAGA Transported 21, trans in %: 100
 Path PTLEI_0->ESALG_0
ESALG_3->ESALG_3
ESALG_0->MAAGA_0
ID:174 PTLEI->DZALG Transported 50, trans in %: 100
 Path PTLEI_0->ESALG_0
ESALG_3->ITGIT_3
ITGIT_2->DZALG_2
ID:175 PTLEI->MACAS Transported 12, trans in %: 100
 Path PTLEI_0->ESALG_0
ESALG_3->ESALG_3
ESALG_0->MACAS_0
ID:176 PTLEI->ITGIT Transported 18, trans in %: 100
 Path PTLEI_0->ESALG_0
ESALG_3->ITGIT_3
ID:179 PTLEI->ESAGP Transported 88, trans in %: 100
 Path PTLEI_0->ESALG_0
ESALG_3->ITGOA_3
ITGOA_0->ESAGP_0
ID:181 PTLEI->MAPTM Transported 20, trans in %: 100
 Path PTLEI_0->ESALG_0
ESALG_3->MAPTM_3
ID:182 PTLEI->TNTUN Transported 34, trans in %: 100
 Path PTLEI_0->ESALG_0
ESALG_3->ITGIT_3
ITGIT_2->TNTUN_2
ID:184 CYLMS->ESALG Transported 1, trans in %: 100
 Path CYLMS_0->EGPSD_0
EGPSD_3->ESALG_3
ID:187 ESAGP->EGALY Transported 2, trans in %: 100
 Path ESAGP_0->ESALG_0
ESALG_3->EGPSD_3
EGPSD_0->EGALY_0
ID:188 ESAGP->DZALG Transported 7, trans in %: 100
 Path ESAGP_0->ESALG_0
ESALG_3->ITGIT_3
ITGIT_2->DZALG_2
ID:190 ESAGP->ILASH Transported 1, trans in %: 100
 Path ESAGP_0->ESALG_0
ESALG_3->ILASH_3
ID:191 ESAGP->ESBCN Transported 3, trans in %: 100
 Path ESAGP_0->ESALG_0
ESALG_3->ITGIT_3
ITGIT_2->ESBCN_2
ID:192 ESAGP->LBBEY Transported 1, trans in %: 100
 Path ESAGP_0->ESALG_0
ESALG_3->LBBEY_3
ID:196 ESAGP->ITGOA Transported 30, trans in %: 100
 Path ESAGP_0->ESALG_0
ESALG_3->ITGOA_3
ID:199 ESAGP->CYLMS Transported 1, trans in %: 100
 Path ESAGP_0->ESALG_0
ESALG_3->LBBEY_3
LBBEY_1->CYLMS_1
ID:202 ESAGP->ITSAL Transported 3, trans in %: 100
 Path ESAGP_0->ESALG_0
ESALG_3->ITGIT_3
ITGIT_2->ITSAL_2
ID:206 ESAGP->TNTUN Transported 6, trans in %: 100
 Path ESAGP_0->ESALG_0
ESALG_3->ITGIT_3
ITGIT_2->TNTUN_2
ID:207 ESAGP->ESVLC Transported 8, trans in %: 100
 Path ESAGP_0->ESALG_0
ESALG_3->ITGOA_3
ITGOA_0->ESVLC_0
ID:208 ESAGP->BGVAR Transported 1, trans in %: 100
 Path ESAGP_0->ESALG_0
ESALG_3->ITGIT_3
ITGIT_1->BGVAR_1
ID:210 TRMER->EGALY Transported 17, trans in %: 100
 Path TRMER_1->CYLMS_1
CYLMS_0->EGALY_0
ID:211 TRMER->ESALG Transported 49, trans in %: 100
 Path TRMER_1->ITGIT_1
ITGIT_3->ESALG_3
ID:215 TRMER->ESAGP Transported 37, trans in %: 100
 Path TRMER_1->ITGIT_1
ITGIT_0->ESAGP_0
ID:216 TRMER->EGPSD Transported 28, trans in %: 100
 Path TRMER_1->ITGIT_1
ITGIT_3->EGPSD_3
ID:217 TRMER->MAPTM Transported 11, trans in %: 100
 Path TRMER_1->ITGIT_1
ITGIT_3->MAPTM_3
ID:234 GRPIR->ESALG Transported 8, trans in %: 100
 Path GRPIR_0->EGPSD_0
EGPSD_3->ESALG_3
ID:238 EGPSD->MAAGA Transported 4, trans in %: 100
 Path EGPSD_3->ESALG_3
ESALG_0->MAAGA_0
ID:245 EGPSD->DZBJA Transported 4, trans in %: 100
 Path EGPSD_3->ESALG_3
ESALG_0->DZBJA_0
ID:246 EGPSD->MACAS Transported 148, trans in %: 100
 Path EGPSD_3->ESALG_3
ESALG_0->MACAS_0
ID:248 EGPSD->ITGOA Transported 48, trans in %: 100
 Path EGPSD_3->ITGOA_3
ID:252 EGPSD->PTLEI Transported 41, trans in %: 100
 Path EGPSD_3->ESALG_3
ESALG_0->PTLEI_0
ID:257 EGPSD->GRPIR Transported 15, trans in %: 100
 Path EGPSD_3->ESALG_3
ESALG_0->GRPIR_0
ID:269 MAPTM->MAAGA Transported 1, trans in %: 100
 Path MAPTM_3->ESALG_3
ESALG_0->MAAGA_0
ID:276 MAPTM->DZBJA Transported 8, trans in %: 100
 Path MAPTM_3->ESALG_3
ESALG_0->DZBJA_0
ID:277 MAPTM->MACAS Transported 22, trans in %: 100
 Path MAPTM_3->ESALG_3
ESALG_0->MACAS_0
ID:281 MAPTM->PTLEI Transported 7, trans in %: 100
 Path MAPTM_3->ESALG_3
ESALG_0->PTLEI_0
ID:285 MAPTM->GRPIR Transported 7, trans in %: 100
 Path MAPTM_3->ESALG_3
ESALG_0->GRPIR_0
ID:286 MAPTM->GEPTI Transported 31, trans in %: 100
 Path MAPTM_3->ITGIT_3
ITGIT_1->GEPTI_1
ID:293 MAPTM->ESVLC Transported 5, trans in %: 100
 Path MAPTM_3->ITGOA_3
ITGOA_0->ESVLC_0
ID:294 MAPTM->BGVAR Transported 9, trans in %: 100
 Path MAPTM_3->ITGIT_3
ITGIT_1->BGVAR_1
ID:296 GEPTI->ESALG Transported 3, trans in %: 100
 Path GEPTI_1->EGPSD_1
EGPSD_3->ESALG_3
ID:301 ITSAL->ESALG Transported 22, trans in %: 100
 Path ITSAL_2->ITGIT_2
ITGIT_3->ESALG_3
ID:329 TNTUN->ESALG Transported 2, trans in %: 100
 Path TNTUN_2->ITGIT_2
ITGIT_3->ESALG_3
ID:342 ESVLC->EGPSD Transported 19, trans in %: 100
 Path ESVLC_0->ESALG_0
ESALG_3->EGPSD_3
ID:343 ESVLC->MAPTM Transported 14, trans in %: 100
 Path ESVLC_0->ESALG_0
ESALG_3->MAPTM_3
ID:344 BGVAR->ESALG Transported 7, trans in %: 100
 Path BGVAR_1->EGPSD_1
EGPSD_3->ESALG_3
ID:38 ESALG->TRMER Transported 15, trans in %: 71.4286
 Path ESALG_3->EGPSD_3
EGPSD_1->TRMER_1
ID:56 TRAMB->ESALG Transported 80, trans in %: 100
 Path TRAMB_0->EGPSD_0
EGPSD_3->ESALG_3
ID:57 TRAMB->ILASH Transported 1, trans in %: 100
 Path TRAMB_0->ITGIT_0
ITGIT_3->ILASH_3
ID:65 TRAMB->EGPSD Transported 71, trans in %: 100
 Path TRAMB_0->EGPSD_0
ID:66 TRAMB->MAPTM Transported 37, trans in %: 100
 Path TRAMB_0->EGPSD_0
EGPSD_3->MAPTM_3
ID:71 ILASH->ITGIT Transported 16, trans in %: 100
 Path ILASH_3->EGPSD_3
EGPSD_0->ITGIT_0
ID:152 ILHFA->BGVAR Transported 8, trans in %: 100
 Path ILHFA_0->ITGIT_0
ITGIT_1->BGVAR_1
ID:155 TRIZM->ILASH Transported 1, trans in %: 100
 Path TRIZM_1->LBBEY_1
LBBEY_3->ILASH_3
ID:158 TRIZM->ESAGP Transported 10, trans in %: 100
 Path TRIZM_1->EGPSD_1
EGPSD_0->ESAGP_0
ID:189 ESAGP->TRAMB Transported 1, trans in %: 100
 Path ESAGP_0->ESALG_0
ESALG_3->ESALG_3
ESALG_0->TRAMB_0
ID:193 ESAGP->DZBJA Transported 1, trans in %: 100
 Path ESAGP_0->ESALG_0
ESALG_3->ESALG_3
ESALG_0->DZBJA_0
ID:201 ESAGP->GRPIR Transported 7, trans in %: 100
 Path ESAGP_0->ESALG_0
ESALG_3->ESALG_3
ESALG_0->GRPIR_0
ID:213 TRMER->ITGOA Transported 33, trans in %: 100
 Path TRMER_1->ITGIT_1
ITGIT_0->ITGOA_0
ID:272 MAPTM->TRAMB Transported 20, trans in %: 100
 Path MAPTM_3->ESALG_3
ESALG_0->TRAMB_0
ID:279 MAPTM->ILHFA Transported 26, trans in %: 100
 Path MAPTM_3->ESALG_3
ESALG_0->ILHFA_0
ID:280 MAPTM->TRIZM Transported 18, trans in %: 100
 Path MAPTM_3->ESALG_3
ESALG_0->TRAMB_0
TRAMB_1->TRIZM_1
ID:297 GEPTI->ITGIT Transported 9, trans in %: 100
 Path GEPTI_1->TRAMB_1
TRAMB_0->ITGIT_0
ID:345 BGVAR->ILASH Transported 2, trans in %: 22.2222
 Path BGVAR_1->TRAMB_1
TRAMB_0->ITGIT_0
ITGIT_3->ILASH_3
ID:347 BGVAR->ITGIT Transported 12, trans in %: 100
 Path BGVAR_1->TRAMB_1
TRAMB_0->ITGIT_0
ID:87 LBBEY->ESAGP Transported 13, trans in %: 46.4286
 Path LBBEY_1->ITGIT_1
ITGIT_0->ESAGP_0
ID:241 EGPSD->TRAMB Transported 2, trans in %: 2.77778
 Path EGPSD_3->ESALG_3
ESALG_0->TRAMB_0
ID:249 EGPSD->ILHFA Transported 3, trans in %: 100
 Path EGPSD_1->CYLMS_1
CYLMS_0->ILHFA_0
ID:341 ESVLC->TRMER Transported 16, trans in %: 100
 Path ESVLC_0->ESALG_0
ESALG_3->LBBEY_3
LBBEY_1->TRMER_1
ID:345 BGVAR->ILASH Transported 7, trans in %: 77.7778
 Path BGVAR_1->LBBEY_1
LBBEY_3->ILASH_3
ID:242 EGPSD->ILASH Transported 10, trans in %: 100
 Path EGPSD_0->ITGIT_0
ITGIT_3->ILASH_3
 *************** Rejected *****************
ID:7 MAAGA->GRSKG Rejected 2, in %: 100
ID:8 MAAGA->ESVGO Rejected 17, in %: 100
ID:14 EGALY->SYLTK Rejected 4, in %: 100
ID:19 EGALY->DZSKI Rejected 2, in %: 100
ID:26 ESALG->DZAAE Rejected 2, in %: 100
ID:35 ESALG->SYLTK Rejected 26, in %: 100
ID:39 ESALG->UAODS Rejected 10, in %: 100
ID:40 ESALG->DZORN Rejected 35, in %: 100
ID:44 ESALG->TNSFA Rejected 35, in %: 100
ID:45 ESALG->DZSKI Rejected 11, in %: 100
ID:46 ESALG->ESSCT Rejected 10, in %: 100
ID:47 ESALG->GRSKG Rejected 15, in %: 100
ID:48 ESALG->ITTRS Rejected 7, in %: 100
ID:58 TRAMB->ESBCN Rejected 6, in %: 100
ID:60 TRAMB->MACAS Rejected 4, in %: 30.7692
ID:62 TRAMB->SYLTK Rejected 19, in %: 100
ID:70 ILASH->ESBCN Rejected 23, in %: 100
ID:76 ESBCN->MAAGA Rejected 8, in %: 100
ID:79 ESBCN->SYLTK Rejected 17, in %: 100
ID:88 LBBEY->UAODS Rejected 16, in %: 100
ID:95 MACAS->ESBCN Rejected 7, in %: 100
ID:99 MACAS->DZORN Rejected 13, in %: 100
ID:102 EGDAM->EGPSD Rejected 8, in %: 100
ID:105 ITGOA->DZALG Rejected 4, in %: 20
ID:106 ITGOA->MACAS Rejected 3, in %: 100
ID:109 ITGOA->UAODS Rejected 11, in %: 100
ID:113 ITGOA->DZSKI Rejected 20, in %: 100
ID:122 ITGIT->MACAS Rejected 65, in %: 62.5
ID:123 ITGIT->EGDAM Rejected 1, in %: 100
ID:126 ITGIT->SYLTK Rejected 25, in %: 100
ID:130 ITGIT->UAODS Rejected 30, in %: 100
ID:131 ITGIT->DZORN Rejected 2, in %: 100
ID:134 ITGIT->TNSFA Rejected 1, in %: 100
ID:135 ITGIT->DZSKI Rejected 4, in %: 100
ID:137 ITGIT->GRSKG Rejected 16, in %: 100
ID:138 ITGIT->ITTRS Rejected 1, in %: 100
ID:142 ITGIT->ESVGO Rejected 4, in %: 100
ID:145 ILHFA->ESBCN Rejected 11, in %: 78.5714
ID:151 ILHFA->GRSKG Rejected 9, in %: 100
ID:153 ILHFA->ESVGO Rejected 1, in %: 100
ID:161 TRIZM->GRSKG Rejected 14, in %: 100
ID:166 SYLTK->ITGOA Rejected 7, in %: 100
ID:167 SYLTK->ESAGP Rejected 10, in %: 100
ID:168 SYLTK->EGPSD Rejected 7, in %: 100
ID:169 SYLTK->MAPTM Rejected 1, in %: 100
ID:170 SYLTK->GRSKG Rejected 17, in %: 100
ID:178 PTLEI->SYLTK Rejected 20, in %: 100
ID:195 ESAGP->EGDAM Rejected 2, in %: 100
ID:197 ESAGP->SYLTK Rejected 6, in %: 100
ID:200 ESAGP->UAODS Rejected 2, in %: 100
ID:203 ESAGP->TNSFA Rejected 3, in %: 100
ID:204 ESAGP->ESSCT Rejected 1, in %: 100
ID:205 ESAGP->ITTRS Rejected 5, in %: 100
ID:209 ESAGP->ESVGO Rejected 9, in %: 100
ID:212 TRMER->MACAS Rejected 17, in %: 100
ID:220 UAODS->EGALY Rejected 10, in %: 100
ID:221 UAODS->ESALG Rejected 14, in %: 100
ID:222 UAODS->DZALG Rejected 8, in %: 100
ID:223 UAODS->DZAAE Rejected 8, in %: 100
ID:224 UAODS->ILASH Rejected 32, in %: 100
ID:225 UAODS->ILHFA Rejected 6, in %: 100
ID:226 UAODS->SYLTK Rejected 9, in %: 100
ID:227 UAODS->ESAGP Rejected 2, in %: 100
ID:228 UAODS->EGPSD Rejected 105, in %: 100
ID:229 UAODS->MAPTM Rejected 8, in %: 100
ID:230 UAODS->GEPTI Rejected 15, in %: 100
ID:231 UAODS->ITSAL Rejected 24, in %: 100
ID:232 DZORN->EGPSD Rejected 1, in %: 100
ID:243 EGPSD->ESBCN Rejected 34, in %: 100
ID:247 EGPSD->EGDAM Rejected 1, in %: 100
ID:251 EGPSD->SYLTK Rejected 71, in %: 100
ID:255 EGPSD->UAODS Rejected 22, in %: 100
ID:256 EGPSD->DZORN Rejected 9, in %: 100
ID:260 EGPSD->TNSFA Rejected 4, in %: 100
ID:261 EGPSD->DZSKI Rejected 31, in %: 100
ID:263 EGPSD->GRSKG Rejected 17, in %: 100
ID:264 EGPSD->ITTRS Rejected 11, in %: 100
ID:268 EGPSD->ESVGO Rejected 11, in %: 100
ID:283 MAPTM->UAODS Rejected 23, in %: 100
ID:284 MAPTM->DZORN Rejected 2, in %: 100
ID:288 MAPTM->TNSFA Rejected 1, in %: 100
ID:289 MAPTM->ESSCT Rejected 3, in %: 100
ID:290 MAPTM->GRSKG Rejected 5, in %: 100
ID:291 MAPTM->ITTRS Rejected 3, in %: 100
ID:295 MAPTM->ESVGO Rejected 3, in %: 100
ID:305 TNSFA->ESALG Rejected 7, in %: 100
ID:306 TNSFA->ESAGP Rejected 9, in %: 100
ID:307 TNSFA->EGPSD Rejected 1, in %: 100
ID:309 GRSKG->EGALY Rejected 13, in %: 100
ID:310 GRSKG->ESALG Rejected 12, in %: 100
ID:311 GRSKG->ILASH Rejected 7, in %: 100
ID:312 GRSKG->LBBEY Rejected 11, in %: 100
ID:313 GRSKG->MACAS Rejected 6, in %: 100
ID:314 GRSKG->ILHFA Rejected 19, in %: 100
ID:315 GRSKG->PTLEI Rejected 12, in %: 100
ID:316 GRSKG->ESAGP Rejected 4, in %: 100
ID:317 GRSKG->TRMER Rejected 6, in %: 100
ID:318 GRSKG->EGPSD Rejected 25, in %: 100
ID:319 GRSKG->MAPTM Rejected 6, in %: 100
ID:320 GRSKG->DZSKI Rejected 12, in %: 100
ID:321 GRSKG->TNTUN Rejected 4, in %: 100
ID:322 ITTRS->EGALY Rejected 10, in %: 100
ID:323 ITTRS->DZALG Rejected 11, in %: 100
ID:324 ITTRS->MACAS Rejected 9, in %: 100
ID:325 ITTRS->PTLEI Rejected 11, in %: 100
ID:326 ITTRS->EGPSD Rejected 29, in %: 100
ID:327 ITTRS->MAPTM Rejected 1, in %: 100
ID:328 ITTRS->TNTUN Rejected 18, in %: 100
ID:337 ESVLC->MAAGA Rejected 6, in %: 100
ID:339 ESVLC->PTLEI Rejected 7, in %: 100
ID:346 BGVAR->ESBCN Rejected 8, in %: 100
ID:349 BGVAR->SYLTK Rejected 31, in %: 100
ID:355 ESVGO->EGALY Rejected 6, in %: 100
ID:356 ESVGO->ESALG Rejected 6, in %: 100
ID:357 ESVGO->ESAGP Rejected 5, in %: 100
ID:358 ESVGO->DZORN Rejected 2, in %: 100
ID:359 ESVGO->GRPIR Rejected 3, in %: 100
ID:360 ESVGO->EGPSD Rejected 5, in %: 100
ID:361 ESVGO->MAPTM Rejected 2, in %: 100
ID:362 ESVGO->GRSKG Rejected 17, in %: 100
ID:363 ESVGO->TNTUN Rejected 17, in %: 100
ID:364 ESVGO->BGVAR Rejected 16, in %: 100
*********************************************
Objective value: -2.14856e+06  Objective value without penalty: -655564
 Half year Objective (FERNANDO) -5.37141e+07
Vessel Class cost: 1.071e+06
Bunker idle burn cost: 66300
fuel_burn: 779359
Port Call Cost: 505268
Canal costs 0
Revenue: 4.25462e+06
Penalty: 1.493e+06
Handling cost: 2.48826e+06
transported % 80.2121
deployment % 100
0.791618 service id 0
0.806296 service id 2
0.822716 service id 1
0.825833 service id 3
 total 1423 accepted 521 acceptance percentage 0.366128 k 9
-5.37141e+07 & -2.14856e+06 & 47.4839 & 100 & 80.2121 & 219.05
Time 219.05
Time 219.052428
