*********************Best found solution********************************
service 0 service id 0
capacity 450
 # vessels 7
 Butterfly rotation 
20	GHTKD	Takoradi
1	ESALG	Algeciras
3	GWOXB	Bissau
5	GNCKY	Conakry
10	SLFNA	Freetown
1	ESALG	Algeciras
16	LRMLW	Monrovia

 speed 11.0605
 voyage distance nautical miles 11149
 voyage duration in weeks 7
 Port call cost 177554
 Bunker idle burn in Ton 16.8
 Bunker fuel burn in Ton 618.286
 Total bunker cost at 600 USD for one round trip 381052
 Total TC cost 196000
service 1 service id 1
capacity 800
 # vessels 6
 Butterfly rotation 
6	BJCOO	Cotonou
0	CIABJ	Abidjan
1	ESALG	Algeciras
7	SNDKR	Dakar
1	ESALG	Algeciras
13	TGLFW	Lome

 speed 10.2778
 voyage distance nautical miles 8880
 voyage duration in weeks 6
 Port call cost 58579
 Bunker idle burn in Ton 15
 Bunker fuel burn in Ton 337.57
 Total bunker cost at 600 USD for one round trip 211542
 Total TC cost 252000
service 2 service id 2
capacity 800
 # vessels 3
6	BJCOO	Cotonou
1	ESALG	Algeciras

 speed 12.9474
 voyage distance nautical miles 5904
 voyage duration in weeks 3
 Port call cost 15086
 Bunker idle burn in Ton 5
 Bunker fuel burn in Ton 356.174
 Total bunker cost at 600 USD for one round trip 216704
 Total TC cost 126000
service 3 service id 3
capacity 800
 # vessels 4
6	BJCOO	Cotonou
2	NGAPP	Apapa
1	ESALG	Algeciras

 speed 10.0267
 voyage distance nautical miles 6016
 voyage duration in weeks 4
 Port call cost 58874
 Bunker idle burn in Ton 7.5
 Bunker fuel burn in Ton 217.658
 Total bunker cost at 600 USD for one round trip 135095
 Total TC cost 168000
service 4 service id 4
capacity 450
 # vessels 3
 Butterfly rotation 
17	CGPNR	Pointe Noire
2	NGAPP	Apapa
9	CMDLA	Douala
11	GALBV	Libreville
2	NGAPP	Apapa
14	AOLAD	Luanda

 speed 10
 voyage distance nautical miles 3400
 voyage duration in weeks 2.88095
 Port call cost 229717
 Bunker idle burn in Ton 14.4
 Bunker fuel burn in Ton 154.128
 Total bunker cost at 600 USD for one round trip 101117
 Total TC cost 84000
service 5 service id 5
capacity 450
 # vessels 5
1	ESALG	Algeciras
14	AOLAD	Luanda
6	BJCOO	Cotonou
20	GHTKD	Takoradi

 speed 10.6935
 voyage distance nautical miles 7956
 voyage duration in weeks 5
 Port call cost 64908
 Bunker idle burn in Ton 9.6
 Bunker fuel burn in Ton 412.422
 Total bunker cost at 600 USD for one round trip 253213
 Total TC cost 140000
service 6 service id 6
capacity 800
 # vessels 4
6	BJCOO	Cotonou
2	NGAPP	Apapa
1	ESALG	Algeciras

 speed 10.0267
 voyage distance nautical miles 6016
 voyage duration in weeks 4
 Port call cost 58874
 Bunker idle burn in Ton 7.5
 Bunker fuel burn in Ton 217.658
 Total bunker cost at 600 USD for one round trip 135095
 Total TC cost 168000
service 7 service id 7
capacity 800
 # vessels 9
 Butterfly rotation 
4	CDBOA	Boma
12	AOLOB	Lobito
0	CIABJ	Abidjan
1	ESALG	Algeciras
6	BJCOO	Cotonou
2	NGAPP	Apapa
1	ESALG	Algeciras
15	CDMAT	Matadi

 speed 11.072
 voyage distance nautical miles 14615
 voyage duration in weeks 9
 Port call cost 305118
 Bunker idle burn in Ton 20
 Bunker fuel burn in Ton 644.765
 Total bunker cost at 600 USD for one round trip 398859
 Total TC cost 378000
 ------------------Flow Solution ---------------------- 
ID:0 CIABJ->ESALG Transported 326, trans in %: 100
 Path CIABJ_1->ESALG_1
ID:1 ESALG->CIABJ Transported 209, trans in %: 65.9306
 Path ESALG_7->CIABJ_7
ID:2 ESALG->NGAPP Transported 265, trans in %: 16.8468
 Path ESALG_7->NGAPP_7
ID:3 ESALG->GWOXB Transported 5, trans in %: 100
 Path ESALG_0->GWOXB_0
ID:4 ESALG->CDBOA Transported 60, trans in %: 100
 Path ESALG_7->CDBOA_7
ID:5 ESALG->GNCKY Transported 267, trans in %: 100
 Path ESALG_0->GNCKY_0
ID:7 ESALG->SNDKR Transported 565, trans in %: 100
 Path ESALG_1->SNDKR_1
ID:9 ESALG->CMDLA Transported 274, trans in %: 100
 Path ESALG_7->NGAPP_7
NGAPP_4->CMDLA_4
ID:10 ESALG->SLFNA Transported 101, trans in %: 100
 Path ESALG_0->SLFNA_0
ID:11 ESALG->GALBV Transported 128, trans in %: 100
 Path ESALG_7->NGAPP_7
NGAPP_4->GALBV_4
ID:12 ESALG->AOLOB Transported 311, trans in %: 100
 Path ESALG_7->AOLOB_7
ID:13 ESALG->TGLFW Transported 412, trans in %: 100
 Path ESALG_1->TGLFW_1
ID:14 ESALG->AOLAD Transported 404, trans in %: 58.046
 Path ESALG_5->AOLAD_5
ID:15 ESALG->CDMAT Transported 220, trans in %: 100
 Path ESALG_7->CDMAT_7
ID:16 ESALG->LRMLW Transported 142, trans in %: 100
 Path ESALG_0->LRMLW_0
ID:17 ESALG->CGPNR Transported 133, trans in %: 100
 Path ESALG_7->NGAPP_7
NGAPP_4->CGPNR_4
ID:19 ESALG->GHTKD Transported 46, trans in %: 5.85987
 Path ESALG_5->GHTKD_5
ID:20 NGAPP->ESALG Transported 88, trans in %: 100
 Path NGAPP_3->ESALG_3
ID:21 GWOXB->ESALG Transported 40, trans in %: 100
 Path GWOXB_0->ESALG_0
ID:22 GNCKY->ESALG Transported 59, trans in %: 100
 Path GNCKY_0->ESALG_0
ID:24 SNDKR->ESALG Transported 189, trans in %: 100
 Path SNDKR_1->ESALG_1
ID:26 CMDLA->ESALG Transported 286, trans in %: 100
 Path CMDLA_4->NGAPP_4
NGAPP_6->ESALG_6
ID:27 SLFNA->ESALG Transported 16, trans in %: 100
 Path SLFNA_0->ESALG_0
ID:28 GALBV->ESALG Transported 54, trans in %: 100
 Path GALBV_4->NGAPP_4
NGAPP_7->ESALG_7
ID:29 AOLOB->ESALG Transported 51, trans in %: 100
 Path AOLOB_7->ESALG_7
ID:30 TGLFW->ESALG Transported 140, trans in %: 100
 Path TGLFW_1->ESALG_1
ID:31 AOLAD->ESALG Transported 2, trans in %: 100
 Path AOLAD_4->NGAPP_4
NGAPP_6->ESALG_6
ID:32 CDMAT->ESALG Transported 17, trans in %: 100
 Path CDMAT_7->ESALG_7
ID:33 LRMLW->ESALG Transported 52, trans in %: 100
 Path LRMLW_0->ESALG_0
ID:34 CGPNR->ESALG Transported 19, trans in %: 100
 Path CGPNR_4->NGAPP_4
NGAPP_7->ESALG_7
ID:36 GHTKD->ESALG Transported 227, trans in %: 100
 Path GHTKD_0->ESALG_0
ID:1 ESALG->CIABJ Transported 108, trans in %: 34.0694
 Path ESALG_1->CIABJ_1
ID:2 ESALG->NGAPP Transported 800, trans in %: 50.8582
 Path ESALG_6->NGAPP_6
ID:19 ESALG->GHTKD Transported 308, trans in %: 39.2357
 Path ESALG_0->GHTKD_0
ID:2 ESALG->NGAPP Transported 508, trans in %: 32.295
 Path ESALG_3->NGAPP_3
ID:6 ESALG->BJCOO Transported 280, trans in %: 40.9956
 Path ESALG_1->BJCOO_1
ID:14 ESALG->AOLAD Transported 292, trans in %: 41.954
 Path ESALG_3->NGAPP_3
NGAPP_4->AOLAD_4
ID:6 ESALG->BJCOO Transported 403, trans in %: 59.0044
 Path ESALG_2->BJCOO_2
ID:19 ESALG->GHTKD Transported 397, trans in %: 50.5732
 Path ESALG_2->BJCOO_2
BJCOO_5->GHTKD_5
ID:23 BJCOO->ESALG Transported 94, trans in %: 100
 Path BJCOO_1->ESALG_1
 *************** Rejected *****************
ID:8 ESALG->DJJIB Rejected 162, in %: 100
ID:18 ESALG->GAPOG Rejected 2, in %: 100
ID:19 ESALG->GHTKD Rejected 34, in %: 4.33121
ID:25 DJJIB->ESALG Rejected 37, in %: 100
ID:35 GAPOG->ESALG Rejected 8, in %: 100
*********************************************
Objective value: 6.42445e+06  Objective value without penalty: 6.66745e+06
 Half year Objective (FERNANDO) 1.60611e+08
Vessel Class cost: 1.512e+06
Bunker idle burn cost: 57480
fuel_burn: 1.7752e+06
Port Call Cost: 968710
Canal costs 0
Revenue: 1.46284e+07
Penalty: 243000
Handling cost: 3.64751e+06
transported % 97.1549
deployment % 80.3922
0.5 service id 2
0.521667 service id 5
0.6175 service id 7
0.621667 service id 1
0.643333 service id 4
0.693651 service id 0
0.703333 service id 3
0.786667 service id 6
 total 4791 accepted 727 acceptance percentage 0.151743 k 11
1.60611e+08 & 6.42445e+06 & -537.763 & 80.3922 & 97.1549 & 97.9728
Time 97.9728
Time 97.972836
