
Seed = 1397858160
*********************Best found solution********************************
service 0 service id 0
capacity 800
 # vessels 7
 Butterfly rotation 
1	ESALG	Algeciras
7	SNDKR	Dakar
1	ESALG	Algeciras
6	BJCOO	Cotonou
15	CDMAT	Matadi
4	CDBOA	Boma

 speed 10.6172
 voyage distance nautical miles 10957
 voyage duration in weeks 7
 Port call cost 183656
 Bunker idle burn in Ton 15
 Bunker fuel burn in Ton 444.497
 Total bunker cost at 600 USD for one round trip 275698
 Total TC cost 392000
service 1 service id 1
capacity 800
 # vessels 5
1	ESALG	Algeciras
6	BJCOO	Cotonou
12	AOLOB	Lobito
17	CGPNR	Pointe Noire
0	CIABJ	Abidjan

 speed 11.6375
 voyage distance nautical miles 8379
 voyage duration in weeks 5
 Port call cost 125746
 Bunker idle burn in Ton 12.5
 Bunker fuel burn in Ton 408.38
 Total bunker cost at 600 USD for one round trip 252528
 Total TC cost 280000
service 2 service id 2
capacity 450
 # vessels 7
 Butterfly rotation 
1	ESALG	Algeciras
5	GNCKY	Conakry
16	LRMLW	Monrovia
1	ESALG	Algeciras
10	SLFNA	Freetown
20	GHTKD	Takoradi
13	TGLFW	Lome
11	GALBV	Libreville
14	AOLAD	Luanda

 speed 13.1052
 voyage distance nautical miles 12581
 voyage duration in weeks 7
 Port call cost 287318
 Bunker idle burn in Ton 21.6
 Bunker fuel burn in Ton 979.503
 Total bunker cost at 600 USD for one round trip 600662
 Total TC cost 245000
service 3 service id 3
capacity 450
 # vessels 1
9	CMDLA	Douala
2	NGAPP	Apapa

 speed 10
 voyage distance nautical miles 898
 voyage duration in weeks 0.820238
 Port call cost 68260
 Bunker idle burn in Ton 4.8
 Bunker fuel burn in Ton 40.7079
 Total bunker cost at 600 USD for one round trip 27304.8
 Total TC cost 35000
service 4 service id 4
capacity 800
 # vessels 6
 Butterfly rotation 
1	ESALG	Algeciras
0	CIABJ	Abidjan
13	TGLFW	Lome
1	ESALG	Algeciras
2	NGAPP	Apapa

 speed 13.259
 voyage distance nautical miles 11774
 voyage duration in weeks 6
 Port call cost 86384
 Bunker idle burn in Ton 12.5
 Bunker fuel burn in Ton 744.902
 Total bunker cost at 600 USD for one round trip 454441
 Total TC cost 336000
service 5 service id 5
capacity 450
 # vessels 5
1	ESALG	Algeciras
14	AOLAD	Luanda
2	NGAPP	Apapa
20	GHTKD	Takoradi

 speed 10.7567
 voyage distance nautical miles 8003
 voyage duration in weeks 5
 Port call cost 100033
 Bunker idle burn in Ton 9.6
 Bunker fuel burn in Ton 419.774
 Total bunker cost at 600 USD for one round trip 257624
 Total TC cost 175000
service 6 service id 6
capacity 800
 # vessels 3
1	ESALG	Algeciras
2	NGAPP	Apapa

 speed 13.1579
 voyage distance nautical miles 6000
 voyage duration in weeks 3
 Port call cost 53361
 Bunker idle burn in Ton 5
 Bunker fuel burn in Ton 373.833
 Total bunker cost at 600 USD for one round trip 227300
 Total TC cost 168000
service 7 service id 7
capacity 800
 # vessels 4
0	CIABJ	Abidjan
2	NGAPP	Apapa
1	ESALG	Algeciras

 speed 10.0267
 voyage distance nautical miles 6016
 voyage duration in weeks 4
 Port call cost 68399
 Bunker idle burn in Ton 7.5
 Bunker fuel burn in Ton 217.658
 Total bunker cost at 600 USD for one round trip 135095
 Total TC cost 224000
 ------------------Flow Solution ---------------------- 
ID:0 CIABJ->ESALG Transported 326, trans in %: 100
 Path CIABJ_1->ESALG_1
ID:1 ESALG->CIABJ Transported 103, trans in %: 32.4921
 Path ESALG_7->CIABJ_7
ID:2 ESALG->NGAPP Transported 800, trans in %: 50.8582
 Path ESALG_4->NGAPP_4
ID:4 ESALG->CDBOA Transported 60, trans in %: 100
 Path ESALG_0->CDBOA_0
ID:5 ESALG->GNCKY Transported 267, trans in %: 100
 Path ESALG_2->GNCKY_2
ID:6 ESALG->BJCOO Transported 163, trans in %: 23.8653
 Path ESALG_1->BJCOO_1
ID:7 ESALG->SNDKR Transported 565, trans in %: 100
 Path ESALG_0->SNDKR_0
ID:10 ESALG->SLFNA Transported 101, trans in %: 100
 Path ESALG_2->SLFNA_2
ID:11 ESALG->GALBV Transported 14, trans in %: 10.9375
 Path ESALG_2->GALBV_2
ID:12 ESALG->AOLOB Transported 311, trans in %: 100
 Path ESALG_1->AOLOB_1
ID:15 ESALG->CDMAT Transported 220, trans in %: 100
 Path ESALG_0->CDMAT_0
ID:16 ESALG->LRMLW Transported 142, trans in %: 100
 Path ESALG_2->LRMLW_2
ID:17 ESALG->CGPNR Transported 133, trans in %: 100
 Path ESALG_1->CGPNR_1
ID:19 ESALG->GHTKD Transported 335, trans in %: 42.6752
 Path ESALG_2->GHTKD_2
ID:20 NGAPP->ESALG Transported 88, trans in %: 100
 Path NGAPP_7->ESALG_7
ID:22 GNCKY->ESALG Transported 59, trans in %: 100
 Path GNCKY_2->ESALG_2
ID:23 BJCOO->ESALG Transported 94, trans in %: 100
 Path BJCOO_0->ESALG_0
ID:24 SNDKR->ESALG Transported 189, trans in %: 100
 Path SNDKR_0->ESALG_0
ID:26 CMDLA->ESALG Transported 286, trans in %: 100
 Path CMDLA_3->NGAPP_3
NGAPP_4->ESALG_4
ID:27 SLFNA->ESALG Transported 16, trans in %: 100
 Path SLFNA_2->ESALG_2
ID:28 GALBV->ESALG Transported 54, trans in %: 100
 Path GALBV_2->ESALG_2
ID:29 AOLOB->ESALG Transported 51, trans in %: 100
 Path AOLOB_1->ESALG_1
ID:30 TGLFW->ESALG Transported 140, trans in %: 100
 Path TGLFW_4->ESALG_4
ID:31 AOLAD->ESALG Transported 2, trans in %: 100
 Path AOLAD_2->ESALG_2
ID:32 CDMAT->ESALG Transported 17, trans in %: 100
 Path CDMAT_0->ESALG_0
ID:33 LRMLW->ESALG Transported 52, trans in %: 100
 Path LRMLW_2->ESALG_2
ID:34 CGPNR->ESALG Transported 19, trans in %: 100
 Path CGPNR_1->ESALG_1
ID:36 GHTKD->ESALG Transported 227, trans in %: 100
 Path GHTKD_5->ESALG_5
ID:2 ESALG->NGAPP Transported 247, trans in %: 15.7025
 Path ESALG_7->NGAPP_7
ID:6 ESALG->BJCOO Transported 520, trans in %: 76.1347
 Path ESALG_0->BJCOO_0
ID:13 ESALG->TGLFW Transported 412, trans in %: 100
 Path ESALG_4->TGLFW_4
ID:14 ESALG->AOLAD Transported 450, trans in %: 64.6552
 Path ESALG_5->AOLAD_5
ID:19 ESALG->GHTKD Transported 450, trans in %: 57.3248
 Path ESALG_7->NGAPP_7
NGAPP_5->GHTKD_5
ID:1 ESALG->CIABJ Transported 21, trans in %: 6.62461
 Path ESALG_4->CIABJ_4
ID:2 ESALG->NGAPP Transported 526, trans in %: 33.4393
 Path ESALG_6->NGAPP_6
ID:9 ESALG->CMDLA Transported 274, trans in %: 100
 Path ESALG_6->NGAPP_6
NGAPP_3->CMDLA_3
ID:11 ESALG->GALBV Transported 114, trans in %: 89.0625
 Path ESALG_4->TGLFW_4
TGLFW_2->GALBV_2
ID:14 ESALG->AOLAD Transported 246, trans in %: 35.3448
 Path ESALG_4->TGLFW_4
TGLFW_2->AOLAD_2
ID:1 ESALG->CIABJ Transported 193, trans in %: 60.8833
 Path ESALG_1->CIABJ_1
 *************** Rejected *****************
ID:3 ESALG->GWOXB Rejected 5, in %: 100
ID:8 ESALG->DJJIB Rejected 162, in %: 100
ID:18 ESALG->GAPOG Rejected 2, in %: 100
ID:21 GWOXB->ESALG Rejected 40, in %: 100
ID:25 DJJIB->ESALG Rejected 37, in %: 100
ID:35 GAPOG->ESALG Rejected 8, in %: 100
*********************************************
Objective value: 5.59038e+06  Objective value without penalty: 5.84438e+06
 Half year Objective (FERNANDO) 1.3976e+08
Vessel Class cost: 1.855e+06
Bunker idle burn cost: 53100
fuel_burn: 2.17755e+06
Port Call Cost: 973157
Canal costs 0
Revenue: 1.45812e+07
Penalty: 254000
Handling cost: 3.67804e+06
transported % 97.0261
deployment % 90.4762
0.460417 service id 0
0.5 service id 6
0.578765 service id 2
0.61825 service id 1
0.622222 service id 3
0.626111 service id 5
0.660417 service id 7
0.69775 service id 4
 total 4721 accepted 761 acceptance percentage 0.161195 k 6
1.3976e+08 & 5.59038e+06 & -279.775 & 90.4762 & 97.0261 & 92.5594
Time 92.5594
Time 92.559948
